<?xml version="1.0" encoding="utf-8"?>
<coverage line-rate="0.0886" branch-rate="0.035" version="1.9" timestamp="1776325417" lines-covered="180" lines-valid="2031" branches-covered="23" branches-valid="657">
  <sources>
    <source>/home/luciano/git/NexJob/src/</source>
  </sources>
  <packages>
    <package name="NexJob.Trigger.AwsSqs" line-rate="0.8332999999999999" branch-rate="0.8181" complexity="38">
      <classes>
        <class name="NexJob.Trigger.AwsSqs.AwsSqsTrigger" filename="NexJob.Trigger.AwsSqs/AwsSqsTrigger.cs" line-rate="1" branch-rate="1" complexity="8">
          <methods>
            <method name="StartAsync" signature="(System.Threading.CancellationToken)" line-rate="1" branch-rate="1" complexity="1">
              <lines>
                <line number="52" hits="5" branch="False" />
                <line number="53" hits="10" branch="False" />
                <line number="55" hits="5" branch="False" />
                <line number="56" hits="5" branch="False" />
                <line number="57" hits="5" branch="False" />
                <line number="58" hits="5" branch="False" />
                <line number="60" hits="5" branch="False" />
              </lines>
            </method>
            <method name="ExtractTraceparent" signature="(Amazon.SQS.Model.Message)" line-rate="1" branch-rate="1" complexity="6">
              <lines>
                <line number="89" hits="4" branch="True" condition-coverage="100% (6/6)">
                  <conditions>
                    <condition number="18" type="jump" coverage="100%" />
                    <condition number="21" type="jump" coverage="100%" />
                    <condition number="34" type="jump" coverage="100%" />
                  </conditions>
                </line>
                <line number="90" hits="4" branch="False" />
                <line number="91" hits="4" branch="False" />
                <line number="93" hits="1" branch="False" />
                <line number="96" hits="3" branch="False" />
              </lines>
            </method>
            <method name=".ctor" signature="(Microsoft.Extensions.Options.IOptions`1&lt;NexJob.Trigger.AwsSqs.AwsSqsTriggerOptions&gt;,NexJob.Trigger.AwsSqs.ISqsClient,NexJob.IScheduler,NexJob.NexJobOptions,Microsoft.Extensions.Logging.ILogger`1&lt;NexJob.Trigger.AwsSqs.AwsSqsTrigger&gt;)" line-rate="1" branch-rate="1" complexity="1">
              <lines>
                <line number="33" hits="5" branch="False" />
                <line number="34" hits="5" branch="False" />
                <line number="35" hits="5" branch="False" />
                <line number="36" hits="5" branch="False" />
                <line number="37" hits="5" branch="False" />
                <line number="38" hits="5" branch="False" />
                <line number="40" hits="5" branch="False" />
                <line number="41" hits="5" branch="False" />
                <line number="42" hits="5" branch="False" />
                <line number="43" hits="5" branch="False" />
                <line number="44" hits="5" branch="False" />
                <line number="45" hits="5" branch="False" />
              </lines>
            </method>
          </methods>
          <lines>
            <line number="52" hits="5" branch="False" />
            <line number="53" hits="10" branch="False" />
            <line number="55" hits="5" branch="False" />
            <line number="56" hits="5" branch="False" />
            <line number="57" hits="5" branch="False" />
            <line number="58" hits="5" branch="False" />
            <line number="60" hits="5" branch="False" />
            <line number="89" hits="4" branch="True" condition-coverage="100% (6/6)">
              <conditions>
                <condition number="18" type="jump" coverage="100%" />
                <condition number="21" type="jump" coverage="100%" />
                <condition number="34" type="jump" coverage="100%" />
              </conditions>
            </line>
            <line number="90" hits="4" branch="False" />
            <line number="91" hits="4" branch="False" />
            <line number="93" hits="1" branch="False" />
            <line number="96" hits="3" branch="False" />
            <line number="33" hits="5" branch="False" />
            <line number="34" hits="5" branch="False" />
            <line number="35" hits="5" branch="False" />
            <line number="36" hits="5" branch="False" />
            <line number="37" hits="5" branch="False" />
            <line number="38" hits="5" branch="False" />
            <line number="40" hits="5" branch="False" />
            <line number="41" hits="5" branch="False" />
            <line number="42" hits="5" branch="False" />
            <line number="43" hits="5" branch="False" />
            <line number="44" hits="5" branch="False" />
            <line number="45" hits="5" branch="False" />
          </lines>
        </class>
        <class name="NexJob.Trigger.AwsSqs.AwsSqsTrigger/&lt;ExtendVisibilityAsync&gt;d__13" filename="NexJob.Trigger.AwsSqs/AwsSqsTrigger.cs" line-rate="0.7306999999999999" branch-rate="0.5" complexity="4">
          <methods>
            <method name="MoveNext" signature="()" line-rate="0.7306999999999999" branch-rate="0.5" complexity="4">
              <lines>
                <line number="229" hits="8" branch="True" condition-coverage="50% (1/2)">
                  <conditions>
                    <condition number="407" type="jump" coverage="50%" />
                  </conditions>
                </line>
                <line number="231" hits="8" branch="False" />
                <line number="232" hits="8" branch="False" />
                <line number="233" hits="8" branch="False" />
                <line number="235" hits="4" branch="True" condition-coverage="50% (1/2)">
                  <conditions>
                    <condition number="168" type="jump" coverage="50%" />
                  </conditions>
                </line>
                <line number="240" hits="4" branch="False" />
                <line number="241" hits="4" branch="False" />
                <line number="242" hits="4" branch="False" />
                <line number="243" hits="4" branch="False" />
                <line number="244" hits="4" branch="False" />
                <line number="245" hits="4" branch="False" />
                <line number="247" hits="4" branch="False" />
                <line number="248" hits="4" branch="False" />
                <line number="250" hits="4" branch="False" />
                <line number="251" hits="4" branch="False" />
                <line number="252" hits="4" branch="False" />
                <line number="254" hits="0" branch="False" />
                <line number="255" hits="4" branch="False" />
                <line number="258" hits="4" branch="False" />
                <line number="259" hits="0" branch="False" />
                <line number="262" hits="0" branch="False" />
                <line number="263" hits="0" branch="False" />
                <line number="264" hits="0" branch="False" />
                <line number="265" hits="0" branch="False" />
                <line number="266" hits="0" branch="False" />
                <line number="267" hits="4" branch="False" />
              </lines>
            </method>
          </methods>
          <lines>
            <line number="229" hits="8" branch="True" condition-coverage="50% (1/2)">
              <conditions>
                <condition number="407" type="jump" coverage="50%" />
              </conditions>
            </line>
            <line number="231" hits="8" branch="False" />
            <line number="232" hits="8" branch="False" />
            <line number="233" hits="8" branch="False" />
            <line number="235" hits="4" branch="True" condition-coverage="50% (1/2)">
              <conditions>
                <condition number="168" type="jump" coverage="50%" />
              </conditions>
            </line>
            <line number="240" hits="4" branch="False" />
            <line number="241" hits="4" branch="False" />
            <line number="242" hits="4" branch="False" />
            <line number="243" hits="4" branch="False" />
            <line number="244" hits="4" branch="False" />
            <line number="245" hits="4" branch="False" />
            <line number="247" hits="4" branch="False" />
            <line number="248" hits="4" branch="False" />
            <line number="250" hits="4" branch="False" />
            <line number="251" hits="4" branch="False" />
            <line number="252" hits="4" branch="False" />
            <line number="254" hits="0" branch="False" />
            <line number="255" hits="4" branch="False" />
            <line number="258" hits="4" branch="False" />
            <line number="259" hits="0" branch="False" />
            <line number="262" hits="0" branch="False" />
            <line number="263" hits="0" branch="False" />
            <line number="264" hits="0" branch="False" />
            <line number="265" hits="0" branch="False" />
            <line number="266" hits="0" branch="False" />
            <line number="267" hits="4" branch="False" />
          </lines>
        </class>
        <class name="NexJob.Trigger.AwsSqs.AwsSqsTrigger/&lt;PollLoopAsync&gt;d__11" filename="NexJob.Trigger.AwsSqs/AwsSqsTrigger.cs" line-rate="0.8571" branch-rate="1" complexity="4">
          <methods>
            <method name="MoveNext" signature="()" line-rate="0.8571" branch-rate="1" complexity="4">
              <lines>
                <line number="104" hits="461" branch="True" condition-coverage="100% (2/2)">
                  <conditions>
                    <condition number="697" type="jump" coverage="100%" />
                  </conditions>
                </line>
                <line number="108" hits="458" branch="False" />
                <line number="109" hits="458" branch="False" />
                <line number="110" hits="458" branch="False" />
                <line number="111" hits="458" branch="False" />
                <line number="112" hits="458" branch="False" />
                <line number="113" hits="458" branch="False" />
                <line number="114" hits="458" branch="False" />
                <line number="115" hits="458" branch="False" />
                <line number="117" hits="458" branch="False" />
                <line number="118" hits="458" branch="False" />
                <line number="119" hits="458" branch="False" />
                <line number="121" hits="922" branch="True" condition-coverage="100% (2/2)">
                  <conditions>
                    <condition number="424" type="jump" coverage="100%" />
                  </conditions>
                </line>
                <line number="123" hits="4" branch="False" />
                <line number="125" hits="456" branch="False" />
                <line number="126" hits="2" branch="False" />
                <line number="129" hits="2" branch="False" />
                <line number="131" hits="0" branch="False" />
                <line number="133" hits="0" branch="False" />
                <line number="136" hits="0" branch="False" />
                <line number="139" hits="5" branch="False" />
              </lines>
            </method>
          </methods>
          <lines>
            <line number="104" hits="461" branch="True" condition-coverage="100% (2/2)">
              <conditions>
                <condition number="697" type="jump" coverage="100%" />
              </conditions>
            </line>
            <line number="108" hits="458" branch="False" />
            <line number="109" hits="458" branch="False" />
            <line number="110" hits="458" branch="False" />
            <line number="111" hits="458" branch="False" />
            <line number="112" hits="458" branch="False" />
            <line number="113" hits="458" branch="False" />
            <line number="114" hits="458" branch="False" />
            <line number="115" hits="458" branch="False" />
            <line number="117" hits="458" branch="False" />
            <line number="118" hits="458" branch="False" />
            <line number="119" hits="458" branch="False" />
            <line number="121" hits="922" branch="True" condition-coverage="100% (2/2)">
              <conditions>
                <condition number="424" type="jump" coverage="100%" />
              </conditions>
            </line>
            <line number="123" hits="4" branch="False" />
            <line number="125" hits="456" branch="False" />
            <line number="126" hits="2" branch="False" />
            <line number="129" hits="2" branch="False" />
            <line number="131" hits="0" branch="False" />
            <line number="133" hits="0" branch="False" />
            <line number="136" hits="0" branch="False" />
            <line number="139" hits="5" branch="False" />
          </lines>
        </class>
        <class name="NexJob.Trigger.AwsSqs.AwsSqsTrigger/&lt;ProcessMessageAsync&gt;d__12" filename="NexJob.Trigger.AwsSqs/AwsSqsTrigger.cs" line-rate="1" branch-rate="0.5" complexity="2">
          <methods>
            <method name="MoveNext" signature="()" line-rate="1" branch-rate="0.5" complexity="2">
              <lines>
                <line number="146" hits="4" branch="False" />
                <line number="147" hits="4" branch="False" />
                <line number="149" hits="4" branch="False" />
                <line number="152" hits="4" branch="False" />
                <line number="153" hits="4" branch="False" />
                <line number="158" hits="4" branch="False" />
                <line number="167" hits="4" branch="True" condition-coverage="50% (1/2)">
                  <conditions>
                    <condition number="253" type="jump" coverage="50%" />
                  </conditions>
                </line>
                <line number="168" hits="4" branch="False" />
                <line number="169" hits="4" branch="False" />
                <line number="170" hits="4" branch="False" />
                <line number="171" hits="4" branch="False" />
                <line number="172" hits="4" branch="False" />
                <line number="173" hits="4" branch="False" />
                <line number="174" hits="4" branch="False" />
                <line number="175" hits="4" branch="False" />
                <line number="176" hits="4" branch="False" />
                <line number="177" hits="4" branch="False" />
                <line number="178" hits="4" branch="False" />
                <line number="179" hits="4" branch="False" />
                <line number="182" hits="4" branch="False" />
                <line number="185" hits="3" branch="False" />
                <line number="186" hits="3" branch="False" />
                <line number="187" hits="3" branch="False" />
                <line number="188" hits="3" branch="False" />
                <line number="189" hits="3" branch="False" />
                <line number="191" hits="3" branch="False" />
                <line number="193" hits="1" branch="False" />
                <line number="194" hits="1" branch="False" />
                <line number="195" hits="1" branch="False" />
                <line number="196" hits="1" branch="False" />
                <line number="197" hits="1" branch="False" />
                <line number="198" hits="2" branch="False" />
                <line number="201" hits="2" branch="False" />
                <line number="202" hits="2" branch="False" />
                <line number="204" hits="1" branch="False" />
                <line number="209" hits="1" branch="False" />
                <line number="210" hits="1" branch="False" />
                <line number="211" hits="1" branch="False" />
                <line number="212" hits="1" branch="False" />
                <line number="213" hits="1" branch="False" />
                <line number="217" hits="4" branch="False" />
                <line number="218" hits="4" branch="False" />
                <line number="220" hits="2" branch="False" />
              </lines>
            </method>
          </methods>
          <lines>
            <line number="146" hits="4" branch="False" />
            <line number="147" hits="4" branch="False" />
            <line number="149" hits="4" branch="False" />
            <line number="152" hits="4" branch="False" />
            <line number="153" hits="4" branch="False" />
            <line number="158" hits="4" branch="False" />
            <line number="167" hits="4" branch="True" condition-coverage="50% (1/2)">
              <conditions>
                <condition number="253" type="jump" coverage="50%" />
              </conditions>
            </line>
            <line number="168" hits="4" branch="False" />
            <line number="169" hits="4" branch="False" />
            <line number="170" hits="4" branch="False" />
            <line number="171" hits="4" branch="False" />
            <line number="172" hits="4" branch="False" />
            <line number="173" hits="4" branch="False" />
            <line number="174" hits="4" branch="False" />
            <line number="175" hits="4" branch="False" />
            <line number="176" hits="4" branch="False" />
            <line number="177" hits="4" branch="False" />
            <line number="178" hits="4" branch="False" />
            <line number="179" hits="4" branch="False" />
            <line number="182" hits="4" branch="False" />
            <line number="185" hits="3" branch="False" />
            <line number="186" hits="3" branch="False" />
            <line number="187" hits="3" branch="False" />
            <line number="188" hits="3" branch="False" />
            <line number="189" hits="3" branch="False" />
            <line number="191" hits="3" branch="False" />
            <line number="193" hits="1" branch="False" />
            <line number="194" hits="1" branch="False" />
            <line number="195" hits="1" branch="False" />
            <line number="196" hits="1" branch="False" />
            <line number="197" hits="1" branch="False" />
            <line number="198" hits="2" branch="False" />
            <line number="201" hits="2" branch="False" />
            <line number="202" hits="2" branch="False" />
            <line number="204" hits="1" branch="False" />
            <line number="209" hits="1" branch="False" />
            <line number="210" hits="1" branch="False" />
            <line number="211" hits="1" branch="False" />
            <line number="212" hits="1" branch="False" />
            <line number="213" hits="1" branch="False" />
            <line number="217" hits="4" branch="False" />
            <line number="218" hits="4" branch="False" />
            <line number="220" hits="2" branch="False" />
          </lines>
        </class>
        <class name="NexJob.Trigger.AwsSqs.AwsSqsTrigger/&lt;StopAsync&gt;d__9" filename="NexJob.Trigger.AwsSqs/AwsSqsTrigger.cs" line-rate="1" branch-rate="0.8332999999999999" complexity="6">
          <methods>
            <method name="MoveNext" signature="()" line-rate="1" branch-rate="0.8332999999999999" complexity="6">
              <lines>
                <line number="68" hits="5" branch="True" condition-coverage="100% (2/2)">
                  <conditions>
                    <condition number="30" type="jump" coverage="100%" />
                  </conditions>
                </line>
                <line number="70" hits="5" branch="False" />
                <line number="73" hits="5" branch="True" condition-coverage="100% (2/2)">
                  <conditions>
                    <condition number="143" type="jump" coverage="100%" />
                  </conditions>
                </line>
                <line number="75" hits="5" branch="False" />
                <line number="78" hits="5" branch="True" condition-coverage="50% (1/2)">
                  <conditions>
                    <condition number="274" type="jump" coverage="50%" />
                  </conditions>
                </line>
                <line number="79" hits="5" branch="False" />
                <line number="81" hits="5" branch="False" />
                <line number="82" hits="5" branch="False" />
              </lines>
            </method>
          </methods>
          <lines>
            <line number="68" hits="5" branch="True" condition-coverage="100% (2/2)">
              <conditions>
                <condition number="30" type="jump" coverage="100%" />
              </conditions>
            </line>
            <line number="70" hits="5" branch="False" />
            <line number="73" hits="5" branch="True" condition-coverage="100% (2/2)">
              <conditions>
                <condition number="143" type="jump" coverage="100%" />
              </conditions>
            </line>
            <line number="75" hits="5" branch="False" />
            <line number="78" hits="5" branch="True" condition-coverage="50% (1/2)">
              <conditions>
                <condition number="274" type="jump" coverage="50%" />
              </conditions>
            </line>
            <line number="79" hits="5" branch="False" />
            <line number="81" hits="5" branch="False" />
            <line number="82" hits="5" branch="False" />
          </lines>
        </class>
        <class name="NexJob.Trigger.AwsSqs.AwsSqsTriggerOptions" filename="NexJob.Trigger.AwsSqs/AwsSqsTriggerOptions.cs" line-rate="1" branch-rate="1" complexity="8">
          <methods>
            <method name="get_QueueUrl" signature="()" line-rate="1" branch-rate="1" complexity="1">
              <lines>
                <line number="15" hits="480" branch="False" />
              </lines>
            </method>
            <method name="get_JobName" signature="()" line-rate="1" branch-rate="1" complexity="1">
              <lines>
                <line number="22" hits="15" branch="False" />
              </lines>
            </method>
            <method name="get_MaxMessages" signature="()" line-rate="1" branch-rate="1" complexity="1">
              <lines>
                <line number="28" hits="468" branch="False" />
              </lines>
            </method>
            <method name="get_WaitTimeSeconds" signature="()" line-rate="1" branch-rate="1" complexity="1">
              <lines>
                <line number="35" hits="468" branch="False" />
              </lines>
            </method>
            <method name="get_VisibilityTimeoutSeconds" signature="()" line-rate="1" branch-rate="1" complexity="1">
              <lines>
                <line number="42" hits="472" branch="False" />
              </lines>
            </method>
            <method name="get_VisibilityExtensionIntervalSeconds" signature="()" line-rate="1" branch-rate="1" complexity="1">
              <lines>
                <line number="50" hits="18" branch="False" />
              </lines>
            </method>
            <method name="get_TargetQueue" signature="()" line-rate="1" branch-rate="1" complexity="1">
              <lines>
                <line number="55" hits="14" branch="False" />
              </lines>
            </method>
            <method name="get_JobPriority" signature="()" line-rate="1" branch-rate="1" complexity="1">
              <lines>
                <line number="60" hits="9" branch="False" />
              </lines>
            </method>
          </methods>
          <lines>
            <line number="15" hits="480" branch="False" />
            <line number="22" hits="15" branch="False" />
            <line number="28" hits="468" branch="False" />
            <line number="35" hits="468" branch="False" />
            <line number="42" hits="472" branch="False" />
            <line number="50" hits="18" branch="False" />
            <line number="55" hits="14" branch="False" />
            <line number="60" hits="9" branch="False" />
          </lines>
        </class>
        <class name="NexJob.Trigger.AwsSqs.ServiceCollectionExtensions" filename="NexJob.Trigger.AwsSqs/ServiceCollectionExtensions.cs" line-rate="0" branch-rate="1" complexity="2">
          <methods>
            <method name="AddNexJobAwsSqsTrigger" signature="(Microsoft.Extensions.DependencyInjection.IServiceCollection,System.Action`1&lt;NexJob.Trigger.AwsSqs.AwsSqsTriggerOptions&gt;)" line-rate="0" branch-rate="1" complexity="1">
              <lines>
                <line number="25" hits="0" branch="False" />
                <line number="26" hits="0" branch="False" />
                <line number="27" hits="0" branch="False" />
                <line number="28" hits="0" branch="False" />
                <line number="30" hits="0" branch="False" />
                <line number="31" hits="0" branch="False" />
                <line number="33" hits="0" branch="False" />
              </lines>
            </method>
            <method name="AddNexJobAwsSqsTrigger" signature="(Microsoft.Extensions.DependencyInjection.IServiceCollection,Amazon.SQS.IAmazonSQS,System.Action`1&lt;NexJob.Trigger.AwsSqs.AwsSqsTriggerOptions&gt;)" line-rate="0" branch-rate="1" complexity="1">
              <lines>
                <line number="50" hits="0" branch="False" />
                <line number="51" hits="0" branch="False" />
                <line number="53" hits="0" branch="False" />
              </lines>
            </method>
          </methods>
          <lines>
            <line number="25" hits="0" branch="False" />
            <line number="26" hits="0" branch="False" />
            <line number="27" hits="0" branch="False" />
            <line number="28" hits="0" branch="False" />
            <line number="30" hits="0" branch="False" />
            <line number="31" hits="0" branch="False" />
            <line number="33" hits="0" branch="False" />
            <line number="50" hits="0" branch="False" />
            <line number="51" hits="0" branch="False" />
            <line number="53" hits="0" branch="False" />
          </lines>
        </class>
        <class name="NexJob.Trigger.AwsSqs.SqsClient" filename="NexJob.Trigger.AwsSqs/SqsClient.cs" line-rate="0" branch-rate="1" complexity="4">
          <methods>
            <method name="ReceiveMessageAsync" signature="(Amazon.SQS.Model.ReceiveMessageRequest,System.Threading.CancellationToken)" line-rate="0" branch-rate="1" complexity="1">
              <lines>
                <line number="22" hits="0" branch="False" />
              </lines>
            </method>
            <method name="DeleteMessageAsync" signature="(Amazon.SQS.Model.DeleteMessageRequest,System.Threading.CancellationToken)" line-rate="0" branch-rate="1" complexity="1">
              <lines>
                <line number="28" hits="0" branch="False" />
              </lines>
            </method>
            <method name="ChangeMessageVisibilityAsync" signature="(Amazon.SQS.Model.ChangeMessageVisibilityRequest,System.Threading.CancellationToken)" line-rate="0" branch-rate="1" complexity="1">
              <lines>
                <line number="34" hits="0" branch="False" />
              </lines>
            </method>
            <method name=".ctor" signature="(Amazon.SQS.IAmazonSQS)" line-rate="0" branch-rate="1" complexity="1">
              <lines>
                <line number="16" hits="0" branch="False" />
              </lines>
            </method>
          </methods>
          <lines>
            <line number="22" hits="0" branch="False" />
            <line number="28" hits="0" branch="False" />
            <line number="34" hits="0" branch="False" />
            <line number="16" hits="0" branch="False" />
          </lines>
        </class>
      </classes>
    </package>
    <package name="NexJob" line-rate="0.0317" branch-rate="0.0078000000000000005" complexity="905">
      <classes>
        <class name="NexJob.HourlyThroughput" filename="NexJob/HourlyThroughput.cs" line-rate="0" branch-rate="1" complexity="2">
          <methods>
            <method name="get_Hour" signature="()" line-rate="0" branch-rate="1" complexity="1">
              <lines>
                <line number="7" hits="0" branch="False" />
              </lines>
            </method>
            <method name="get_Count" signature="()" line-rate="0" branch-rate="1" complexity="1">
              <lines>
                <line number="10" hits="0" branch="False" />
              </lines>
            </method>
          </methods>
          <lines>
            <line number="7" hits="0" branch="False" />
            <line number="10" hits="0" branch="False" />
          </lines>
        </class>
        <class name="NexJob.JobContextExtensions/&lt;WithProgress&gt;d__0`1" filename="NexJob/JobContextExtensions.cs" line-rate="0" branch-rate="0" complexity="8">
          <methods>
            <method name="MoveNext" signature="()" line-rate="0" branch-rate="0" complexity="8">
              <lines>
                <line number="24" hits="0" branch="False" />
                <line number="25" hits="0" branch="True" condition-coverage="0% (0/2)">
                  <conditions>
                    <condition number="265" type="jump" coverage="0%" />
                  </conditions>
                </line>
                <line number="27" hits="0" branch="False" />
                <line number="30" hits="0" branch="True" condition-coverage="0% (0/4)">
                  <conditions>
                    <condition number="726" type="jump" coverage="0%" />
                    <condition number="749" type="jump" coverage="0%" />
                  </conditions>
                </line>
                <line number="32" hits="0" branch="False" />
                <line number="33" hits="0" branch="False" />
                <line number="34" hits="0" branch="False" />
                <line number="36" hits="0" branch="True" condition-coverage="0% (0/2)">
                  <conditions>
                    <condition number="821" type="jump" coverage="0%" />
                  </conditions>
                </line>
              </lines>
            </method>
          </methods>
          <lines>
            <line number="24" hits="0" branch="False" />
            <line number="25" hits="0" branch="True" condition-coverage="0% (0/2)">
              <conditions>
                <condition number="265" type="jump" coverage="0%" />
              </conditions>
            </line>
            <line number="27" hits="0" branch="False" />
            <line number="30" hits="0" branch="True" condition-coverage="0% (0/4)">
              <conditions>
                <condition number="726" type="jump" coverage="0%" />
                <condition number="749" type="jump" coverage="0%" />
              </conditions>
            </line>
            <line number="32" hits="0" branch="False" />
            <line number="33" hits="0" branch="False" />
            <line number="34" hits="0" branch="False" />
            <line number="36" hits="0" branch="True" condition-coverage="0% (0/2)">
              <conditions>
                <condition number="821" type="jump" coverage="0%" />
              </conditions>
            </line>
          </lines>
        </class>
        <class name="NexJob.JobContextExtensions/&lt;WithProgress&gt;d__1`1" filename="NexJob/JobContextExtensions.cs" line-rate="0" branch-rate="0" complexity="2">
          <methods>
            <method name="MoveNext" signature="()" line-rate="0" branch-rate="0" complexity="2">
              <lines>
                <line number="56" hits="0" branch="False" />
                <line number="57" hits="0" branch="False" />
                <line number="58" hits="0" branch="True" condition-coverage="0% (0/2)">
                  <conditions>
                    <condition number="175" type="jump" coverage="0%" />
                  </conditions>
                </line>
                <line number="60" hits="0" branch="False" />
                <line number="63" hits="0" branch="False" />
                <line number="64" hits="0" branch="False" />
                <line number="66" hits="0" branch="False" />
              </lines>
            </method>
          </methods>
          <lines>
            <line number="56" hits="0" branch="False" />
            <line number="57" hits="0" branch="False" />
            <line number="58" hits="0" branch="True" condition-coverage="0% (0/2)">
              <conditions>
                <condition number="175" type="jump" coverage="0%" />
              </conditions>
            </line>
            <line number="60" hits="0" branch="False" />
            <line number="63" hits="0" branch="False" />
            <line number="64" hits="0" branch="False" />
            <line number="66" hits="0" branch="False" />
          </lines>
        </class>
        <class name="NexJob.JobExecutingContext" filename="NexJob/JobExecutingContext.cs" line-rate="0" branch-rate="1" complexity="5">
          <methods>
            <method name="get_Job" signature="()" line-rate="0" branch-rate="1" complexity="1">
              <lines>
                <line number="22" hits="0" branch="False" />
              </lines>
            </method>
            <method name="get_Services" signature="()" line-rate="0" branch-rate="1" complexity="1">
              <lines>
                <line number="28" hits="0" branch="False" />
              </lines>
            </method>
            <method name="get_Succeeded" signature="()" line-rate="0" branch-rate="1" complexity="1">
              <lines>
                <line number="35" hits="0" branch="False" />
              </lines>
            </method>
            <method name="get_Exception" signature="()" line-rate="0" branch-rate="1" complexity="1">
              <lines>
                <line number="42" hits="0" branch="False" />
              </lines>
            </method>
            <method name=".ctor" signature="(NexJob.JobRecord,System.IServiceProvider)" line-rate="0" branch-rate="1" complexity="1">
              <lines>
                <line number="13" hits="0" branch="False" />
                <line number="15" hits="0" branch="False" />
                <line number="16" hits="0" branch="False" />
                <line number="17" hits="0" branch="False" />
              </lines>
            </method>
          </methods>
          <lines>
            <line number="22" hits="0" branch="False" />
            <line number="28" hits="0" branch="False" />
            <line number="35" hits="0" branch="False" />
            <line number="42" hits="0" branch="False" />
            <line number="13" hits="0" branch="False" />
            <line number="15" hits="0" branch="False" />
            <line number="16" hits="0" branch="False" />
            <line number="17" hits="0" branch="False" />
          </lines>
        </class>
        <class name="NexJob.JobExecutionLog" filename="NexJob/JobExecutionLog.cs" line-rate="0" branch-rate="1" complexity="3">
          <methods>
            <method name="get_Timestamp" signature="()" line-rate="0" branch-rate="1" complexity="1">
              <lines>
                <line number="7" hits="0" branch="False" />
              </lines>
            </method>
            <method name="get_Level" signature="()" line-rate="0" branch-rate="1" complexity="1">
              <lines>
                <line number="10" hits="0" branch="False" />
              </lines>
            </method>
            <method name="get_Message" signature="()" line-rate="0" branch-rate="1" complexity="1">
              <lines>
                <line number="13" hits="0" branch="False" />
              </lines>
            </method>
          </methods>
          <lines>
            <line number="7" hits="0" branch="False" />
            <line number="10" hits="0" branch="False" />
            <line number="13" hits="0" branch="False" />
          </lines>
        </class>
        <class name="NexJob.JobFilter" filename="NexJob/JobFilter.cs" line-rate="0" branch-rate="1" complexity="4">
          <methods>
            <method name="get_Status" signature="()" line-rate="0" branch-rate="1" complexity="1">
              <lines>
                <line number="7" hits="0" branch="False" />
              </lines>
            </method>
            <method name="get_Search" signature="()" line-rate="0" branch-rate="1" complexity="1">
              <lines>
                <line number="13" hits="0" branch="False" />
              </lines>
            </method>
            <method name="get_Queue" signature="()" line-rate="0" branch-rate="1" complexity="1">
              <lines>
                <line number="16" hits="0" branch="False" />
              </lines>
            </method>
            <method name="get_RecurringJobId" signature="()" line-rate="0" branch-rate="1" complexity="1">
              <lines>
                <line number="19" hits="0" branch="False" />
              </lines>
            </method>
          </methods>
          <lines>
            <line number="7" hits="0" branch="False" />
            <line number="13" hits="0" branch="False" />
            <line number="16" hits="0" branch="False" />
            <line number="19" hits="0" branch="False" />
          </lines>
        </class>
        <class name="NexJob.JobId" filename="NexJob/JobId.cs" line-rate="0.3333" branch-rate="1" complexity="3">
          <methods>
            <method name="get_Value" signature="()" line-rate="0" branch-rate="1" complexity="1">
              <lines>
                <line number="7" hits="0" branch="False" />
              </lines>
            </method>
            <method name="New" signature="()" line-rate="1" branch-rate="1" complexity="1">
              <lines>
                <line number="10" hits="4" branch="False" />
              </lines>
            </method>
            <method name="ToString" signature="()" line-rate="0" branch-rate="1" complexity="1">
              <lines>
                <line number="13" hits="0" branch="False" />
              </lines>
            </method>
          </methods>
          <lines>
            <line number="7" hits="0" branch="False" />
            <line number="10" hits="4" branch="False" />
            <line number="13" hits="0" branch="False" />
          </lines>
        </class>
        <class name="NexJob.JobMetrics" filename="NexJob/JobMetrics.cs" line-rate="0" branch-rate="1" complexity="9">
          <methods>
            <method name="get_Enqueued" signature="()" line-rate="0" branch-rate="1" complexity="1">
              <lines>
                <line number="7" hits="0" branch="False" />
              </lines>
            </method>
            <method name="get_Processing" signature="()" line-rate="0" branch-rate="1" complexity="1">
              <lines>
                <line number="10" hits="0" branch="False" />
              </lines>
            </method>
            <method name="get_Succeeded" signature="()" line-rate="0" branch-rate="1" complexity="1">
              <lines>
                <line number="13" hits="0" branch="False" />
              </lines>
            </method>
            <method name="get_Failed" signature="()" line-rate="0" branch-rate="1" complexity="1">
              <lines>
                <line number="23" hits="0" branch="False" />
              </lines>
            </method>
            <method name="get_Scheduled" signature="()" line-rate="0" branch-rate="1" complexity="1">
              <lines>
                <line number="26" hits="0" branch="False" />
              </lines>
            </method>
            <method name="get_Expired" signature="()" line-rate="0" branch-rate="1" complexity="1">
              <lines>
                <line number="29" hits="0" branch="False" />
              </lines>
            </method>
            <method name="get_Recurring" signature="()" line-rate="0" branch-rate="1" complexity="1">
              <lines>
                <line number="32" hits="0" branch="False" />
              </lines>
            </method>
            <method name="get_HourlyThroughput" signature="()" line-rate="0" branch-rate="1" complexity="1">
              <lines>
                <line number="35" hits="0" branch="False" />
              </lines>
            </method>
            <method name="get_RecentFailures" signature="()" line-rate="0" branch-rate="1" complexity="1">
              <lines>
                <line number="45" hits="0" branch="False" />
              </lines>
            </method>
          </methods>
          <lines>
            <line number="7" hits="0" branch="False" />
            <line number="10" hits="0" branch="False" />
            <line number="13" hits="0" branch="False" />
            <line number="23" hits="0" branch="False" />
            <line number="26" hits="0" branch="False" />
            <line number="29" hits="0" branch="False" />
            <line number="32" hits="0" branch="False" />
            <line number="35" hits="0" branch="False" />
            <line number="45" hits="0" branch="False" />
          </lines>
        </class>
        <class name="NexJob.JobRecord" filename="NexJob/JobRecord.cs" line-rate="0.6296" branch-rate="1" complexity="27">
          <methods>
            <method name="get_Id" signature="()" line-rate="1" branch-rate="1" complexity="1">
              <lines>
                <line number="10" hits="7" branch="False" />
              </lines>
            </method>
            <method name="get_JobType" signature="()" line-rate="1" branch-rate="1" complexity="1">
              <lines>
                <line number="16" hits="8" branch="False" />
              </lines>
            </method>
            <method name="get_InputType" signature="()" line-rate="1" branch-rate="1" complexity="1">
              <lines>
                <line number="22" hits="8" branch="False" />
              </lines>
            </method>
            <method name="get_InputJson" signature="()" line-rate="1" branch-rate="1" complexity="1">
              <lines>
                <line number="30" hits="8" branch="False" />
              </lines>
            </method>
            <method name="get_SchemaVersion" signature="()" line-rate="1" branch-rate="1" complexity="1">
              <lines>
                <line number="36" hits="4" branch="False" />
              </lines>
            </method>
            <method name="get_Queue" signature="()" line-rate="1" branch-rate="1" complexity="1">
              <lines>
                <line number="39" hits="9" branch="False" />
              </lines>
            </method>
            <method name="get_Priority" signature="()" line-rate="1" branch-rate="1" complexity="1">
              <lines>
                <line number="42" hits="8" branch="False" />
              </lines>
            </method>
            <method name="get_Status" signature="()" line-rate="1" branch-rate="1" complexity="1">
              <lines>
                <line number="45" hits="4" branch="False" />
              </lines>
            </method>
            <method name="get_IdempotencyKey" signature="()" line-rate="1" branch-rate="1" complexity="1">
              <lines>
                <line number="52" hits="5" branch="False" />
              </lines>
            </method>
            <method name="get_Attempts" signature="()" line-rate="0" branch-rate="1" complexity="1">
              <lines>
                <line number="55" hits="0" branch="False" />
              </lines>
            </method>
            <method name="get_MaxAttempts" signature="()" line-rate="1" branch-rate="1" complexity="1">
              <lines>
                <line number="58" hits="8" branch="False" />
              </lines>
            </method>
            <method name="get_CreatedAt" signature="()" line-rate="1" branch-rate="1" complexity="1">
              <lines>
                <line number="61" hits="4" branch="False" />
              </lines>
            </method>
            <method name="get_ScheduledAt" signature="()" line-rate="1" branch-rate="1" complexity="1">
              <lines>
                <line number="67" hits="4" branch="False" />
              </lines>
            </method>
            <method name="get_ExpiresAt" signature="()" line-rate="1" branch-rate="1" complexity="1">
              <lines>
                <line number="77" hits="4" branch="False" />
              </lines>
            </method>
            <method name="get_ProcessingStartedAt" signature="()" line-rate="0" branch-rate="1" complexity="1">
              <lines>
                <line number="80" hits="0" branch="False" />
              </lines>
            </method>
            <method name="get_HeartbeatAt" signature="()" line-rate="0" branch-rate="1" complexity="1">
              <lines>
                <line number="86" hits="0" branch="False" />
              </lines>
            </method>
            <method name="get_CompletedAt" signature="()" line-rate="0" branch-rate="1" complexity="1">
              <lines>
                <line number="89" hits="0" branch="False" />
              </lines>
            </method>
            <method name="get_RetryAt" signature="()" line-rate="0" branch-rate="1" complexity="1">
              <lines>
                <line number="95" hits="0" branch="False" />
              </lines>
            </method>
            <method name="get_LastErrorMessage" signature="()" line-rate="0" branch-rate="1" complexity="1">
              <lines>
                <line number="98" hits="0" branch="False" />
              </lines>
            </method>
            <method name="get_LastErrorStackTrace" signature="()" line-rate="0" branch-rate="1" complexity="1">
              <lines>
                <line number="101" hits="0" branch="False" />
              </lines>
            </method>
            <method name="get_ParentJobId" signature="()" line-rate="1" branch-rate="1" complexity="1">
              <lines>
                <line number="107" hits="4" branch="False" />
              </lines>
            </method>
            <method name="get_RecurringJobId" signature="()" line-rate="0" branch-rate="1" complexity="1">
              <lines>
                <line number="114" hits="0" branch="False" />
              </lines>
            </method>
            <method name="get_TraceParent" signature="()" line-rate="1" branch-rate="1" complexity="1">
              <lines>
                <line number="121" hits="6" branch="False" />
              </lines>
            </method>
            <method name="get_ExecutionLogs" signature="()" line-rate="1" branch-rate="1" complexity="1">
              <lines>
                <line number="124" hits="4" branch="False" />
              </lines>
            </method>
            <method name="get_Tags" signature="()" line-rate="1" branch-rate="1" complexity="1">
              <lines>
                <line number="130" hits="8" branch="False" />
              </lines>
            </method>
            <method name="get_ProgressPercent" signature="()" line-rate="0" branch-rate="1" complexity="1">
              <lines>
                <line number="133" hits="0" branch="False" />
              </lines>
            </method>
            <method name="get_ProgressMessage" signature="()" line-rate="0" branch-rate="1" complexity="1">
              <lines>
                <line number="136" hits="0" branch="False" />
              </lines>
            </method>
          </methods>
          <lines>
            <line number="10" hits="7" branch="False" />
            <line number="16" hits="8" branch="False" />
            <line number="22" hits="8" branch="False" />
            <line number="30" hits="8" branch="False" />
            <line number="36" hits="4" branch="False" />
            <line number="39" hits="9" branch="False" />
            <line number="42" hits="8" branch="False" />
            <line number="45" hits="4" branch="False" />
            <line number="52" hits="5" branch="False" />
            <line number="55" hits="0" branch="False" />
            <line number="58" hits="8" branch="False" />
            <line number="61" hits="4" branch="False" />
            <line number="67" hits="4" branch="False" />
            <line number="77" hits="4" branch="False" />
            <line number="80" hits="0" branch="False" />
            <line number="86" hits="0" branch="False" />
            <line number="89" hits="0" branch="False" />
            <line number="95" hits="0" branch="False" />
            <line number="98" hits="0" branch="False" />
            <line number="101" hits="0" branch="False" />
            <line number="107" hits="4" branch="False" />
            <line number="114" hits="0" branch="False" />
            <line number="121" hits="6" branch="False" />
            <line number="124" hits="4" branch="False" />
            <line number="130" hits="8" branch="False" />
            <line number="133" hits="0" branch="False" />
            <line number="136" hits="0" branch="False" />
          </lines>
        </class>
        <class name="NexJob.NexJobBuilder" filename="NexJob/NexJobBuilder.cs" line-rate="0" branch-rate="1" complexity="2">
          <methods>
            <method name="get_Services" signature="()" line-rate="0" branch-rate="1" complexity="1">
              <lines>
                <line number="22" hits="0" branch="False" />
              </lines>
            </method>
            <method name=".ctor" signature="(Microsoft.Extensions.DependencyInjection.IServiceCollection)" line-rate="0" branch-rate="1" complexity="1">
              <lines>
                <line number="14" hits="0" branch="False" />
                <line number="16" hits="0" branch="False" />
                <line number="17" hits="0" branch="False" />
              </lines>
            </method>
          </methods>
          <lines>
            <line number="22" hits="0" branch="False" />
            <line number="14" hits="0" branch="False" />
            <line number="16" hits="0" branch="False" />
            <line number="17" hits="0" branch="False" />
          </lines>
        </class>
        <class name="NexJob.NexJobHealthCheck" filename="NexJob/NexJobHealthCheck.cs" line-rate="0" branch-rate="1" complexity="2">
          <methods>
            <method name="get_FailedJobThreshold" signature="()" line-rate="0" branch-rate="1" complexity="1">
              <lines>
                <line number="27" hits="0" branch="False" />
              </lines>
            </method>
            <method name=".ctor" signature="(NexJob.Storage.IDashboardStorage)" line-rate="0" branch-rate="1" complexity="1">
              <lines>
                <line number="18" hits="0" branch="False" />
                <line number="20" hits="0" branch="False" />
                <line number="21" hits="0" branch="False" />
              </lines>
            </method>
          </methods>
          <lines>
            <line number="27" hits="0" branch="False" />
            <line number="18" hits="0" branch="False" />
            <line number="20" hits="0" branch="False" />
            <line number="21" hits="0" branch="False" />
          </lines>
        </class>
        <class name="NexJob.NexJobHealthCheck/&lt;CheckHealthAsync&gt;d__6" filename="NexJob/NexJobHealthCheck.cs" line-rate="0" branch-rate="0" complexity="2">
          <methods>
            <method name="MoveNext" signature="()" line-rate="0" branch-rate="0" complexity="2">
              <lines>
                <line number="36" hits="0" branch="False" />
                <line number="37" hits="0" branch="False" />
                <line number="39" hits="0" branch="False" />
                <line number="41" hits="0" branch="False" />
                <line number="42" hits="0" branch="False" />
                <line number="43" hits="0" branch="False" />
                <line number="44" hits="0" branch="False" />
                <line number="45" hits="0" branch="False" />
                <line number="46" hits="0" branch="False" />
                <line number="47" hits="0" branch="False" />
                <line number="48" hits="0" branch="False" />
                <line number="49" hits="0" branch="False" />
                <line number="51" hits="0" branch="True" condition-coverage="0% (0/2)">
                  <conditions>
                    <condition number="342" type="jump" coverage="0%" />
                  </conditions>
                </line>
                <line number="53" hits="0" branch="False" />
                <line number="54" hits="0" branch="False" />
                <line number="55" hits="0" branch="False" />
                <line number="58" hits="0" branch="False" />
                <line number="60" hits="0" branch="False" />
                <line number="62" hits="0" branch="False" />
                <line number="64" hits="0" branch="False" />
                <line number="66" hits="0" branch="False" />
                <line number="68" hits="0" branch="False" />
              </lines>
            </method>
          </methods>
          <lines>
            <line number="36" hits="0" branch="False" />
            <line number="37" hits="0" branch="False" />
            <line number="39" hits="0" branch="False" />
            <line number="41" hits="0" branch="False" />
            <line number="42" hits="0" branch="False" />
            <line number="43" hits="0" branch="False" />
            <line number="44" hits="0" branch="False" />
            <line number="45" hits="0" branch="False" />
            <line number="46" hits="0" branch="False" />
            <line number="47" hits="0" branch="False" />
            <line number="48" hits="0" branch="False" />
            <line number="49" hits="0" branch="False" />
            <line number="51" hits="0" branch="True" condition-coverage="0% (0/2)">
              <conditions>
                <condition number="342" type="jump" coverage="0%" />
              </conditions>
            </line>
            <line number="53" hits="0" branch="False" />
            <line number="54" hits="0" branch="False" />
            <line number="55" hits="0" branch="False" />
            <line number="58" hits="0" branch="False" />
            <line number="60" hits="0" branch="False" />
            <line number="62" hits="0" branch="False" />
            <line number="64" hits="0" branch="False" />
            <line number="66" hits="0" branch="False" />
            <line number="68" hits="0" branch="False" />
          </lines>
        </class>
        <class name="NexJob.NexJobHealthCheckExtensions" filename="NexJob/NexJobHealthCheckExtensions.cs" line-rate="0" branch-rate="1" complexity="1">
          <methods>
            <method name="AddNexJob" signature="(Microsoft.Extensions.DependencyInjection.IHealthChecksBuilder,System.String,Microsoft.Extensions.Diagnostics.HealthChecks.HealthStatus,System.Collections.Generic.IEnumerable`1&lt;System.String&gt;)" line-rate="0" branch-rate="1" complexity="1">
              <lines>
                <line number="28" hits="0" branch="False" />
                <line number="29" hits="0" branch="False" />
                <line number="30" hits="0" branch="False" />
                <line number="31" hits="0" branch="False" />
                <line number="32" hits="0" branch="False" />
              </lines>
            </method>
          </methods>
          <lines>
            <line number="28" hits="0" branch="False" />
            <line number="29" hits="0" branch="False" />
            <line number="30" hits="0" branch="False" />
            <line number="31" hits="0" branch="False" />
            <line number="32" hits="0" branch="False" />
          </lines>
        </class>
        <class name="NexJob.NexJobOptions" filename="NexJob/NexJobOptions.cs" line-rate="0.48710000000000003" branch-rate="0" complexity="26">
          <methods>
            <method name="get_Workers" signature="()" line-rate="1" branch-rate="1" complexity="1">
              <lines>
                <line number="20" hits="5" branch="False" />
              </lines>
            </method>
            <method name="get_ServerId" signature="()" line-rate="0" branch-rate="1" complexity="1">
              <lines>
                <line number="25" hits="0" branch="False" />
              </lines>
            </method>
            <method name="get_MaxAttempts" signature="()" line-rate="1" branch-rate="1" complexity="1">
              <lines>
                <line number="31" hits="14" branch="False" />
              </lines>
            </method>
            <method name="get_DistributedThrottleTtl" signature="()" line-rate="1" branch-rate="1" complexity="1">
              <lines>
                <line number="40" hits="5" branch="False" />
              </lines>
            </method>
            <method name="get_PollingInterval" signature="()" line-rate="1" branch-rate="1" complexity="1">
              <lines>
                <line number="51" hits="5" branch="False" />
              </lines>
            </method>
            <method name="get_HeartbeatInterval" signature="()" line-rate="1" branch-rate="1" complexity="1">
              <lines>
                <line number="57" hits="5" branch="False" />
              </lines>
            </method>
            <method name="get_ServerHeartbeatInterval" signature="()" line-rate="1" branch-rate="1" complexity="1">
              <lines>
                <line number="63" hits="5" branch="False" />
              </lines>
            </method>
            <method name="get_HeartbeatTimeout" signature="()" line-rate="1" branch-rate="1" complexity="1">
              <lines>
                <line number="74" hits="5" branch="False" />
              </lines>
            </method>
            <method name="get_ShutdownTimeout" signature="()" line-rate="1" branch-rate="1" complexity="1">
              <lines>
                <line number="81" hits="5" branch="False" />
              </lines>
            </method>
            <method name="get_Queues" signature="()" line-rate="1" branch-rate="1" complexity="1">
              <lines>
                <line number="87" hits="5" branch="False" />
              </lines>
            </method>
            <method name="get_RetryDelayFactory" signature="()" line-rate="1" branch-rate="1" complexity="1">
              <lines>
                <line number="99" hits="5" branch="False" />
              </lines>
            </method>
            <method name="get_Dashboard" signature="()" line-rate="1" branch-rate="1" complexity="1">
              <lines>
                <line number="105" hits="5" branch="False" />
              </lines>
            </method>
            <method name="get_MaxJobLogLines" signature="()" line-rate="1" branch-rate="1" complexity="1">
              <lines>
                <line number="110" hits="5" branch="False" />
              </lines>
            </method>
            <method name="get_RetentionSucceeded" signature="()" line-rate="1" branch-rate="1" complexity="1">
              <lines>
                <line number="116" hits="5" branch="False" />
              </lines>
            </method>
            <method name="get_RetentionFailed" signature="()" line-rate="1" branch-rate="1" complexity="1">
              <lines>
                <line number="122" hits="5" branch="False" />
              </lines>
            </method>
            <method name="get_RetentionExpired" signature="()" line-rate="1" branch-rate="1" complexity="1">
              <lines>
                <line number="128" hits="5" branch="False" />
              </lines>
            </method>
            <method name="get_RetentionInterval" signature="()" line-rate="1" branch-rate="1" complexity="1">
              <lines>
                <line number="134" hits="5" branch="False" />
              </lines>
            </method>
            <method name="get_QueueSettings" signature="()" line-rate="1" branch-rate="1" complexity="1">
              <lines>
                <line number="140" hits="5" branch="False" />
              </lines>
            </method>
            <method name="get_RecurringJobs" signature="()" line-rate="1" branch-rate="1" complexity="1">
              <lines>
                <line number="146" hits="5" branch="False" />
              </lines>
            </method>
            <method name="get_StorageConfigured" signature="()" line-rate="0" branch-rate="1" complexity="1">
              <lines>
                <line number="151" hits="0" branch="False" />
              </lines>
            </method>
            <method name="UseInMemory" signature="()" line-rate="0" branch-rate="1" complexity="1">
              <lines>
                <line number="159" hits="0" branch="False" />
                <line number="160" hits="0" branch="False" />
              </lines>
            </method>
            <method name="ApplySettings" signature="(NexJob.Configuration.NexJobSettings)" line-rate="0" branch-rate="0" complexity="4">
              <lines>
                <line number="171" hits="0" branch="False" />
                <line number="172" hits="0" branch="False" />
                <line number="173" hits="0" branch="False" />
                <line number="174" hits="0" branch="False" />
                <line number="175" hits="0" branch="False" />
                <line number="176" hits="0" branch="False" />
                <line number="177" hits="0" branch="False" />
                <line number="178" hits="0" branch="False" />
                <line number="179" hits="0" branch="False" />
                <line number="180" hits="0" branch="False" />
                <line number="181" hits="0" branch="True" condition-coverage="0% (0/2)">
                  <conditions>
                    <condition number="127" type="jump" coverage="0%" />
                  </conditions>
                </line>
                <line number="183" hits="0" branch="False" />
                <line number="186" hits="0" branch="True" condition-coverage="0% (0/2)">
                  <conditions>
                    <condition number="148" type="jump" coverage="0%" />
                  </conditions>
                </line>
                <line number="188" hits="0" branch="False" />
                <line number="191" hits="0" branch="False" />
                <line number="192" hits="0" branch="False" />
              </lines>
            </method>
            <method name=".ctor" signature="()" line-rate="1" branch-rate="1" complexity="1">
              <lines>
                <line number="100" hits="5" branch="False" />
              </lines>
            </method>
          </methods>
          <lines>
            <line number="20" hits="5" branch="False" />
            <line number="25" hits="0" branch="False" />
            <line number="31" hits="14" branch="False" />
            <line number="40" hits="5" branch="False" />
            <line number="51" hits="5" branch="False" />
            <line number="57" hits="5" branch="False" />
            <line number="63" hits="5" branch="False" />
            <line number="74" hits="5" branch="False" />
            <line number="81" hits="5" branch="False" />
            <line number="87" hits="5" branch="False" />
            <line number="99" hits="5" branch="False" />
            <line number="105" hits="5" branch="False" />
            <line number="110" hits="5" branch="False" />
            <line number="116" hits="5" branch="False" />
            <line number="122" hits="5" branch="False" />
            <line number="128" hits="5" branch="False" />
            <line number="134" hits="5" branch="False" />
            <line number="140" hits="5" branch="False" />
            <line number="146" hits="5" branch="False" />
            <line number="151" hits="0" branch="False" />
            <line number="159" hits="0" branch="False" />
            <line number="160" hits="0" branch="False" />
            <line number="171" hits="0" branch="False" />
            <line number="172" hits="0" branch="False" />
            <line number="173" hits="0" branch="False" />
            <line number="174" hits="0" branch="False" />
            <line number="175" hits="0" branch="False" />
            <line number="176" hits="0" branch="False" />
            <line number="177" hits="0" branch="False" />
            <line number="178" hits="0" branch="False" />
            <line number="179" hits="0" branch="False" />
            <line number="180" hits="0" branch="False" />
            <line number="181" hits="0" branch="True" condition-coverage="0% (0/2)">
              <conditions>
                <condition number="127" type="jump" coverage="0%" />
              </conditions>
            </line>
            <line number="183" hits="0" branch="False" />
            <line number="186" hits="0" branch="True" condition-coverage="0% (0/2)">
              <conditions>
                <condition number="148" type="jump" coverage="0%" />
              </conditions>
            </line>
            <line number="188" hits="0" branch="False" />
            <line number="191" hits="0" branch="False" />
            <line number="192" hits="0" branch="False" />
            <line number="100" hits="5" branch="False" />
          </lines>
        </class>
        <class name="NexJob.NexJobServiceCollectionExtensions" filename="NexJob/NexJobServiceCollectionExtensions.cs" line-rate="0" branch-rate="0" complexity="32">
          <methods>
            <method name="AddNexJob" signature="(Microsoft.Extensions.DependencyInjection.IServiceCollection,System.Action`1&lt;NexJob.NexJobOptions&gt;)" line-rate="0" branch-rate="0" complexity="2">
              <lines>
                <line number="34" hits="0" branch="False" />
                <line number="35" hits="0" branch="True" condition-coverage="0% (0/2)">
                  <conditions>
                    <condition number="7" type="jump" coverage="0%" />
                  </conditions>
                </line>
                <line number="36" hits="0" branch="False" />
                <line number="37" hits="0" branch="False" />
              </lines>
            </method>
            <method name="AddNexJob" signature="(Microsoft.Extensions.DependencyInjection.IServiceCollection,Microsoft.Extensions.Configuration.IConfiguration)" line-rate="0" branch-rate="1" complexity="1">
              <lines>
                <line number="51" hits="0" branch="False" />
                <line number="52" hits="0" branch="False" />
                <line number="53" hits="0" branch="False" />
              </lines>
            </method>
            <method name="AddNexJob" signature="(Microsoft.Extensions.DependencyInjection.IServiceCollection,Microsoft.Extensions.Configuration.IConfiguration,System.Action`1&lt;NexJob.NexJobOptions&gt;)" line-rate="0" branch-rate="1" complexity="1">
              <lines>
                <line number="69" hits="0" branch="False" />
                <line number="70" hits="0" branch="False" />
                <line number="71" hits="0" branch="False" />
                <line number="72" hits="0" branch="False" />
              </lines>
            </method>
            <method name="AddNexJobJobs" signature="(Microsoft.Extensions.DependencyInjection.IServiceCollection,System.Reflection.Assembly)" line-rate="0" branch-rate="0" complexity="16">
              <lines>
                <line number="88" hits="0" branch="False" />
                <line number="89" hits="0" branch="False" />
                <line number="91" hits="0" branch="False" />
                <line number="92" hits="0" branch="True" condition-coverage="0% (0/12)">
                  <conditions>
                    <condition number="1" type="jump" coverage="0%" />
                    <condition number="9" type="jump" coverage="0%" />
                    <condition number="17" type="jump" coverage="0%" />
                    <condition number="32" type="jump" coverage="0%" />
                    <condition number="61" type="jump" coverage="0%" />
                    <condition number="76" type="jump" coverage="0%" />
                  </conditions>
                </line>
                <line number="93" hits="0" branch="False" />
                <line number="94" hits="0" branch="False" />
                <line number="95" hits="0" branch="False" />
                <line number="96" hits="0" branch="True" condition-coverage="0% (0/2)">
                  <conditions>
                    <condition number="6" type="jump" coverage="0%" />
                  </conditions>
                </line>
                <line number="97" hits="0" branch="False" />
                <line number="98" hits="0" branch="False" />
                <line number="99" hits="0" branch="False" />
                <line number="101" hits="0" branch="False" />
                <line number="102" hits="0" branch="True" condition-coverage="0% (0/2)">
                  <conditions>
                    <condition number="103" type="jump" coverage="0%" />
                  </conditions>
                </line>
                <line number="104" hits="0" branch="False" />
                <line number="105" hits="0" branch="False" />
                <line number="108" hits="0" branch="False" />
              </lines>
            </method>
            <method name="AddNexJobJobs" signature="(NexJob.NexJobBuilder,System.Reflection.Assembly)" line-rate="0" branch-rate="1" complexity="1">
              <lines>
                <line number="121" hits="0" branch="False" />
                <line number="122" hits="0" branch="False" />
              </lines>
            </method>
            <method name="AddJobMigration" signature="(Microsoft.Extensions.DependencyInjection.IServiceCollection)" line-rate="0" branch-rate="1" complexity="1">
              <lines>
                <line number="140" hits="0" branch="False" />
                <line number="141" hits="0" branch="False" />
                <line number="142" hits="0" branch="False" />
              </lines>
            </method>
            <method name="BuildFromConfiguration" signature="(Microsoft.Extensions.Configuration.IConfiguration)" line-rate="0" branch-rate="0" complexity="2">
              <lines>
                <line number="149" hits="0" branch="False" />
                <line number="150" hits="0" branch="False" />
                <line number="151" hits="0" branch="False" />
                <line number="152" hits="0" branch="False" />
                <line number="154" hits="0" branch="True" condition-coverage="0% (0/2)">
                  <conditions>
                    <condition number="24" type="jump" coverage="0%" />
                  </conditions>
                </line>
                <line number="156" hits="0" branch="False" />
                <line number="159" hits="0" branch="False" />
              </lines>
            </method>
            <method name="RegisterCore" signature="(Microsoft.Extensions.DependencyInjection.IServiceCollection,NexJob.NexJobOptions)" line-rate="0" branch-rate="0" complexity="2">
              <lines>
                <line number="164" hits="0" branch="False" />
                <line number="165" hits="0" branch="False" />
                <line number="166" hits="0" branch="False" />
                <line number="167" hits="0" branch="False" />
                <line number="168" hits="0" branch="False" />
                <line number="169" hits="0" branch="False" />
                <line number="170" hits="0" branch="False" />
                <line number="172" hits="0" branch="False" />
                <line number="173" hits="0" branch="False" />
                <line number="174" hits="0" branch="False" />
                <line number="175" hits="0" branch="False" />
                <line number="176" hits="0" branch="False" />
                <line number="177" hits="0" branch="False" />
                <line number="178" hits="0" branch="False" />
                <line number="179" hits="0" branch="False" />
                <line number="180" hits="0" branch="False" />
                <line number="181" hits="0" branch="False" />
                <line number="182" hits="0" branch="False" />
                <line number="183" hits="0" branch="False" />
                <line number="184" hits="0" branch="False" />
                <line number="185" hits="0" branch="False" />
                <line number="186" hits="0" branch="False" />
                <line number="187" hits="0" branch="False" />
                <line number="188" hits="0" branch="False" />
                <line number="189" hits="0" branch="False" />
                <line number="190" hits="0" branch="False" />
                <line number="191" hits="0" branch="False" />
                <line number="192" hits="0" branch="False" />
                <line number="193" hits="0" branch="False" />
                <line number="194" hits="0" branch="False" />
                <line number="195" hits="0" branch="False" />
                <line number="196" hits="0" branch="False" />
                <line number="197" hits="0" branch="False" />
                <line number="198" hits="0" branch="False" />
                <line number="199" hits="0" branch="True" condition-coverage="0% (0/2)">
                  <conditions>
                    <condition number="12" type="jump" coverage="0%" />
                  </conditions>
                </line>
                <line number="200" hits="0" branch="False" />
                <line number="201" hits="0" branch="False" />
                <line number="202" hits="0" branch="False" />
                <line number="203" hits="0" branch="False" />
              </lines>
            </method>
            <method name="GetOrCreateRegistry" signature="(Microsoft.Extensions.DependencyInjection.IServiceCollection)" line-rate="0" branch-rate="0" complexity="6">
              <lines>
                <line number="207" hits="0" branch="False" />
                <line number="208" hits="0" branch="True" condition-coverage="0% (0/2)">
                  <conditions>
                    <condition number="21" type="jump" coverage="0%" />
                  </conditions>
                </line>
                <line number="209" hits="0" branch="False" />
                <line number="210" hits="0" branch="True" condition-coverage="0% (0/4)">
                  <conditions>
                    <condition number="38" type="jump" coverage="0%" />
                    <condition number="56" type="jump" coverage="0%" />
                  </conditions>
                </line>
                <line number="212" hits="0" branch="False" />
                <line number="215" hits="0" branch="False" />
                <line number="216" hits="0" branch="False" />
                <line number="217" hits="0" branch="False" />
              </lines>
            </method>
          </methods>
          <lines>
            <line number="34" hits="0" branch="False" />
            <line number="35" hits="0" branch="True" condition-coverage="0% (0/2)">
              <conditions>
                <condition number="7" type="jump" coverage="0%" />
              </conditions>
            </line>
            <line number="36" hits="0" branch="False" />
            <line number="37" hits="0" branch="False" />
            <line number="51" hits="0" branch="False" />
            <line number="52" hits="0" branch="False" />
            <line number="53" hits="0" branch="False" />
            <line number="69" hits="0" branch="False" />
            <line number="70" hits="0" branch="False" />
            <line number="71" hits="0" branch="False" />
            <line number="72" hits="0" branch="False" />
            <line number="88" hits="0" branch="False" />
            <line number="89" hits="0" branch="False" />
            <line number="91" hits="0" branch="False" />
            <line number="92" hits="0" branch="True" condition-coverage="0% (0/12)">
              <conditions>
                <condition number="1" type="jump" coverage="0%" />
                <condition number="9" type="jump" coverage="0%" />
                <condition number="17" type="jump" coverage="0%" />
                <condition number="32" type="jump" coverage="0%" />
                <condition number="61" type="jump" coverage="0%" />
                <condition number="76" type="jump" coverage="0%" />
              </conditions>
            </line>
            <line number="93" hits="0" branch="False" />
            <line number="94" hits="0" branch="False" />
            <line number="95" hits="0" branch="False" />
            <line number="96" hits="0" branch="True" condition-coverage="0% (0/2)">
              <conditions>
                <condition number="6" type="jump" coverage="0%" />
              </conditions>
            </line>
            <line number="97" hits="0" branch="False" />
            <line number="98" hits="0" branch="False" />
            <line number="99" hits="0" branch="False" />
            <line number="101" hits="0" branch="False" />
            <line number="102" hits="0" branch="True" condition-coverage="0% (0/2)">
              <conditions>
                <condition number="103" type="jump" coverage="0%" />
              </conditions>
            </line>
            <line number="104" hits="0" branch="False" />
            <line number="105" hits="0" branch="False" />
            <line number="108" hits="0" branch="False" />
            <line number="121" hits="0" branch="False" />
            <line number="122" hits="0" branch="False" />
            <line number="140" hits="0" branch="False" />
            <line number="141" hits="0" branch="False" />
            <line number="142" hits="0" branch="False" />
            <line number="149" hits="0" branch="False" />
            <line number="150" hits="0" branch="False" />
            <line number="151" hits="0" branch="False" />
            <line number="152" hits="0" branch="False" />
            <line number="154" hits="0" branch="True" condition-coverage="0% (0/2)">
              <conditions>
                <condition number="24" type="jump" coverage="0%" />
              </conditions>
            </line>
            <line number="156" hits="0" branch="False" />
            <line number="159" hits="0" branch="False" />
            <line number="164" hits="0" branch="False" />
            <line number="165" hits="0" branch="False" />
            <line number="166" hits="0" branch="False" />
            <line number="167" hits="0" branch="False" />
            <line number="168" hits="0" branch="False" />
            <line number="169" hits="0" branch="False" />
            <line number="170" hits="0" branch="False" />
            <line number="172" hits="0" branch="False" />
            <line number="173" hits="0" branch="False" />
            <line number="174" hits="0" branch="False" />
            <line number="175" hits="0" branch="False" />
            <line number="176" hits="0" branch="False" />
            <line number="177" hits="0" branch="False" />
            <line number="178" hits="0" branch="False" />
            <line number="179" hits="0" branch="False" />
            <line number="180" hits="0" branch="False" />
            <line number="181" hits="0" branch="False" />
            <line number="182" hits="0" branch="False" />
            <line number="183" hits="0" branch="False" />
[...]
            <line number="112" hits="0" branch="False" />
            <line number="113" hits="0" branch="False" />
            <line number="114" hits="0" branch="True" condition-coverage="0% (0/2)">
              <conditions>
                <condition number="218" type="jump" coverage="0%" />
              </conditions>
            </line>
            <line number="116" hits="0" branch="False" />
            <line number="119" hits="0" branch="False" />
            <line number="120" hits="0" branch="False" />
            <line number="121" hits="0" branch="False" />
            <line number="123" hits="0" branch="False" />
            <line number="124" hits="0" branch="False" />
            <line number="133" hits="0" branch="False" />
            <line number="134" hits="0" branch="False" />
            <line number="135" hits="0" branch="False" />
            <line number="137" hits="0" branch="True" condition-coverage="0% (0/2)">
              <conditions>
                <condition number="489" type="jump" coverage="0%" />
              </conditions>
            </line>
            <line number="139" hits="0" branch="False" />
            <line number="142" hits="0" branch="False" />
            <line number="145" hits="0" branch="True" condition-coverage="0% (0/2)">
              <conditions>
                <condition number="655" type="jump" coverage="0%" />
              </conditions>
            </line>
            <line number="147" hits="0" branch="True" condition-coverage="0% (0/2)">
              <conditions>
                <condition number="666" type="jump" coverage="0%" />
              </conditions>
            </line>
            <line number="149" hits="0" branch="False" />
            <line number="152" hits="0" branch="False" />
            <line number="155" hits="0" branch="False" />
            <line number="156" hits="0" branch="False" />
          </lines>
        </class>
        <class name="NexJob.Exceptions.DuplicateJobException" filename="NexJob/Exceptions/DuplicateJobException.cs" line-rate="0" branch-rate="1" complexity="4">
          <methods>
            <method name="get_IdempotencyKey" signature="()" line-rate="0" branch-rate="1" complexity="1">
              <lines>
                <line number="24" hits="0" branch="False" />
              </lines>
            </method>
            <method name="get_ExistingJobId" signature="()" line-rate="0" branch-rate="1" complexity="1">
              <lines>
                <line number="29" hits="0" branch="False" />
              </lines>
            </method>
            <method name="get_Policy" signature="()" line-rate="0" branch-rate="1" complexity="1">
              <lines>
                <line number="34" hits="0" branch="False" />
              </lines>
            </method>
            <method name=".ctor" signature="(System.String,NexJob.JobId,NexJob.DuplicatePolicy)" line-rate="0" branch-rate="1" complexity="1">
              <lines>
                <line number="14" hits="0" branch="False" />
                <line number="16" hits="0" branch="False" />
                <line number="17" hits="0" branch="False" />
                <line number="18" hits="0" branch="False" />
                <line number="19" hits="0" branch="False" />
              </lines>
            </method>
          </methods>
          <lines>
            <line number="24" hits="0" branch="False" />
            <line number="29" hits="0" branch="False" />
            <line number="34" hits="0" branch="False" />
            <line number="14" hits="0" branch="False" />
            <line number="16" hits="0" branch="False" />
            <line number="17" hits="0" branch="False" />
            <line number="18" hits="0" branch="False" />
            <line number="19" hits="0" branch="False" />
          </lines>
        </class>
        <class name="NexJob.Configuration.DashboardSettings" filename="NexJob/Configuration/DashboardSettings.cs" line-rate="0.8" branch-rate="1" complexity="5">
          <methods>
            <method name="get_Path" signature="()" line-rate="1" branch-rate="1" complexity="1">
              <lines>
                <line number="7" hits="5" branch="False" />
              </lines>
            </method>
            <method name="get_Title" signature="()" line-rate="1" branch-rate="1" complexity="1">
              <lines>
                <line number="10" hits="5" branch="False" />
              </lines>
            </method>
            <method name="get_PollIntervalSeconds" signature="()" line-rate="1" branch-rate="1" complexity="1">
              <lines>
                <line number="13" hits="5" branch="False" />
              </lines>
            </method>
            <method name="get_Port" signature="()" line-rate="1" branch-rate="1" complexity="1">
              <lines>
                <line number="16" hits="5" branch="False" />
              </lines>
            </method>
            <method name="get_LocalhostOnly" signature="()" line-rate="0" branch-rate="1" complexity="1">
              <lines>
                <line number="19" hits="0" branch="False" />
              </lines>
            </method>
          </methods>
          <lines>
            <line number="7" hits="5" branch="False" />
            <line number="10" hits="5" branch="False" />
            <line number="13" hits="5" branch="False" />
            <line number="16" hits="5" branch="False" />
            <line number="19" hits="0" branch="False" />
          </lines>
        </class>
        <class name="NexJob.Configuration.ExecutionWindowSettings" filename="NexJob/Configuration/ExecutionWindowSettings.cs" line-rate="0" branch-rate="0" complexity="9">
          <methods>
            <method name="get_StartTime" signature="()" line-rate="0" branch-rate="1" complexity="1">
              <lines>
                <line number="10" hits="0" branch="False" />
              </lines>
            </method>
            <method name="get_EndTime" signature="()" line-rate="0" branch-rate="1" complexity="1">
              <lines>
                <line number="13" hits="0" branch="False" />
              </lines>
            </method>
            <method name="get_TimeZone" signature="()" line-rate="0" branch-rate="1" complexity="1">
              <lines>
                <line number="16" hits="0" branch="False" />
              </lines>
            </method>
            <method name="IsWithinWindow" signature="(System.DateTimeOffset)" line-rate="0" branch-rate="0" complexity="6">
              <lines>
                <line number="25" hits="0" branch="False" />
                <line number="26" hits="0" branch="False" />
                <line number="28" hits="0" branch="True" condition-coverage="0% (0/6)">
                  <conditions>
                    <condition number="50" type="jump" coverage="0%" />
                    <condition number="64" type="jump" coverage="0%" />
                    <condition number="93" type="jump" coverage="0%" />
                  </conditions>
                </line>
                <line number="29" hits="0" branch="False" />
                <line number="30" hits="0" branch="False" />
              </lines>
            </method>
          </methods>
          <lines>
            <line number="10" hits="0" branch="False" />
            <line number="13" hits="0" branch="False" />
            <line number="16" hits="0" branch="False" />
            <line number="25" hits="0" branch="False" />
            <line number="26" hits="0" branch="False" />
            <line number="28" hits="0" branch="True" condition-coverage="0% (0/6)">
              <conditions>
                <condition number="50" type="jump" coverage="0%" />
                <condition number="64" type="jump" coverage="0%" />
                <condition number="93" type="jump" coverage="0%" />
              </conditions>
            </line>
            <line number="29" hits="0" branch="False" />
            <line number="30" hits="0" branch="False" />
          </lines>
        </class>
        <class name="NexJob.Configuration.RuntimeSettings" filename="NexJob/Configuration/IRuntimeSettingsStore.cs" line-rate="0" branch-rate="1" complexity="8">
          <methods>
            <method name="get_Workers" signature="()" line-rate="0" branch-rate="1" complexity="1">
              <lines>
                <line number="23" hits="0" branch="False" />
              </lines>
            </method>
            <method name="get_PausedQueues" signature="()" line-rate="0" branch-rate="1" complexity="1">
              <lines>
                <line number="26" hits="0" branch="False" />
              </lines>
            </method>
            <method name="get_RecurringJobsPaused" signature="()" line-rate="0" branch-rate="1" complexity="1">
              <lines>
                <line number="29" hits="0" branch="False" />
              </lines>
            </method>
            <method name="get_PollingInterval" signature="()" line-rate="0" branch-rate="1" complexity="1">
              <lines>
                <line number="32" hits="0" branch="False" />
              </lines>
            </method>
            <method name="get_RetentionSucceeded" signature="()" line-rate="0" branch-rate="1" complexity="1">
              <lines>
                <line number="39" hits="0" branch="False" />
              </lines>
            </method>
            <method name="get_RetentionFailed" signature="()" line-rate="0" branch-rate="1" complexity="1">
              <lines>
                <line number="46" hits="0" branch="False" />
              </lines>
            </method>
            <method name="get_RetentionExpired" signature="()" line-rate="0" branch-rate="1" complexity="1">
              <lines>
                <line number="53" hits="0" branch="False" />
              </lines>
            </method>
            <method name="get_UpdatedAt" signature="()" line-rate="0" branch-rate="1" complexity="1">
              <lines>
                <line number="56" hits="0" branch="False" />
              </lines>
            </method>
          </methods>
          <lines>
            <line number="23" hits="0" branch="False" />
            <line number="26" hits="0" branch="False" />
            <line number="29" hits="0" branch="False" />
            <line number="32" hits="0" branch="False" />
            <line number="39" hits="0" branch="False" />
            <line number="46" hits="0" branch="False" />
            <line number="53" hits="0" branch="False" />
            <line number="56" hits="0" branch="False" />
          </lines>
        </class>
        <class name="NexJob.Configuration.NexJobSettings" filename="NexJob/Configuration/NexJobSettings.cs" line-rate="0" branch-rate="1" complexity="14">
          <methods>
            <method name="get_Workers" signature="()" line-rate="0" branch-rate="1" complexity="1">
              <lines>
                <line number="15" hits="0" branch="False" />
              </lines>
            </method>
            <method name="get_ServerId" signature="()" line-rate="0" branch-rate="1" complexity="1">
              <lines>
                <line number="18" hits="0" branch="False" />
              </lines>
            </method>
            <method name="get_MaxAttempts" signature="()" line-rate="0" branch-rate="1" complexity="1">
              <lines>
                <line number="21" hits="0" branch="False" />
              </lines>
            </method>
            <method name="get_DefaultQueue" signature="()" line-rate="0" branch-rate="1" complexity="1">
              <lines>
                <line number="24" hits="0" branch="False" />
              </lines>
            </method>
            <method name="get_PollingInterval" signature="()" line-rate="0" branch-rate="1" complexity="1">
              <lines>
                <line number="27" hits="0" branch="False" />
              </lines>
            </method>
            <method name="get_HeartbeatInterval" signature="()" line-rate="0" branch-rate="1" complexity="1">
              <lines>
                <line number="30" hits="0" branch="False" />
              </lines>
            </method>
            <method name="get_ServerHeartbeatInterval" signature="()" line-rate="0" branch-rate="1" complexity="1">
              <lines>
                <line number="33" hits="0" branch="False" />
              </lines>
            </method>
            <method name="get_HeartbeatTimeout" signature="()" line-rate="0" branch-rate="1" complexity="1">
              <lines>
                <line number="36" hits="0" branch="False" />
              </lines>
            </method>
            <method name="get_MaxJobLogLines" signature="()" line-rate="0" branch-rate="1" complexity="1">
              <lines>
                <line number="39" hits="0" branch="False" />
              </lines>
            </method>
            <method name="get_Queues" signature="()" line-rate="0" branch-rate="1" complexity="1">
              <lines>
                <line number="42" hits="0" branch="False" />
              </lines>
            </method>
            <method name="get_QueueSettings" signature="()" line-rate="0" branch-rate="1" complexity="1">
              <lines>
                <line number="45" hits="0" branch="False" />
              </lines>
            </method>
            <method name="get_ShutdownTimeoutSeconds" signature="()" line-rate="0" branch-rate="1" complexity="1">
              <lines>
                <line number="48" hits="0" branch="False" />
              </lines>
            </method>
            <method name="get_Dashboard" signature="()" line-rate="0" branch-rate="1" complexity="1">
              <lines>
                <line number="51" hits="0" branch="False" />
              </lines>
            </method>
            <method name="get_RecurringJobs" signature="()" line-rate="0" branch-rate="1" complexity="1">
              <lines>
                <line number="54" hits="0" branch="False" />
              </lines>
            </method>
          </methods>
          <lines>
            <line number="15" hits="0" branch="False" />
            <line number="18" hits="0" branch="False" />
            <line number="21" hits="0" branch="False" />
            <line number="24" hits="0" branch="False" />
            <line number="27" hits="0" branch="False" />
            <line number="30" hits="0" branch="False" />
            <line number="33" hits="0" branch="False" />
            <line number="36" hits="0" branch="False" />
            <line number="39" hits="0" branch="False" />
            <line number="42" hits="0" branch="False" />
            <line number="45" hits="0" branch="False" />
            <line number="48" hits="0" branch="False" />
            <line number="51" hits="0" branch="False" />
            <line number="54" hits="0" branch="False" />
          </lines>
        </class>
        <class name="NexJob.Configuration.QueueSettings" filename="NexJob/Configuration/QueueSettings.cs" line-rate="0" branch-rate="1" complexity="3">
          <methods>
            <method name="get_Name" signature="()" line-rate="0" branch-rate="1" complexity="1">
              <lines>
                <line number="7" hits="0" branch="False" />
              </lines>
            </method>
            <method name="get_Workers" signature="()" line-rate="0" branch-rate="1" complexity="1">
              <lines>
                <line number="10" hits="0" branch="False" />
              </lines>
            </method>
            <method name="get_ExecutionWindow" signature="()" line-rate="0" branch-rate="1" complexity="1">
              <lines>
                <line number="13" hits="0" branch="False" />
              </lines>
            </method>
          </methods>
          <lines>
            <line number="7" hits="0" branch="False" />
            <line number="10" hits="0" branch="False" />
            <line number="13" hits="0" branch="False" />
          </lines>
        </class>
        <class name="NexJob.Configuration.RecurringJobSettings" filename="NexJob/Configuration/RecurringJobSettings.cs" line-rate="0" branch-rate="0" complexity="12">
          <methods>
            <method name="get_Job" signature="()" line-rate="0" branch-rate="1" complexity="1">
              <lines>
                <line number="17" hits="0" branch="False" />
              </lines>
            </method>
            <method name="get_Id" signature="()" line-rate="0" branch-rate="1" complexity="1">
              <lines>
                <line number="25" hits="0" branch="False" />
              </lines>
            </method>
            <method name="get_Input" signature="()" line-rate="0" branch-rate="1" complexity="1">
              <lines>
                <line number="33" hits="0" branch="False" />
              </lines>
            </method>
            <method name="get_Cron" signature="()" line-rate="0" branch-rate="1" complexity="1">
              <lines>
                <line number="42" hits="0" branch="False" />
              </lines>
            </method>
            <method name="get_TimeZoneId" signature="()" line-rate="0" branch-rate="1" complexity="1">
              <lines>
                <line number="49" hits="0" branch="False" />
              </lines>
            </method>
            <method name="get_Queue" signature="()" line-rate="0" branch-rate="1" complexity="1">
              <lines>
                <line number="55" hits="0" branch="False" />
              </lines>
            </method>
            <method name="get_ConcurrencyPolicy" signature="()" line-rate="0" branch-rate="1" complexity="1">
              <lines>
                <line number="61" hits="0" branch="False" />
              </lines>
            </method>
            <method name="get_Enabled" signature="()" line-rate="0" branch-rate="1" complexity="1">
              <lines>
                <line number="66" hits="0" branch="False" />
              </lines>
            </method>
            <method name="get_ResolvedJobType" signature="()" line-rate="0" branch-rate="1" complexity="1">
              <lines>
                <line number="71" hits="0" branch="False" />
              </lines>
            </method>
            <method name="get_ResolvedInputJson" signature="()" line-rate="0" branch-rate="1" complexity="1">
              <lines>
                <line number="76" hits="0" branch="False" />
              </lines>
            </method>
            <method name="get_EffectiveId" signature="()" line-rate="0" branch-rate="0" complexity="2">
              <lines>
                <line number="82" hits="0" branch="True" condition-coverage="0% (0/2)">
                  <conditions>
                    <condition number="11" type="jump" coverage="0%" />
                  </conditions>
                </line>
              </lines>
            </method>
          </methods>
          <lines>
            <line number="17" hits="0" branch="False" />
            <line number="25" hits="0" branch="False" />
            <line number="33" hits="0" branch="False" />
            <line number="42" hits="0" branch="False" />
            <line number="49" hits="0" branch="False" />
            <line number="55" hits="0" branch="False" />
            <line number="61" hits="0" branch="False" />
            <line number="66" hits="0" branch="False" />
            <line number="71" hits="0" branch="False" />
            <line number="76" hits="0" branch="False" />
            <line number="82" hits="0" branch="True" condition-coverage="0% (0/2)">
              <conditions>
                <condition number="11" type="jump" coverage="0%" />
              </conditions>
            </line>
          </lines>
        </class>
      </classes>
    </package>
  </packages>
</coverage>