<?xml version="1.0" encoding="utf-8"?>
<coverage line-rate="0.0331" branch-rate="0" version="1.9" timestamp="1776325455" lines-covered="82" lines-valid="2476" branches-covered="0" branches-valid="592">
  <sources>
    <source>/home/luciano/git/NexJob/src/</source>
  </sources>
  <packages>
    <package name="NexJob.Postgres" line-rate="0.0305" branch-rate="0" complexity="217">
      <classes>
        <class name="NexJob.Postgres.JobRow" filename="NexJob.Postgres/JobRow.cs" line-rate="0" branch-rate="0" complexity="33">
          <methods>
            <method name="get_Id" signature="()" line-rate="0" branch-rate="1" complexity="1">
              <lines>
                <line number="8" hits="0" branch="False" />
              </lines>
            </method>
            <method name="get_JobType" signature="()" line-rate="0" branch-rate="1" complexity="1">
              <lines>
                <line number="9" hits="0" branch="False" />
              </lines>
            </method>
            <method name="get_InputType" signature="()" line-rate="0" branch-rate="1" complexity="1">
              <lines>
                <line number="10" hits="0" branch="False" />
              </lines>
            </method>
            <method name="get_InputJson" signature="()" line-rate="0" branch-rate="1" complexity="1">
              <lines>
                <line number="11" hits="0" branch="False" />
              </lines>
            </method>
            <method name="get_SchemaVersion" signature="()" line-rate="0" branch-rate="1" complexity="1">
              <lines>
                <line number="12" hits="0" branch="False" />
              </lines>
            </method>
            <method name="get_Queue" signature="()" line-rate="0" branch-rate="1" complexity="1">
              <lines>
                <line number="13" hits="0" branch="False" />
              </lines>
            </method>
            <method name="get_Priority" signature="()" line-rate="0" branch-rate="1" complexity="1">
              <lines>
                <line number="14" hits="0" branch="False" />
              </lines>
            </method>
            <method name="get_Status" signature="()" line-rate="0" branch-rate="1" complexity="1">
              <lines>
                <line number="15" hits="0" branch="False" />
              </lines>
            </method>
            <method name="get_IdempotencyKey" signature="()" line-rate="0" branch-rate="1" complexity="1">
              <lines>
                <line number="16" hits="0" branch="False" />
              </lines>
            </method>
            <method name="get_Attempts" signature="()" line-rate="0" branch-rate="1" complexity="1">
              <lines>
                <line number="17" hits="0" branch="False" />
              </lines>
            </method>
            <method name="get_MaxAttempts" signature="()" line-rate="0" branch-rate="1" complexity="1">
              <lines>
                <line number="18" hits="0" branch="False" />
              </lines>
            </method>
            <method name="get_CreatedAt" signature="()" line-rate="0" branch-rate="1" complexity="1">
              <lines>
                <line number="19" hits="0" branch="False" />
              </lines>
            </method>
            <method name="get_ScheduledAt" signature="()" line-rate="0" branch-rate="1" complexity="1">
              <lines>
                <line number="20" hits="0" branch="False" />
              </lines>
            </method>
            <method name="get_ProcessingStartedAt" signature="()" line-rate="0" branch-rate="1" complexity="1">
              <lines>
                <line number="21" hits="0" branch="False" />
              </lines>
            </method>
            <method name="get_HeartbeatAt" signature="()" line-rate="0" branch-rate="1" complexity="1">
              <lines>
                <line number="22" hits="0" branch="False" />
              </lines>
            </method>
            <method name="get_CompletedAt" signature="()" line-rate="0" branch-rate="1" complexity="1">
              <lines>
                <line number="23" hits="0" branch="False" />
              </lines>
            </method>
            <method name="get_RetryAt" signature="()" line-rate="0" branch-rate="1" complexity="1">
              <lines>
                <line number="24" hits="0" branch="False" />
              </lines>
            </method>
            <method name="get_ExceptionMessage" signature="()" line-rate="0" branch-rate="1" complexity="1">
              <lines>
                <line number="25" hits="0" branch="False" />
              </lines>
            </method>
            <method name="get_ExceptionStackTrace" signature="()" line-rate="0" branch-rate="1" complexity="1">
              <lines>
                <line number="26" hits="0" branch="False" />
              </lines>
            </method>
            <method name="get_ParentJobId" signature="()" line-rate="0" branch-rate="1" complexity="1">
              <lines>
                <line number="27" hits="0" branch="False" />
              </lines>
            </method>
            <method name="get_RecurringJobId" signature="()" line-rate="0" branch-rate="1" complexity="1">
              <lines>
                <line number="28" hits="0" branch="False" />
              </lines>
            </method>
            <method name="get_ExecutionLogs" signature="()" line-rate="0" branch-rate="1" complexity="1">
              <lines>
                <line number="29" hits="0" branch="False" />
              </lines>
            </method>
            <method name="get_Tags" signature="()" line-rate="0" branch-rate="1" complexity="1">
              <lines>
                <line number="30" hits="0" branch="False" />
              </lines>
            </method>
            <method name="get_ProgressPercent" signature="()" line-rate="0" branch-rate="1" complexity="1">
              <lines>
                <line number="31" hits="0" branch="False" />
              </lines>
            </method>
            <method name="get_ProgressMessage" signature="()" line-rate="0" branch-rate="1" complexity="1">
              <lines>
                <line number="32" hits="0" branch="False" />
              </lines>
            </method>
            <method name="ToRecord" signature="()" line-rate="0" branch-rate="0" complexity="8">
              <lines>
                <line number="34" hits="0" branch="True" condition-coverage="0% (0/8)">
                  <conditions>
                    <condition number="258" type="jump" coverage="0%" />
                    <condition number="324" type="jump" coverage="0%" />
                    <condition number="341" type="jump" coverage="0%" />
                    <condition number="373" type="jump" coverage="0%" />
                  </conditions>
                </line>
                <line number="35" hits="0" branch="False" />
                <line number="36" hits="0" branch="False" />
                <line number="37" hits="0" branch="False" />
                <line number="38" hits="0" branch="False" />
                <line number="39" hits="0" branch="False" />
                <line number="40" hits="0" branch="False" />
                <line number="41" hits="0" branch="False" />
                <line number="42" hits="0" branch="False" />
                <line number="43" hits="0" branch="False" />
                <line number="44" hits="0" branch="False" />
                <line number="45" hits="0" branch="False" />
                <line number="46" hits="0" branch="False" />
                <line number="47" hits="0" branch="False" />
                <line number="48" hits="0" branch="False" />
                <line number="49" hits="0" branch="False" />
                <line number="50" hits="0" branch="False" />
                <line number="51" hits="0" branch="False" />
                <line number="52" hits="0" branch="False" />
                <line number="53" hits="0" branch="False" />
                <line number="54" hits="0" branch="False" />
                <line number="55" hits="0" branch="False" />
                <line number="56" hits="0" branch="False" />
                <line number="57" hits="0" branch="False" />
                <line number="58" hits="0" branch="False" />
                <line number="59" hits="0" branch="False" />
                <line number="60" hits="0" branch="False" />
                <line number="61" hits="0" branch="False" />
                <line number="62" hits="0" branch="False" />
                <line number="63" hits="0" branch="False" />
              </lines>
            </method>
          </methods>
          <lines>
            <line number="8" hits="0" branch="False" />
            <line number="9" hits="0" branch="False" />
            <line number="10" hits="0" branch="False" />
            <line number="11" hits="0" branch="False" />
            <line number="12" hits="0" branch="False" />
            <line number="13" hits="0" branch="False" />
            <line number="14" hits="0" branch="False" />
            <line number="15" hits="0" branch="False" />
            <line number="16" hits="0" branch="False" />
            <line number="17" hits="0" branch="False" />
            <line number="18" hits="0" branch="False" />
            <line number="19" hits="0" branch="False" />
            <line number="20" hits="0" branch="False" />
            <line number="21" hits="0" branch="False" />
            <line number="22" hits="0" branch="False" />
            <line number="23" hits="0" branch="False" />
            <line number="24" hits="0" branch="False" />
            <line number="25" hits="0" branch="False" />
            <line number="26" hits="0" branch="False" />
            <line number="27" hits="0" branch="False" />
            <line number="28" hits="0" branch="False" />
            <line number="29" hits="0" branch="False" />
            <line number="30" hits="0" branch="False" />
            <line number="31" hits="0" branch="False" />
            <line number="32" hits="0" branch="False" />
            <line number="34" hits="0" branch="True" condition-coverage="0% (0/8)">
              <conditions>
                <condition number="258" type="jump" coverage="0%" />
                <condition number="324" type="jump" coverage="0%" />
                <condition number="341" type="jump" coverage="0%" />
                <condition number="373" type="jump" coverage="0%" />
              </conditions>
            </line>
            <line number="35" hits="0" branch="False" />
            <line number="36" hits="0" branch="False" />
            <line number="37" hits="0" branch="False" />
            <line number="38" hits="0" branch="False" />
            <line number="39" hits="0" branch="False" />
            <line number="40" hits="0" branch="False" />
            <line number="41" hits="0" branch="False" />
            <line number="42" hits="0" branch="False" />
            <line number="43" hits="0" branch="False" />
            <line number="44" hits="0" branch="False" />
            <line number="45" hits="0" branch="False" />
            <line number="46" hits="0" branch="False" />
            <line number="47" hits="0" branch="False" />
            <line number="48" hits="0" branch="False" />
            <line number="49" hits="0" branch="False" />
            <line number="50" hits="0" branch="False" />
            <line number="51" hits="0" branch="False" />
            <line number="52" hits="0" branch="False" />
            <line number="53" hits="0" branch="False" />
            <line number="54" hits="0" branch="False" />
            <line number="55" hits="0" branch="False" />
            <line number="56" hits="0" branch="False" />
            <line number="57" hits="0" branch="False" />
            <line number="58" hits="0" branch="False" />
            <line number="59" hits="0" branch="False" />
            <line number="60" hits="0" branch="False" />
            <line number="61" hits="0" branch="False" />
            <line number="62" hits="0" branch="False" />
            <line number="63" hits="0" branch="False" />
          </lines>
        </class>
        <class name="NexJob.Postgres.NexJobPostgresExtensions" filename="NexJob.Postgres/NexJobPostgresExtensions.cs" line-rate="0.7857" branch-rate="1" complexity="2">
          <methods>
            <method name="AddNexJobPostgres" signature="(Microsoft.Extensions.DependencyInjection.IServiceCollection,System.String)" line-rate="1" branch-rate="1" complexity="1">
              <lines>
                <line number="23" hits="1" branch="False" />
                <line number="24" hits="1" branch="False" />
                <line number="25" hits="1" branch="False" />
                <line number="26" hits="1" branch="False" />
                <line number="27" hits="1" branch="False" />
                <line number="29" hits="1" branch="False" />
                <line number="30" hits="1" branch="False" />
              </lines>
            </method>
            <method name="UseDashboardReadReplica" signature="(NexJob.NexJobBuilder,System.String)" line-rate="0.5714" branch-rate="1" complexity="1">
              <lines>
                <line number="51" hits="1" branch="False" />
                <line number="52" hits="1" branch="False" />
                <line number="53" hits="0" branch="False" />
                <line number="54" hits="0" branch="False" />
                <line number="55" hits="0" branch="False" />
                <line number="56" hits="1" branch="False" />
                <line number="58" hits="1" branch="False" />
              </lines>
            </method>
          </methods>
          <lines>
            <line number="23" hits="1" branch="False" />
            <line number="24" hits="1" branch="False" />
            <line number="25" hits="1" branch="False" />
            <line number="26" hits="1" branch="False" />
            <line number="27" hits="1" branch="False" />
            <line number="29" hits="1" branch="False" />
            <line number="30" hits="1" branch="False" />
            <line number="51" hits="1" branch="False" />
            <line number="52" hits="1" branch="False" />
            <line number="53" hits="0" branch="False" />
            <line number="54" hits="0" branch="False" />
            <line number="55" hits="0" branch="False" />
            <line number="56" hits="1" branch="False" />
            <line number="58" hits="1" branch="False" />
          </lines>
        </class>
        <class name="NexJob.Postgres.PostgresRuntimeSettingsStore" filename="NexJob.Postgres/PostgresRuntimeSettingsStore.cs" line-rate="0" branch-rate="1" complexity="1">
          <methods>
            <method name=".ctor" signature="(System.String)" line-rate="0" branch-rate="1" complexity="1">
              <lines>
                <line number="20" hits="0" branch="False" />
                <line number="22" hits="0" branch="False" />
                <line number="23" hits="0" branch="False" />
              </lines>
            </method>
          </methods>
          <lines>
            <line number="20" hits="0" branch="False" />
            <line number="22" hits="0" branch="False" />
            <line number="23" hits="0" branch="False" />
          </lines>
        </class>
        <class name="NexJob.Postgres.PostgresRuntimeSettingsStore/&lt;GetAsync&gt;d__3" filename="NexJob.Postgres/PostgresRuntimeSettingsStore.cs" line-rate="0" branch-rate="0" complexity="4">
          <methods>
            <method name="MoveNext" signature="()" line-rate="0" branch-rate="0" complexity="4">
              <lines>
                <line number="28" hits="0" branch="False" />
                <line number="29" hits="0" branch="False" />
                <line number="31" hits="0" branch="False" />
                <line number="32" hits="0" branch="False" />
                <line number="33" hits="0" branch="False" />
                <line number="35" hits="0" branch="True" condition-coverage="0% (0/4)">
                  <conditions>
                    <condition number="330" type="jump" coverage="0%" />
                    <condition number="340" type="jump" coverage="0%" />
                  </conditions>
                </line>
                <line number="36" hits="0" branch="False" />
                <line number="37" hits="0" branch="False" />
                <line number="38" hits="0" branch="False" />
              </lines>
            </method>
          </methods>
          <lines>
            <line number="28" hits="0" branch="False" />
            <line number="29" hits="0" branch="False" />
            <line number="31" hits="0" branch="False" />
            <line number="32" hits="0" branch="False" />
            <line number="33" hits="0" branch="False" />
            <line number="35" hits="0" branch="True" condition-coverage="0% (0/4)">
              <conditions>
                <condition number="330" type="jump" coverage="0%" />
                <condition number="340" type="jump" coverage="0%" />
              </conditions>
            </line>
            <line number="36" hits="0" branch="False" />
            <line number="37" hits="0" branch="False" />
            <line number="38" hits="0" branch="False" />
          </lines>
        </class>
        <class name="NexJob.Postgres.PostgresRuntimeSettingsStore/&lt;SaveAsync&gt;d__4" filename="NexJob.Postgres/PostgresRuntimeSettingsStore.cs" line-rate="0" branch-rate="1" complexity="1">
          <methods>
            <method name="MoveNext" signature="()" line-rate="0" branch-rate="1" complexity="1">
              <lines>
                <line number="43" hits="0" branch="False" />
                <line number="44" hits="0" branch="False" />
                <line number="46" hits="0" branch="False" />
                <line number="47" hits="0" branch="False" />
                <line number="49" hits="0" branch="False" />
                <line number="50" hits="0" branch="False" />
                <line number="51" hits="0" branch="False" />
                <line number="52" hits="0" branch="False" />
                <line number="53" hits="0" branch="False" />
                <line number="54" hits="0" branch="False" />
                <line number="55" hits="0" branch="False" />
                <line number="56" hits="0" branch="False" />
                <line number="57" hits="0" branch="False" />
                <line number="58" hits="0" branch="False" />
              </lines>
            </method>
          </methods>
          <lines>
            <line number="43" hits="0" branch="False" />
            <line number="44" hits="0" branch="False" />
            <line number="46" hits="0" branch="False" />
            <line number="47" hits="0" branch="False" />
            <line number="49" hits="0" branch="False" />
            <line number="50" hits="0" branch="False" />
            <line number="51" hits="0" branch="False" />
            <line number="52" hits="0" branch="False" />
            <line number="53" hits="0" branch="False" />
            <line number="54" hits="0" branch="False" />
            <line number="55" hits="0" branch="False" />
            <line number="56" hits="0" branch="False" />
            <line number="57" hits="0" branch="False" />
            <line number="58" hits="0" branch="False" />
          </lines>
        </class>
        <class name="NexJob.Postgres.PostgresStorageProvider" filename="NexJob.Postgres/PostgresStorageProvider.cs" line-rate="0" branch-rate="0" complexity="12">
          <methods>
            <method name="ParseStatus" signature="(System.String)" line-rate="0" branch-rate="0" complexity="2">
              <lines>
                <line number="982" hits="0" branch="True" condition-coverage="0% (0/2)">
                  <conditions>
                    <condition number="8" type="jump" coverage="0%" />
                  </conditions>
                </line>
              </lines>
            </method>
            <method name="IsActiveState" signature="(NexJob.JobStatus)" line-rate="0" branch-rate="0" complexity="4">
              <lines>
                <line number="985" hits="0" branch="True" condition-coverage="0% (0/4)">
                  <conditions>
                    <condition number="2" type="jump" coverage="0%" />
                    <condition number="6" type="jump" coverage="0%" />
                  </conditions>
                </line>
              </lines>
            </method>
            <method name="Open" signature="()" line-rate="0" branch-rate="0" complexity="4">
              <lines>
                <line number="987" hits="0" branch="True" condition-coverage="0% (0/4)">
                  <conditions>
                    <condition number="7" type="jump" coverage="0%" />
                    <condition number="19" type="jump" coverage="0%" />
                  </conditions>
                </line>
              </lines>
            </method>
            <method name=".ctor" signature="(System.String)" line-rate="0" branch-rate="1" complexity="1">
              <lines>
                <line number="24" hits="0" branch="False" />
                <line number="26" hits="0" branch="False" />
                <line number="29" hits="0" branch="False" />
                <line number="32" hits="0" branch="False" />
                <line number="34" hits="0" branch="False" />
              </lines>
            </method>
            <method name=".ctor" signature="(Npgsql.NpgsqlDataSource,NexJob.NexJobOptions)" line-rate="0" branch-rate="1" complexity="1">
              <lines>
                <line number="42" hits="0" branch="False" />
                <line number="44" hits="0" branch="False" />
                <line number="45" hits="0" branch="False" />
                <line number="46" hits="0" branch="False" />
              </lines>
            </method>
          </methods>
          <lines>
            <line number="982" hits="0" branch="True" condition-coverage="0% (0/2)">
              <conditions>
                <condition number="8" type="jump" coverage="0%" />
              </conditions>
            </line>
            <line number="985" hits="0" branch="True" condition-coverage="0% (0/4)">
              <conditions>
                <condition number="2" type="jump" coverage="0%" />
                <condition number="6" type="jump" coverage="0%" />
              </conditions>
            </line>
            <line number="987" hits="0" branch="True" condition-coverage="0% (0/4)">
              <conditions>
                <condition number="7" type="jump" coverage="0%" />
                <condition number="19" type="jump" coverage="0%" />
              </conditions>
            </line>
            <line number="24" hits="0" branch="False" />
            <line number="26" hits="0" branch="False" />
            <line number="29" hits="0" branch="False" />
            <line number="32" hits="0" branch="False" />
            <line number="34" hits="0" branch="False" />
            <line number="42" hits="0" branch="False" />
            <line number="44" hits="0" branch="False" />
            <line number="45" hits="0" branch="False" />
            <line number="46" hits="0" branch="False" />
          </lines>
        </class>
        <class name="NexJob.Postgres.PostgresStorageProvider/&lt;&gt;c" filename="NexJob.Postgres/PostgresStorageProvider.cs" line-rate="0" branch-rate="0" complexity="28">
          <methods>
            <method name="&lt;GetDueRecurringJobsAsync&gt;b__11_0" signature="(NexJob.Postgres.RecurringJobRow)" line-rate="0" branch-rate="1" complexity="1">
              <lines>
                <line number="385" hits="0" branch="False" />
              </lines>
            </method>
            <method name="&lt;GetRecurringJobsAsync&gt;b__15_0" signature="(NexJob.Postgres.RecurringJobRow)" line-rate="0" branch-rate="1" complexity="1">
              <lines>
                <line number="438" hits="0" branch="False" />
              </lines>
            </method>
            <method name="&lt;GetActiveServersAsync&gt;b__26_0" signature="(System.Object)" line-rate="0" branch-rate="0" complexity="20">
              <lines>
                <line number="599" hits="0" branch="True" condition-coverage="0% (0/20)">
                  <conditions>
                    <condition number="12" type="jump" coverage="0%" />
                    <condition number="70" type="jump" coverage="0%" />
                    <condition number="156" type="jump" coverage="0%" />
                    <condition number="214" type="jump" coverage="0%" />
                    <condition number="300" type="jump" coverage="0%" />
                    <condition number="359" type="jump" coverage="0%" />
                    <condition number="445" type="jump" coverage="0%" />
                    <condition number="503" type="jump" coverage="0%" />
                    <condition number="589" type="jump" coverage="0%" />
                    <condition number="647" type="jump" coverage="0%" />
                  </conditions>
                </line>
                <line number="600" hits="0" branch="False" />
                <line number="601" hits="0" branch="False" />
                <line number="602" hits="0" branch="False" />
                <line number="603" hits="0" branch="False" />
                <line number="604" hits="0" branch="False" />
                <line number="605" hits="0" branch="False" />
                <line number="606" hits="0" branch="False" />
              </lines>
            </method>
            <method name="&lt;GetMetricsAsync&gt;b__27_0" signature="(System.ValueTuple`2&lt;System.String,System.Int32&gt;)" line-rate="0" branch-rate="1" complexity="1">
              <lines>
                <line number="619" hits="0" branch="False" />
              </lines>
            </method>
            <method name="&lt;GetMetricsAsync&gt;b__27_2" signature="(System.ValueTuple`2&lt;System.DateTimeOffset,System.Int32&gt;)" line-rate="0" branch-rate="1" complexity="1">
              <lines>
                <line number="630" hits="0" branch="False" />
              </lines>
            </method>
            <method name="&lt;GetMetricsAsync&gt;b__27_3" signature="(NexJob.Postgres.JobRow)" line-rate="0" branch-rate="1" complexity="1">
              <lines>
                <line number="635" hits="0" branch="False" />
              </lines>
            </method>
            <method name="&lt;GetJobsAsync&gt;b__28_0" signature="(NexJob.Postgres.JobRow)" line-rate="0" branch-rate="1" complexity="1">
              <lines>
                <line number="697" hits="0" branch="False" />
              </lines>
            </method>
            <method name="&lt;GetQueueMetricsAsync&gt;b__32_0" signature="(System.ValueTuple`3&lt;System.String,System.Int32,System.Int32&gt;)" line-rate="0" branch-rate="1" complexity="1">
              <lines>
                <line number="754" hits="0" branch="False" />
              </lines>
            </method>
            <method name="&lt;GetJobsByTagAsync&gt;b__38_0" signature="(NexJob.Postgres.JobRow)" line-rate="0" branch-rate="1" complexity="1">
              <lines>
                <line number="932" hits="0" branch="False" />
              </lines>
            </method>
          </methods>
          <lines>
            <line number="385" hits="0" branch="False" />
            <line number="438" hits="0" branch="False" />
            <line number="599" hits="0" branch="True" condition-coverage="0% (0/20)">
              <conditions>
                <condition number="12" type="jump" coverage="0%" />
                <condition number="70" type="jump" coverage="0%" />
                <condition number="156" type="jump" coverage="0%" />
                <condition number="214" type="jump" coverage="0%" />
                <condition number="300" type="jump" coverage="0%" />
                <condition number="359" type="jump" coverage="0%" />
                <condition number="445" type="jump" coverage="0%" />
                <condition number="503" type="jump" coverage="0%" />
                <condition number="589" type="jump" coverage="0%" />
                <condition number="647" type="jump" coverage="0%" />
              </conditions>
            </line>
            <line number="600" hits="0" branch="False" />
            <line number="601" hits="0" branch="False" />
            <line number="602" hits="0" branch="False" />
            <line number="603" hits="0" branch="False" />
            <line number="604" hits="0" branch="False" />
            <line number="605" hits="0" branch="False" />
            <line number="606" hits="0" branch="False" />
            <line number="619" hits="0" branch="False" />
            <line number="630" hits="0" branch="False" />
            <line number="635" hits="0" branch="False" />
            <line number="697" hits="0" branch="False" />
            <line number="754" hits="0" branch="False" />
            <line number="932" hits="0" branch="False" />
          </lines>
        </class>
        <class name="NexJob.Postgres.PostgresStorageProvider/&lt;AcknowledgeAsync&gt;d__6" filename="NexJob.Postgres/PostgresStorageProvider.cs" line-rate="0" branch-rate="1" complexity="1">
          <methods>
            <method name="MoveNext" signature="()" line-rate="0" branch-rate="1" complexity="1">
              <lines>
                <line number="256" hits="0" branch="False" />
                <line number="257" hits="0" branch="False" />
                <line number="258" hits="0" branch="False" />
                <line number="259" hits="0" branch="False" />
                <line number="260" hits="0" branch="False" />
                <line number="261" hits="0" branch="False" />
                <line number="262" hits="0" branch="False" />
                <line number="263" hits="0" branch="False" />
                <line number="264" hits="0" branch="False" />
                <line number="265" hits="0" branch="False" />
              </lines>
            </method>
          </methods>
          <lines>
            <line number="256" hits="0" branch="False" />
            <line number="257" hits="0" branch="False" />
            <line number="258" hits="0" branch="False" />
            <line number="259" hits="0" branch="False" />
            <line number="260" hits="0" branch="False" />
            <line number="261" hits="0" branch="False" />
            <line number="262" hits="0" branch="False" />
            <line number="263" hits="0" branch="False" />
            <line number="264" hits="0" branch="False" />
            <line number="265" hits="0" branch="False" />
          </lines>
        </class>
        <class name="NexJob.Postgres.PostgresStorageProvider/&lt;CommitJobResultAsync&gt;d__34" filename="NexJob.Postgres/PostgresStorageProvider.cs" line-rate="0" branch-rate="0" complexity="28">
          <methods>
            <method name="MoveNext" signature="()" line-rate="0" branch-rate="0" complexity="28">
              <lines>
                <line number="774" hits="0" branch="False" />
                <line number="775" hits="0" branch="False" />
                <line number="776" hits="0" branch="False" />
                <line number="779" hits="0" branch="False" />
                <line number="780" hits="0" branch="False" />
                <line number="781" hits="0" branch="False" />
                <line number="783" hits="0" branch="True" condition-coverage="0% (0/10)">
                  <conditions>
                    <condition number="539" type="jump" coverage="0%" />
                    <condition number="552" type="jump" coverage="0%" />
                    <condition number="565" type="jump" coverage="0%" />
                    <condition number="578" type="jump" coverage="0%" />
                    <condition number="590" type="jump" coverage="0%" />
                  </conditions>
                </line>
                <line number="785" hits="0" branch="False" />
                <line number="786" hits="0" branch="False" />
                <line number="789" hits="0" branch="False" />
                <line number="791" hits="0" branch="True" condition-coverage="0% (0/2)">
                  <conditions>
                    <condition number="731" type="jump" coverage="0%" />
                  </conditions>
                </line>
                <line number="793" hits="0" branch="False" />
                <line number="794" hits="0" branch="False" />
                <line number="795" hits="0" branch="False" />
                <line number="796" hits="0" branch="False" />
                <line number="797" hits="0" branch="False" />
                <line number="798" hits="0" branch="False" />
                <line number="799" hits="0" branch="False" />
                <line number="800" hits="0" branch="False" />
                <line number="803" hits="0" branch="False" />
                <line number="804" hits="0" branch="False" />
                <line number="805" hits="0" branch="False" />
                <line number="806" hits="0" branch="False" />
                <line number="807" hits="0" branch="False" />
                <line number="808" hits="0" branch="False" />
                <line number="809" hits="0" branch="False" />
                <line number="810" hits="0" branch="False" />
                <line number="813" hits="0" branch="True" condition-coverage="0% (0/2)">
                  <conditions>
                    <condition number="1042" type="jump" coverage="0%" />
                  </conditions>
                </line>
                <line number="815" hits="0" branch="False" />
                <line number="816" hits="0" branch="False" />
                <line number="817" hits="0" branch="False" />
                <line number="818" hits="0" branch="False" />
                <line number="819" hits="0" branch="False" />
                <line number="820" hits="0" branch="False" />
                <line number="821" hits="0" branch="False" />
                <line number="822" hits="0" branch="False" />
                <line number="827" hits="0" branch="True" condition-coverage="0% (0/2)">
                  <conditions>
                    <condition number="1219" type="jump" coverage="0%" />
                  </conditions>
                </line>
                <line number="829" hits="0" branch="True" condition-coverage="0% (0/4)">
                  <conditions>
                    <condition number="1278" type="jump" coverage="0%" />
                    <condition number="1301" type="jump" coverage="0%" />
                  </conditions>
                </line>
                <line number="830" hits="0" branch="False" />
                <line number="831" hits="0" branch="False" />
                <line number="832" hits="0" branch="False" />
                <line number="833" hits="0" branch="False" />
                <line number="834" hits="0" branch="False" />
                <line number="835" hits="0" branch="False" />
                <line number="836" hits="0" branch="False" />
                <line number="837" hits="0" branch="False" />
                <line number="838" hits="0" branch="False" />
                <line number="839" hits="0" branch="False" />
                <line number="840" hits="0" branch="False" />
                <line number="841" hits="0" branch="False" />
                <line number="842" hits="0" branch="False" />
                <line number="843" hits="0" branch="False" />
                <line number="844" hits="0" branch="False" />
                <line number="845" hits="0" branch="False" />
                <line number="849" hits="0" branch="True" condition-coverage="0% (0/4)">
                  <conditions>
                    <condition number="1477" type="jump" coverage="0%" />
                    <condition number="1500" type="jump" coverage="0%" />
                  </conditions>
                </line>
                <line number="850" hits="0" branch="False" />
                <line number="851" hits="0" branch="False" />
                <line number="852" hits="0" branch="False" />
                <line number="853" hits="0" branch="False" />
                <line number="854" hits="0" branch="False" />
                <line number="855" hits="0" branch="False" />
                <line number="856" hits="0" branch="False" />
                <line number="857" hits="0" branch="False" />
                <line number="858" hits="0" branch="False" />
                <line number="859" hits="0" branch="False" />
                <line number="860" hits="0" branch="False" />
                <line number="861" hits="0" branch="False" />
                <line number="862" hits="0" branch="False" />
                <line number="863" hits="0" branch="False" />
                <line number="864" hits="0" branch="False" />
                <line number="866" hits="0" branch="True" condition-coverage="0% (0/2)">
                  <conditions>
                    <condition number="1648" type="jump" coverage="0%" />
                  </conditions>
                </line>
                <line number="868" hits="0" branch="True" condition-coverage="0% (0/2)">
                  <conditions>
                    <condition number="1687" type="jump" coverage="0%" />
                  </conditions>
                </line>
                <line number="869" hits="0" branch="False" />
                <line number="870" hits="0" branch="False" />
                <line number="871" hits="0" branch="False" />
                <line number="872" hits="0" branch="False" />
                <line number="873" hits="0" branch="False" />
                <line number="874" hits="0" branch="False" />
                <line number="875" hits="0" branch="False" />
                <line number="880" hits="0" branch="False" />
                <line number="881" hits="0" branch="False" />
              </lines>
            </method>
          </methods>
          <lines>
            <line number="774" hits="0" branch="False" />
            <line number="775" hits="0" branch="False" />
            <line number="776" hits="0" branch="False" />
            <line number="779" hits="0" branch="False" />
            <line number="780" hits="0" branch="False" />
            <line number="781" hits="0" branch="False" />
            <line number="783" hits="0" branch="True" condition-coverage="0% (0/10)">
              <conditions>
                <condition number="539" type="jump" coverage="0%" />
                <condition number="552" type="jump" coverage="0%" />
                <condition number="565" type="jump" coverage="0%" />
                <condition number="578" type="jump" coverage="0%" />
                <condition number="590" type="jump" coverage="0%" />
              </conditions>
            </line>
            <line number="785" hits="0" branch="False" />
            <line number="786" hits="0" branch="False" />
            <line number="789" hits="0" branch="False" />
            <line number="791" hits="0" branch="True" condition-coverage="0% (0/2)">
              <conditions>
                <condition number="731" type="jump" coverage="0%" />
              </conditions>
            </line>
            <line number="793" hits="0" branch="False" />
            <line number="794" hits="0" branch="False" />
            <line number="795" hits="0" branch="False" />
            <line number="796" hits="0" branch="False" />
            <line number="797" hits="0" branch="False" />
            <line number="798" hits="0" branch="False" />
            <line number="799" hits="0" branch="False" />
            <line number="800" hits="0" branch="False" />
            <line number="803" hits="0" branch="False" />
            <line number="804" hits="0" branch="False" />
            <line number="805" hits="0" branch="False" />
            <line number="806" hits="0" branch="False" />
            <line number="807" hits="0" branch="False" />
            <line number="808" hits="0" branch="False" />
            <line number="809" hits="0" branch="False" />
            <line number="810" hits="0" branch="False" />
            <line number="813" hits="0" branch="True" condition-coverage="0% (0/2)">
              <conditions>
                <condition number="1042" type="jump" coverage="0%" />
              </conditions>
            </line>
            <line number="815" hits="0" branch="False" />
            <line number="816" hits="0" branch="False" />
            <line number="817" hits="0" branch="False" />
            <line number="818" hits="0" branch="False" />
            <line number="819" hits="0" branch="False" />
            <line number="820" hits="0" branch="False" />
            <line number="821" hits="0" branch="False" />
            <line number="822" hits="0" branch="False" />
            <line number="827" hits="0" branch="True" condition-coverage="0% (0/2)">
              <conditions>
                <condition number="1219" type="jump" coverage="0%" />
              </conditions>
            </line>
            <line number="829" hits="0" branch="True" condition-coverage="0% (0/4)">
              <conditions>
                <condition number="1278" type="jump" coverage="0%" />
                <condition number="1301" type="jump" coverage="0%" />
              </conditions>
            </line>
            <line number="830" hits="0" branch="False" />
            <line number="831" hits="0" branch="False" />
            <line number="832" hits="0" branch="False" />
            <line number="833" hits="0" branch="False" />
            <line number="834" hits="0" branch="False" />
            <line number="835" hits="0" branch="False" />
            <line number="836" hits="0" branch="False" />
            <line number="837" hits="0" branch="False" />
            <line number="838" hits="0" branch="False" />
            <line number="839" hits="0" branch="False" />
            <line number="840" hits="0" branch="False" />
            <line number="841" hits="0" branch="False" />
            <line number="842" hits="0" branch="False" />
            <line number="843" hits="0" branch="False" />
            <line number="844" hits="0" branch="False" />
            <line number="845" hits="0" branch="False" />
            <line number="849" hits="0" branch="True" condition-coverage="0% (0/4)">
              <conditions>
                <condition number="1477" type="jump" coverage="0%" />
                <condition number="1500" type="jump" coverage="0%" />
              </conditions>
            </line>
            <line number="850" hits="0" branch="False" />
            <line number="851" hits="0" branch="False" />
            <line number="852" hits="0" branch="False" />
            <line number="853" hits="0" branch="False" />
            <line number="854" hits="0" branch="False" />
            <line number="855" hits="0" branch="False" />
            <line number="856" hits="0" branch="False" />
            <line number="857" hits="0" branch="False" />
            <line number="858" hits="0" branch="False" />
            <line number="859" hits="0" branch="False" />
            <line number="860" hits="0" branch="False" />
            <line number="861" hits="0" branch="False" />
            <line number="862" hits="0" branch="False" />
            <line number="863" hits="0" branch="False" />
            <line number="864" hits="0" branch="False" />
            <line number="866" hits="0" branch="True" condition-coverage="0% (0/2)">
              <conditions>
                <condition number="1648" type="jump" coverage="0%" />
              </conditions>
            </line>
            <line number="868" hits="0" branch="True" condition-coverage="0% (0/2)">
              <conditions>
                <condition number="1687" type="jump" coverage="0%" />
              </conditions>
            </line>
            <line number="869" hits="0" branch="False" />
            <line number="870" hits="0" branch="False" />
            <line number="871" hits="0" branch="False" />
            <line number="872" hits="0" branch="False" />
            <line number="873" hits="0" branch="False" />
            <line number="874" hits="0" branch="False" />
            <line number="875" hits="0" branch="False" />
            <line number="880" hits="0" branch="False" />
            <line number="881" hits="0" branch="False" />
          </lines>
        </class>
        <class name="NexJob.Postgres.PostgresStorageProvider/&lt;DeleteJobAsync&gt;d__30" filename="NexJob.Postgres/PostgresStorageProvider.cs" line-rate="0" branch-rate="1" complexity="1">
          <methods>
            <method name="MoveNext" signature="()" line-rate="0" branch-rate="1" complexity="1">
              <lines>
                <line number="716" hits="0" branch="False" />
                <line number="717" hits="0" branch="False" />
                <line number="718" hits="0" branch="False" />
                <line number="719" hits="0" branch="False" />
              </lines>
            </method>
          </methods>
          <lines>
            <line number="716" hits="0" branch="False" />
            <line number="717" hits="0" branch="False" />
            <line number="718" hits="0" branch="False" />
            <line number="719" hits="0" branch="False" />
          </lines>
        </class>
        <class name="NexJob.Postgres.PostgresStorageProvider/&lt;DeleteRecurringJobAsync&gt;d__14" filename="NexJob.Postgres/PostgresStorageProvider.cs" line-rate="0" branch-rate="1" complexity="1">
          <methods>
            <method name="MoveNext" signature="()" line-rate="0" branch-rate="1" complexity="1">
              <lines>
                <line number="424" hits="0" branch="False" />
                <line number="425" hits="0" branch="False" />
                <line number="426" hits="0" branch="False" />
                <line number="427" hits="0" branch="False" />
                <line number="428" hits="0" branch="False" />
                <line number="429" hits="0" branch="False" />
              </lines>
            </method>
          </methods>
          <lines>
            <line number="424" hits="0" branch="False" />
            <line number="425" hits="0" branch="False" />
            <line number="426" hits="0" branch="False" />
            <line number="427" hits="0" branch="False" />
            <line number="428" hits="0" branch="False" />
            <line number="429" hits="0" branch="False" />
          </lines>
        </class>
        <class name="NexJob.Postgres.PostgresStorageProvider/&lt;DeregisterServerAsync&gt;d__25" filename="NexJob.Postgres/PostgresStorageProvider.cs" line-rate="0" branch-rate="1" complexity="1">
          <methods>
            <method name="MoveNext" signature="()" line-rate="0" branch-rate="1" complexity="1">
              <lines>
                <line number="581" hits="0" branch="False" />
                <line number="582" hits="0" branch="False" />
                <line number="583" hits="0" branch="False" />
                <line number="584" hits="0" branch="False" />
                <line number="585" hits="0" branch="False" />
                <line number="586" hits="0" branch="False" />
              </lines>
            </method>
          </methods>
          <lines>
            <line number="581" hits="0" branch="False" />
            <line number="582" hits="0" branch="False" />
            <line number="583" hits="0" branch="False" />
            <line number="584" hits="0" branch="False" />
            <line number="585" hits="0" branch="False" />
            <line number="586" hits="0" branch="False" />
          </lines>
        </class>
        <class name="NexJob.Postgres.PostgresStorageProvider/&lt;EnqueueAsync&gt;d__4" filename="NexJob.Postgres/PostgresStorageProvider.cs" line-rate="0" branch-rate="0" complexity="26">
          <methods>
            <method name="MoveNext" signature="()" line-rate="0" branch-rate="0" complexity="26">
              <lines>
                <line number="53" hits="0" branch="False" />
                <line number="54" hits="0" branch="False" />
                <line number="56" hits="0" branch="True" condition-coverage="0% (0/2)">
                  <conditions>
                    <condition number="227" type="jump" coverage="0%" />
                  </conditions>
                </line>
                <line number="58" hits="0" branch="False" />
                <line number="60" hits="0" branch="False" />
                <line number="61" hits="0" branch="False" />
                <line number="62" hits="0" branch="False" />
                <line number="63" hits="0" branch="False" />
                <line number="64" hits="0" branch="False" />
                <line number="65" hits="0" branch="False" />
                <line number="66" hits="0" branch="False" />
                <line number="67" hits="0" branch="False" />
                <line number="68" hits="0" branch="False" />
                <line number="69" hits="0" branch="False" />
                <line number="71" hits="0" branch="True" condition-coverage="0% (0/2)">
                  <conditions>
                    <condition number="577" type="jump" coverage="0%" />
                  </conditions>
                </line>
                <line number="73" hits="0" branch="False" />
                <line number="74" hits="0" branch="False" />
                <line number="76" hits="0" branch="True" condition-coverage="0% (0/2)">
                  <conditions>
                    <condition number="621" type="jump" coverage="0%" />
                  </conditions>
                </line>
                <line number="78" hits="0" branch="False" />
                <line number="79" hits="0" branch="False" />
                <line number="82" hits="0" branch="True" condition-coverage="0% (0/4)">
                  <conditions>
                    <condition number="764" type="jump" coverage="0%" />
                    <condition number="779" type="jump" coverage="0%" />
                  </conditions>
                </line>
                <line number="83" hits="0" branch="False" />
                <line number="84" hits="0" branch="False" />
                <line number="86" hits="0" branch="True" condition-coverage="0% (0/2)">
                  <conditions>
                    <condition number="808" type="jump" coverage="0%" />
                  </conditions>
                </line>
                <line number="88" hits="0" branch="False" />
                <line number="89" hits="0" branch="False" />
                <line number="91" hits="0" branch="False" />
                <line number="95" hits="0" branch="True" condition-coverage="0% (0/2)">
                  <conditions>
                    <condition number="1177" type="jump" coverage="0%" />
                  </conditions>
                </line>
                <line number="96" hits="0" branch="False" />
                <line number="97" hits="0" branch="False" />
                <line number="98" hits="0" branch="False" />
                <line number="99" hits="0" branch="False" />
                <line number="100" hits="0" branch="False" />
                <line number="101" hits="0" branch="False" />
                <line number="102" hits="0" branch="False" />
                <line number="103" hits="0" branch="False" />
                <line number="104" hits="0" branch="False" />
                <line number="105" hits="0" branch="False" />
                <line number="106" hits="0" branch="False" />
                <line number="107" hits="0" branch="False" />
                <line number="108" hits="0" branch="False" />
                <line number="109" hits="0" branch="False" />
                <line number="110" hits="0" branch="False" />
                <line number="111" hits="0" branch="False" />
                <line number="112" hits="0" branch="False" />
                <line number="113" hits="0" branch="False" />
                <line number="114" hits="0" branch="False" />
                <line number="115" hits="0" branch="False" />
                <line number="116" hits="0" branch="False" />
                <line number="117" hits="0" branch="False" />
                <line number="118" hits="0" branch="False" />
                <line number="119" hits="0" branch="False" />
                <line number="120" hits="0" branch="False" />
                <line number="121" hits="0" branch="False" />
                <line number="122" hits="0" branch="False" />
                <line number="123" hits="0" branch="False" />
                <line number="125" hits="0" branch="False" />
                <line number="126" hits="0" branch="False" />
                <line number="128" hits="0" branch="False" />
                <line number="133" hits="0" branch="False" />
                <line number="135" hits="0" branch="False" />
                <line number="136" hits="0" branch="False" />
                <line number="137" hits="0" branch="False" />
                <line number="138" hits="0" branch="False" />
                <line number="139" hits="0" branch="False" />
                <line number="140" hits="0" branch="False" />
                <line number="141" hits="0" branch="False" />
                <line number="142" hits="0" branch="False" />
                <line number="144" hits="0" branch="True" condition-coverage="0% (0/2)">
                  <conditions>
                    <condition number="1843" type="jump" coverage="0%" />
                  </conditions>
                </line>
                <line number="146" hits="0" branch="False" />
                <line number="149" hits="0" branch="False" />
                <line number="150" hits="0" branch="False" />
                <line number="152" hits="0" branch="True" condition-coverage="0% (0/2)">
                  <conditions>
                    <condition number="1911" type="jump" coverage="0%" />
                  </conditions>
                </line>
                <line number="154" hits="0" branch="False" />
                <line number="157" hits="0" branch="True" condition-coverage="0% (0/4)">
                  <conditions>
                    <condition number="1932" type="jump" coverage="0%" />
                    <condition number="1947" type="jump" coverage="0%" />
                  </conditions>
                </line>
                <line number="158" hits="0" branch="False" />
                <line number="159" hits="0" branch="False" />
                <line number="161" hits="0" branch="True" condition-coverage="0% (0/2)">
                  <conditions>
                    <condition number="1976" type="jump" coverage="0%" />
                  </conditions>
                </line>
                <line number="163" hits="0" branch="False" />
                <line number="166" hits="0" branch="False" />
                <line number="168" hits="0" branch="False" />
                <line number="170" hits="0" branch="True" condition-coverage="0% (0/2)">
                  <conditions>
                    <condition number="2437" type="jump" coverage="0%" />
                  </conditions>
                </line>
                <line number="171" hits="0" branch="False" />
                <line number="172" hits="0" branch="False" />
                <line number="173" hits="0" branch="False" />
                <line number="174" hits="0" branch="False" />
                <line number="175" hits="0" branch="False" />
                <line number="176" hits="0" branch="False" />
                <line number="177" hits="0" branch="False" />
                <line number="178" hits="0" branch="False" />
                <line number="179" hits="0" branch="False" />
                <line number="180" hits="0" branch="False" />
                <line number="181" hits="0" branch="False" />
                <line number="182" hits="0" branch="False" />
                <line number="183" hits="0" branch="False" />
                <line number="184" hits="0" branch="False" />
                <line number="185" hits="0" branch="False" />
                <line number="186" hits="0" branch="False" />
                <line number="187" hits="0" branch="False" />
                <line number="188" hits="0" branch="False" />
                <line number="189" hits="0" branch="False" />
                <line number="190" hits="0" branch="False" />
                <line number="191" hits="0" branch="False" />
                <line number="192" hits="0" branch="False" />
                <line number="193" hits="0" branch="False" />
                <line number="194" hits="0" branch="False" />
                <line number="195" hits="0" branch="False" />
                <line number="196" hits="0" branch="False" />
                <line number="197" hits="0" branch="False" />
                <line number="199" hits="0" branch="False" />
                <line number="200" hits="0" branch="False" />
              </lines>
            </method>
          </methods>
          <lines>
            <line number="53" hits="0" branch="False" />
            <line number="54" hits="0" branch="False" />
            <line number="56" hits="0" branch="True" condition-coverage="0% (0/2)">
              <conditions>
                <condition number="227" type="jump" coverage="0%" />
              </conditions>
            </line>
            <line number="58" hits="0" branch="False" />
            <line number="60" hits="0" branch="False" />
            <line number="61" hits="0" branch="False" />
            <line number="62" hits="0" branch="False" />
            <line number="63" hits="0" branch="False" />
            <line number="64" hits="0" branch="False" />
            <line number="65" hits="0" branch="False" />
            <line number="66" hits="0" branch="False" />
            <line number="67" hits="0" branch="False" />
            <line number="68" hits="0" branch="False" />
            <line number="69" hits="0" branch="False" />
            <line number="71" hits="0" branch="True" condition-coverage="0% (0/2)">
              <conditions>
                <condition number="577" type="jump" coverage="0%" />
              </conditions>
            </line>
            <line number="73" hits="0" branch="False" />
            <line number="74" hits="0" branch="False" />
            <line number="76" hits="0" branch="True" condition-coverage="0% (0/2)">
              <conditions>
                <condition number="621" type="jump" coverage="0%" />
              </conditions>
            </line>
            <line number="78" hits="0" branch="False" />
            <line number="79" hits="0" branch="False" />
            <line number="82" hits="0" branch="True" condition-coverage="0% (0/4)">
              <conditions>
                <condition number="764" type="jump" coverage="0%" />
                <condition number="779" type="jump" coverage="0%" />
              </conditions>
            </line>
            <line number="83" hits="0" branch="False" />
            <line number="84" hits="0" branch="False" />
            <line number="86" hits="0" branch="True" condition-coverage="0% (0/2)">
              <conditions>
                <condition number="808" type="jump" coverage="0%" />
              </conditions>
            </line>
            <line number="88" hits="0" branch="False" />
            <line number="89" hits="0" branch="False" />
            <line number="91" hits="0" branch="False" />
            <line number="95" hits="0" branch="True" condition-coverage="0% (0/2)">
              <conditions>
                <condition number="1177" type="jump" coverage="0%" />
              </conditions>
            </line>
            <line number="96" hits="0" branch="False" />
            <line number="97" hits="0" branch="False" />
            <line number="98" hits="0" branch="False" />
            <line number="99" hits="0" branch="False" />
            <line number="100" hits="0" branch="False" />
            <line number="101" hits="0" branch="False" />
            <line number="102" hits="0" branch="False" />
            <line number="103" hits="0" branch="False" />
            <line number="104" hits="0" branch="False" />
            <line number="105" hits="0" branch="False" />
            <line number="106" hits="0" branch="False" />
            <line number="107" hits="0" branch="False" />
            <line number="108" hits="0" branch="False" />
            <line number="109" hits="0" branch="False" />
            <line number="110" hits="0" branch="False" />
            <line number="111" hits="0" branch="False" />
            <line number="112" hits="0" branch="False" />
            <line number="113" hits="0" branch="False" />
            <line number="114" hits="0" branch="False" />
            <line number="115" hits="0" branch="False" />
            <line number="116" hits="0" branch="False" />
            <line number="117" hits="0" branch="False" />
            <line number="118" hits="0" branch="False" />
            <line number="119" hits="0" branch="False" />
            <line number="120" hits="0" branch="False" />
            <line number="121" hits="0" branch="False" />
            <line number="122" hits="0" branch="False" />
            <line number="123" hits="0" branch="False" />
            <line number="125" hits="0" branch="False" />
            <line number="126" hits="0" branch="False" />
            <line number="128" hits="0" branch="False" />
            <line number="133" hits="0" branch="False" />
            <line number="135" hits="0" branch="False" />
            <line number="136" hits="0" branch="False" />
            <line number="137" hits="0" branch="False" />
            <line number="138" hits="0" branch="False" />
            <line number="139" hits="0" branch="False" />
            <line number="140" hits="0" branch="False" />
            <line number="141" hits="0" branch="False" />
            <line number="142" hits="0" branch="False" />
            <line number="144" hits="0" branch="True" condition-coverage="0% (0/2)">
              <conditions>
                <condition number="1843" type="jump" coverage="0%" />
              </conditions>
            </line>
            <line number="146" hits="0" branch="False" />
            <line number="149" hits="0" branch="False" />
            <line number="150" hits="0" branch="False" />
            <line number="152" hits="0" branch="True" condition-coverage="0% (0/2)">
              <conditions>
                <condition number="1911" type="jump" coverage="0%" />
              </conditions>
            </line>
            <line number="154" hits="0" branch="False" />
            <line number="157" hits="0" branch="True" condition-coverage="0% (0/4)">
              <conditions>
                <condition number="1932" type="jump" coverage="0%" />
                <condition number="1947" type="jump" coverage="0%" />
              </conditions>
            </line>
            <line number="158" hits="0" branch="False" />
            <line number="159" hits="0" branch="False" />
            <line number="161" hits="0" branch="True" condition-coverage="0% (0/2)">
              <conditions>
                <condition number="1976" type="jump" coverage="0%" />
              </conditions>
            </line>
            <line number="163" hits="0" branch="False" />
            <line number="166" hits="0" branch="False" />
            <line number="168" hits="0" branch="False" />
            <line number="170" hits="0" branch="True" condition-coverage="0% (0/2)">
              <conditions>
                <condition number="2437" type="jump" coverage="0%" />
              </conditions>
            </line>
            <line number="171" hits="0" branch="False" />
            <line number="172" hits="0" branch="False" />
            <line number="173" hits="0" branch="False" />
            <line number="174" hits="0" branch="False" />
            <line number="175" hits="0" branch="False" />
            <line number="176" hits="0" branch="False" />
            <line number="177" hits="0" branch="False" />
            <line number="178" hits="0" branch="False" />
            <line number="179" hits="0" branch="False" />
            <line number="180" hits="0" branch="False" />
            <line number="181" hits="0" branch="False" />
            <line number="182" hits="0" branch="False" />
            <line number="183" hits="0" branch="False" />
            <line number="184" hits="0" branch="False" />
            <line number="185" hits="0" branch="False" />
            <line number="186" hits="0" branch="False" />
            <line number="187" hits="0" branch="False" />
            <line number="188" hits="0" branch="False" />
            <line number="189" hits="0" branch="False" />
            <line number="190" hits="0" branch="False" />
            <line number="191" hits="0" branch="False" />
            <line number="192" hits="0" branch="False" />
            <line number="193" hits="0" branch="False" />
            <line number="194" hits="0" branch="False" />
            <line number="195" hits="0" branch="False" />
            <line number="196" hits="0" branch="False" />
            <line number="197" hits="0" branch="False" />
            <line number="199" hits="0" branch="False" />
            <line number="200" hits="0" branch="False" />
          </lines>
        </class>
        <class name="NexJob.Postgres.PostgresStorageProvider/&lt;EnqueueContinuationsAsync&gt;d__22" filename="NexJob.Postgres/PostgresStorageProvider.cs" line-rate="0" branch-rate="1" complexity="1">
          <methods>
            <method name="MoveNext" signature="()" line-rate="0" branch-rate="1" complexity="1">
              <lines>
                <line number="531" hits="0" branch="False" />
                <line number="532" hits="0" branch="False" />
                <line number="533" hits="0" branch="False" />
                <line number="534" hits="0" branch="False" />
                <line number="535" hits="0" branch="False" />
                <line number="536" hits="0" branch="False" />
                <line number="537" hits="0" branch="False" />
                <line number="538" hits="0" branch="False" />
                <line number="539" hits="0" branch="False" />
                <line number="540" hits="0" branch="False" />
              </lines>
            </method>
          </methods>
          <lines>
            <line number="531" hits="0" branch="False" />
            <line number="532" hits="0" branch="False" />
            <line number="533" hits="0" branch="False" />
            <line number="534" hits="0" branch="False" />
            <line number="535" hits="0" branch="False" />
            <line number="536" hits="0" branch="False" />
            <line number="537" hits="0" branch="False" />
            <line number="538" hits="0" branch="False" />
            <line number="539" hits="0" branch="False" />
            <line number="540" hits="0" branch="False" />
          </lines>
        </class>
        <class name="NexJob.Postgres.PostgresStorageProvider/&lt;FetchNextAsync&gt;d__5" filename="NexJob.Postgres/PostgresStorageProvider.cs" line-rate="0" branch-rate="0" complexity="2">
          <methods>
            <method name="MoveNext" signature="()" line-rate="0" branch-rate="0" complexity="2">
              <lines>
                <line number="208" hits="0" branch="False" />
                <line number="209" hits="0" branch="False" />
                <line number="210" hits="0" branch="False" />
                <line number="213" hits="0" branch="False" />
                <line number="214" hits="0" branch="False" />
                <line number="215" hits="0" branch="False" />
                <line number="216" hits="0" branch="False" />
                <line number="217" hits="0" branch="False" />
                <line number="218" hits="0" branch="False" />
                <line number="219" hits="0" branch="False" />
                <line number="220" hits="0" branch="False" />
                <line number="221" hits="0" branch="False" />
                <line number="222" hits="0" branch="False" />
                <line number="224" hits="0" branch="False" />
                <line number="225" hits="0" branch="False" />
                <line number="226" hits="0" branch="False" />
                <line number="227" hits="0" branch="False" />
                <line number="228" hits="0" branch="False" />
                <line number="229" hits="0" branch="False" />
                <line number="230" hits="0" branch="False" />
                <line number="231" hits="0" branch="False" />
                <line number="232" hits="0" branch="False" />
                <line number="233" hits="0" branch="False" />
                <line number="234" hits="0" branch="False" />
                <line number="235" hits="0" branch="False" />
                <line number="236" hits="0" branch="False" />
                <line number="237" hits="0" branch="False" />
                <line number="238" hits="0" branch="False" />
                <line number="239" hits="0" branch="False" />
                <line number="240" hits="0" branch="False" />
                <line number="241" hits="0" branch="False" />
                <line number="242" hits="0" branch="False" />
                <line number="243" hits="0" branch="False" />
                <line number="244" hits="0" branch="False" />
                <line number="245" hits="0" branch="False" />
                <line number="247" hits="0" branch="False" />
                <line number="248" hits="0" branch="True" condition-coverage="0% (0/2)">
                  <conditions>
                    <condition number="736" type="jump" coverage="0%" />
                  </conditions>
                </line>
                <line number="249" hits="0" branch="False" />
              </lines>
            </method>
          </methods>
          <lines>
            <line number="208" hits="0" branch="False" />
            <line number="209" hits="0" branch="False" />
            <line number="210" hits="0" branch="False" />
            <line number="213" hits="0" branch="False" />
            <line number="214" hits="0" branch="False" />
            <line number="215" hits="0" branch="False" />
            <line number="216" hits="0" branch="False" />
            <line number="217" hits="0" branch="False" />
            <line number="218" hits="0" branch="False" />
            <line number="219" hits="0" branch="False" />
            <line number="220" hits="0" branch="False" />
            <line number="221" hits="0" branch="False" />
            <line number="222" hits="0" branch="False" />
            <line number="224" hits="0" branch="False" />
            <line number="225" hits="0" branch="False" />
            <line number="226" hits="0" branch="False" />
            <line number="227" hits="0" branch="False" />
            <line number="228" hits="0" branch="False" />
            <line number="229" hits="0" branch="False" />
            <line number="230" hits="0" branch="False" />
            <line number="231" hits="0" branch="False" />
            <line number="232" hits="0" branch="False" />
            <line number="233" hits="0" branch="False" />
            <line number="234" hits="0" branch="False" />
            <line number="235" hits="0" branch="False" />
            <line number="236" hits="0" branch="False" />
            <line number="237" hits="0" branch="False" />
            <line number="238" hits="0" branch="False" />
            <line number="239" hits="0" branch="False" />
            <line number="240" hits="0" branch="False" />
            <line number="241" hits="0" branch="False" />
            <line number="242" hits="0" branch="False" />
            <line number="243" hits="0" branch="False" />
            <line number="244" hits="0" branch="False" />
            <line number="245" hits="0" branch="False" />
            <line number="247" hits="0" branch="False" />
            <line number="248" hits="0" branch="True" condition-coverage="0% (0/2)">
              <conditions>
                <condition number="736" type="jump" coverage="0%" />
              </conditions>
            </line>
            <line number="249" hits="0" branch="False" />
          </lines>
        </class>
        <class name="NexJob.Postgres.PostgresStorageProvider/&lt;ForceDeleteRecurringJobAsync&gt;d__19" filename="NexJob.Postgres/PostgresStorageProvider.cs" line-rate="0" branch-rate="1" complexity="1">
          <methods>
            <method name="MoveNext" signature="()" line-rate="0" branch-rate="1" complexity="1">
              <lines>
                <line number="478" hits="0" branch="False" />
                <line number="479" hits="0" branch="False" />
                <line number="480" hits="0" branch="False" />
                <line number="481" hits="0" branch="False" />
                <line number="482" hits="0" branch="False" />
                <line number="483" hits="0" branch="False" />
                <line number="484" hits="0" branch="False" />
                <line number="485" hits="0" branch="False" />
                <line number="486" hits="0" branch="False" />
                <line number="487" hits="0" branch="False" />
                <line number="488" hits="0" branch="False" />
                <line number="489" hits="0" branch="False" />
                <line number="490" hits="0" branch="False" />
              </lines>
            </method>
          </methods>
          <lines>
            <line number="478" hits="0" branch="False" />
            <line number="479" hits="0" branch="False" />
            <line number="480" hits="0" branch="False" />
            <line number="481" hits="0" branch="False" />
            <line number="482" hits="0" branch="False" />
            <line number="483" hits="0" branch="False" />
            <line number="484" hits="0" branch="False" />
            <line number="485" hits="0" branch="False" />
            <line number="486" hits="0" branch="False" />
            <line number="487" hits="0" branch="False" />
            <line number="488" hits="0" branch="False" />
            <line number="489" hits="0" branch="False" />
            <line number="490" hits="0" branch="False" />
          </lines>
        </class>
        <class name="NexJob.Postgres.PostgresStorageProvider/&lt;GetActiveServersAsync&gt;d__26" filename="NexJob.Postgres/PostgresStorageProvider.cs" line-rate="0" branch-rate="1" complexity="1">
          <methods>
            <method name="MoveNext" signature="()" line-rate="0" branch-rate="1" complexity="1">
              <lines>
                <line number="591" hits="0" branch="False" />
                <line number="592" hits="0" branch="False" />
                <line number="593" hits="0" branch="False" />
                <line number="595" hits="0" branch="False" />
                <line number="596" hits="0" branch="False" />
                <line number="597" hits="0" branch="False" />
                <line number="607" hits="0" branch="False" />
              </lines>
            </method>
          </methods>
          <lines>
            <line number="591" hits="0" branch="False" />
            <line number="592" hits="0" branch="False" />
            <line number="593" hits="0" branch="False" />
            <line number="595" hits="0" branch="False" />
            <line number="596" hits="0" branch="False" />
            <line number="597" hits="0" branch="False" />
            <line number="607" hits="0" branch="False" />
          </lines>
        </class>
        <class name="NexJob.Postgres.PostgresStorageProvider/&lt;GetDueRecurringJobsAsync&gt;d__11" filename="NexJob.Postgres/PostgresStorageProvider.cs" line-rate="0" branch-rate="1" complexity="1">
          <methods>
            <method name="MoveNext" signature="()" line-rate="0" branch-rate="1" complexity="1">
              <lines>
                <line number="380" hits="0" branch="False" />
                <line number="381" hits="0" branch="False" />
                <line number="382" hits="0" branch="False" />
                <line number="383" hits="0" branch="False" />
                <line number="384" hits="0" branch="False" />
                <line number="386" hits="0" branch="False" />
              </lines>
            </method>
          </methods>
          <lines>
            <line number="380" hits="0" branch="False" />
            <line number="381" hits="0" branch="False" />
            <line number="382" hits="0" branch="False" />
            <line number="383" hits="0" branch="False" />
            <line number="384" hits="0" branch="False" />
            <line number="386" hits="0" branch="False" />
          </lines>
        </class>
        <class name="NexJob.Postgres.PostgresStorageProvider/&lt;GetJobByIdAsync&gt;d__29" filename="NexJob.Postgres/PostgresStorageProvider.cs" line-rate="0" branch-rate="0" complexity="2">
          <methods>
            <method name="MoveNext" signature="()" line-rate="0" branch-rate="0" complexity="2">
              <lines>
                <line number="706" hits="0" branch="False" />
                <line number="707" hits="0" branch="False" />
                <line number="708" hits="0" branch="False" />
                <line number="709" hits="0" branch="False" />
                <line number="710" hits="0" branch="True" condition-coverage="0% (0/2)">
                  <conditions>
                    <condition number="311" type="jump" coverage="0%" />
                  </conditions>
                </line>
                <line number="711" hits="0" branch="False" />
              </lines>
            </method>
          </methods>
          <lines>
            <line number="706" hits="0" branch="False" />
            <line number="707" hits="0" branch="False" />
            <line number="708" hits="0" branch="False" />
            <line number="709" hits="0" branch="False" />
            <line number="710" hits="0" branch="True" condition-coverage="0% (0/2)">
              <conditions>
                <condition number="311" type="jump" coverage="0%" />
              </conditions>
            </line>
            <line number="711" hits="0" branch="False" />
          </lines>
        </class>
        <class name="NexJob.Postgres.PostgresStorageProvider/&lt;GetJobsAsync&gt;d__28" filename="NexJob.Postgres/PostgresStorageProvider.cs" line-rate="0" branch-rate="0" complexity="10">
          <methods>
            <method name="MoveNext" signature="()" line-rate="0" branch-rate="0" complexity="10">
              <lines>
                <line number="659" hits="0" branch="False" />
                <line number="660" hits="0" branch="False" />
                <line number="662" hits="0" branch="False" />
                <line number="663" hits="0" branch="False" />
                <line number="665" hits="0" branch="True" condition-coverage="0% (0/2)">
                  <conditions>
                    <condition number="212" type="jump" coverage="0%" />
[...]
                <line number="498" hits="0" branch="False" />
                <line number="499" hits="0" branch="False" />
              </lines>
            </method>
          </methods>
          <lines>
            <line number="493" hits="0" branch="False" />
            <line number="494" hits="0" branch="False" />
            <line number="495" hits="0" branch="False" />
            <line number="496" hits="0" branch="False" />
            <line number="497" hits="0" branch="False" />
            <line number="498" hits="0" branch="False" />
            <line number="499" hits="0" branch="False" />
          </lines>
        </class>
        <class name="NexJob.Redis.RedisStorageProvider/&lt;SaveExecutionLogsAsync&gt;d__36" filename="NexJob.Redis/RedisStorageProvider.cs" line-rate="0" branch-rate="1" complexity="1">
          <methods>
            <method name="MoveNext" signature="()" line-rate="0" branch-rate="1" complexity="1">
              <lines>
                <line number="761" hits="0" branch="False" />
                <line number="762" hits="0" branch="False" />
                <line number="763" hits="0" branch="False" />
                <line number="764" hits="0" branch="False" />
                <line number="765" hits="0" branch="False" />
              </lines>
            </method>
          </methods>
          <lines>
            <line number="761" hits="0" branch="False" />
            <line number="762" hits="0" branch="False" />
            <line number="763" hits="0" branch="False" />
            <line number="764" hits="0" branch="False" />
            <line number="765" hits="0" branch="False" />
          </lines>
        </class>
        <class name="NexJob.Redis.RedisStorageProvider/&lt;ScanJobKeysAsync&gt;d__65" filename="NexJob.Redis/RedisStorageProvider.cs" line-rate="0" branch-rate="0" complexity="2">
          <methods>
            <method name="MoveNext" signature="()" line-rate="0" branch-rate="0" complexity="2">
              <lines>
                <line number="1235" hits="0" branch="False" />
                <line number="1236" hits="0" branch="False" />
                <line number="1237" hits="0" branch="True" condition-coverage="0% (0/2)">
                  <conditions>
                    <condition number="355" type="jump" coverage="0%" />
                  </conditions>
                </line>
                <line number="1239" hits="0" branch="False" />
                <line number="1241" hits="0" branch="False" />
              </lines>
            </method>
          </methods>
          <lines>
            <line number="1235" hits="0" branch="False" />
            <line number="1236" hits="0" branch="False" />
            <line number="1237" hits="0" branch="True" condition-coverage="0% (0/2)">
              <conditions>
                <condition number="355" type="jump" coverage="0%" />
              </conditions>
            </line>
            <line number="1239" hits="0" branch="False" />
            <line number="1241" hits="0" branch="False" />
          </lines>
        </class>
        <class name="NexJob.Redis.RedisStorageProvider/&lt;SetExpiredAsync&gt;d__15" filename="NexJob.Redis/RedisStorageProvider.cs" line-rate="0" branch-rate="1" complexity="1">
          <methods>
            <method name="MoveNext" signature="()" line-rate="0" branch-rate="1" complexity="1">
              <lines>
                <line number="308" hits="0" branch="False" />
                <line number="309" hits="0" branch="False" />
                <line number="311" hits="0" branch="False" />
                <line number="312" hits="0" branch="False" />
                <line number="313" hits="0" branch="False" />
                <line number="314" hits="0" branch="False" />
                <line number="315" hits="0" branch="False" />
                <line number="316" hits="0" branch="False" />
                <line number="317" hits="0" branch="False" />
                <line number="318" hits="0" branch="False" />
              </lines>
            </method>
          </methods>
          <lines>
            <line number="308" hits="0" branch="False" />
            <line number="309" hits="0" branch="False" />
            <line number="311" hits="0" branch="False" />
            <line number="312" hits="0" branch="False" />
            <line number="313" hits="0" branch="False" />
            <line number="314" hits="0" branch="False" />
            <line number="315" hits="0" branch="False" />
            <line number="316" hits="0" branch="False" />
            <line number="317" hits="0" branch="False" />
            <line number="318" hits="0" branch="False" />
          </lines>
        </class>
        <class name="NexJob.Redis.RedisStorageProvider/&lt;SetFailedAsync&gt;d__14" filename="NexJob.Redis/RedisStorageProvider.cs" line-rate="0" branch-rate="0" complexity="6">
          <methods>
            <method name="MoveNext" signature="()" line-rate="0" branch-rate="0" complexity="6">
              <lines>
                <line number="276" hits="0" branch="False" />
                <line number="277" hits="0" branch="False" />
                <line number="279" hits="0" branch="True" condition-coverage="0% (0/2)">
                  <conditions>
                    <condition number="207" type="jump" coverage="0%" />
                  </conditions>
                </line>
                <line number="281" hits="0" branch="True" condition-coverage="0% (0/2)">
                  <conditions>
                    <condition number="391" type="jump" coverage="0%" />
                  </conditions>
                </line>
                <line number="282" hits="0" branch="False" />
                <line number="283" hits="0" branch="False" />
                <line number="284" hits="0" branch="False" />
                <line number="285" hits="0" branch="False" />
                <line number="286" hits="0" branch="False" />
                <line number="287" hits="0" branch="False" />
                <line number="288" hits="0" branch="False" />
                <line number="289" hits="0" branch="False" />
                <line number="293" hits="0" branch="False" />
                <line number="294" hits="0" branch="True" condition-coverage="0% (0/2)">
                  <conditions>
                    <condition number="879" type="jump" coverage="0%" />
                  </conditions>
                </line>
                <line number="295" hits="0" branch="False" />
                <line number="296" hits="0" branch="False" />
                <line number="297" hits="0" branch="False" />
                <line number="298" hits="0" branch="False" />
                <line number="299" hits="0" branch="False" />
                <line number="300" hits="0" branch="False" />
                <line number="301" hits="0" branch="False" />
                <line number="303" hits="0" branch="False" />
              </lines>
            </method>
          </methods>
          <lines>
            <line number="276" hits="0" branch="False" />
            <line number="277" hits="0" branch="False" />
            <line number="279" hits="0" branch="True" condition-coverage="0% (0/2)">
              <conditions>
                <condition number="207" type="jump" coverage="0%" />
              </conditions>
            </line>
            <line number="281" hits="0" branch="True" condition-coverage="0% (0/2)">
              <conditions>
                <condition number="391" type="jump" coverage="0%" />
              </conditions>
            </line>
            <line number="282" hits="0" branch="False" />
            <line number="283" hits="0" branch="False" />
            <line number="284" hits="0" branch="False" />
            <line number="285" hits="0" branch="False" />
            <line number="286" hits="0" branch="False" />
            <line number="287" hits="0" branch="False" />
            <line number="288" hits="0" branch="False" />
            <line number="289" hits="0" branch="False" />
            <line number="293" hits="0" branch="False" />
            <line number="294" hits="0" branch="True" condition-coverage="0% (0/2)">
              <conditions>
                <condition number="879" type="jump" coverage="0%" />
              </conditions>
            </line>
            <line number="295" hits="0" branch="False" />
            <line number="296" hits="0" branch="False" />
            <line number="297" hits="0" branch="False" />
            <line number="298" hits="0" branch="False" />
            <line number="299" hits="0" branch="False" />
            <line number="300" hits="0" branch="False" />
            <line number="301" hits="0" branch="False" />
            <line number="303" hits="0" branch="False" />
          </lines>
        </class>
        <class name="NexJob.Redis.RedisStorageProvider/&lt;SetRecurringJobLastExecutionResultAsync&gt;d__20" filename="NexJob.Redis/RedisStorageProvider.cs" line-rate="0" branch-rate="0" complexity="2">
          <methods>
            <method name="MoveNext" signature="()" line-rate="0" branch-rate="0" complexity="2">
              <lines>
                <line number="414" hits="0" branch="True" condition-coverage="0% (0/2)">
                  <conditions>
                    <condition number="111" type="jump" coverage="0%" />
                  </conditions>
                </line>
                <line number="415" hits="0" branch="False" />
                <line number="416" hits="0" branch="False" />
                <line number="417" hits="0" branch="False" />
                <line number="418" hits="0" branch="False" />
                <line number="419" hits="0" branch="False" />
                <line number="420" hits="0" branch="False" />
              </lines>
            </method>
          </methods>
          <lines>
            <line number="414" hits="0" branch="True" condition-coverage="0% (0/2)">
              <conditions>
                <condition number="111" type="jump" coverage="0%" />
              </conditions>
            </line>
            <line number="415" hits="0" branch="False" />
            <line number="416" hits="0" branch="False" />
            <line number="417" hits="0" branch="False" />
            <line number="418" hits="0" branch="False" />
            <line number="419" hits="0" branch="False" />
            <line number="420" hits="0" branch="False" />
          </lines>
        </class>
        <class name="NexJob.Redis.RedisStorageProvider/&lt;SetRecurringJobNextExecutionAsync&gt;d__19" filename="NexJob.Redis/RedisStorageProvider.cs" line-rate="0" branch-rate="1" complexity="1">
          <methods>
            <method name="MoveNext" signature="()" line-rate="0" branch-rate="1" complexity="1">
              <lines>
                <line number="400" hits="0" branch="False" />
                <line number="401" hits="0" branch="False" />
                <line number="402" hits="0" branch="False" />
                <line number="403" hits="0" branch="False" />
                <line number="404" hits="0" branch="False" />
                <line number="405" hits="0" branch="False" />
                <line number="406" hits="0" branch="False" />
                <line number="407" hits="0" branch="False" />
              </lines>
            </method>
          </methods>
          <lines>
            <line number="400" hits="0" branch="False" />
            <line number="401" hits="0" branch="False" />
            <line number="402" hits="0" branch="False" />
            <line number="403" hits="0" branch="False" />
            <line number="404" hits="0" branch="False" />
            <line number="405" hits="0" branch="False" />
            <line number="406" hits="0" branch="False" />
            <line number="407" hits="0" branch="False" />
          </lines>
        </class>
        <class name="NexJob.Redis.RedisStorageProvider/&lt;TryAcquireRecurringJobLockAsync&gt;d__38" filename="NexJob.Redis/RedisStorageProvider.cs" line-rate="0" branch-rate="1" complexity="1">
          <methods>
            <method name="MoveNext" signature="()" line-rate="0" branch-rate="1" complexity="1">
              <lines>
                <line number="799" hits="0" branch="False" />
                <line number="800" hits="0" branch="False" />
                <line number="801" hits="0" branch="False" />
              </lines>
            </method>
          </methods>
          <lines>
            <line number="799" hits="0" branch="False" />
            <line number="800" hits="0" branch="False" />
            <line number="801" hits="0" branch="False" />
          </lines>
        </class>
        <class name="NexJob.Redis.RedisStorageProvider/&lt;UpdateHeartbeatAsync&gt;d__16" filename="NexJob.Redis/RedisStorageProvider.cs" line-rate="0" branch-rate="1" complexity="1">
          <methods>
            <method name="MoveNext" signature="()" line-rate="0" branch-rate="1" complexity="1">
              <lines>
                <line number="323" hits="0" branch="False" />
                <line number="324" hits="0" branch="False" />
                <line number="325" hits="0" branch="False" />
                <line number="326" hits="0" branch="False" />
                <line number="327" hits="0" branch="False" />
              </lines>
            </method>
          </methods>
          <lines>
            <line number="323" hits="0" branch="False" />
            <line number="324" hits="0" branch="False" />
            <line number="325" hits="0" branch="False" />
            <line number="326" hits="0" branch="False" />
            <line number="327" hits="0" branch="False" />
          </lines>
        </class>
        <class name="NexJob.Redis.RedisStorageProvider/&lt;UpdateRecurringJobConfigAsync&gt;d__25" filename="NexJob.Redis/RedisStorageProvider.cs" line-rate="0" branch-rate="0" complexity="4">
          <methods>
            <method name="MoveNext" signature="()" line-rate="0" branch-rate="0" complexity="4">
              <lines>
                <line number="469" hits="0" branch="True" condition-coverage="0% (0/4)">
                  <conditions>
                    <condition number="67" type="jump" coverage="0%" />
                    <condition number="108" type="jump" coverage="0%" />
                  </conditions>
                </line>
                <line number="470" hits="0" branch="False" />
                <line number="471" hits="0" branch="False" />
                <line number="472" hits="0" branch="False" />
                <line number="473" hits="0" branch="False" />
                <line number="474" hits="0" branch="False" />
                <line number="475" hits="0" branch="False" />
              </lines>
            </method>
          </methods>
          <lines>
            <line number="469" hits="0" branch="True" condition-coverage="0% (0/4)">
              <conditions>
                <condition number="67" type="jump" coverage="0%" />
                <condition number="108" type="jump" coverage="0%" />
              </conditions>
            </line>
            <line number="470" hits="0" branch="False" />
            <line number="471" hits="0" branch="False" />
            <line number="472" hits="0" branch="False" />
            <line number="473" hits="0" branch="False" />
            <line number="474" hits="0" branch="False" />
            <line number="475" hits="0" branch="False" />
          </lines>
        </class>
        <class name="NexJob.Redis.RedisStorageProvider/&lt;UpsertRecurringJobAsync&gt;d__17" filename="NexJob.Redis/RedisStorageProvider.cs" line-rate="0" branch-rate="0" complexity="8">
          <methods>
            <method name="MoveNext" signature="()" line-rate="0" branch-rate="0" complexity="8">
              <lines>
                <line number="333" hits="0" branch="False" />
                <line number="334" hits="0" branch="False" />
                <line number="335" hits="0" branch="False" />
                <line number="337" hits="0" branch="True" condition-coverage="0% (0/6)">
                  <conditions>
                    <condition number="395" type="jump" coverage="0%" />
                    <condition number="487" type="jump" coverage="0%" />
                    <condition number="518" type="jump" coverage="0%" />
                  </conditions>
                </line>
                <line number="338" hits="0" branch="False" />
                <line number="339" hits="0" branch="False" />
                <line number="340" hits="0" branch="False" />
                <line number="341" hits="0" branch="False" />
                <line number="342" hits="0" branch="False" />
                <line number="343" hits="0" branch="False" />
                <line number="344" hits="0" branch="False" />
                <line number="345" hits="0" branch="False" />
                <line number="346" hits="0" branch="False" />
                <line number="347" hits="0" branch="False" />
                <line number="348" hits="0" branch="False" />
                <line number="349" hits="0" branch="False" />
                <line number="350" hits="0" branch="False" />
                <line number="352" hits="0" branch="True" condition-coverage="0% (0/2)">
                  <conditions>
                    <condition number="700" type="jump" coverage="0%" />
                  </conditions>
                </line>
                <line number="354" hits="0" branch="False" />
                <line number="355" hits="0" branch="False" />
                <line number="356" hits="0" branch="False" />
                <line number="359" hits="0" branch="False" />
                <line number="360" hits="0" branch="False" />
                <line number="361" hits="0" branch="False" />
              </lines>
            </method>
          </methods>
          <lines>
            <line number="333" hits="0" branch="False" />
            <line number="334" hits="0" branch="False" />
            <line number="335" hits="0" branch="False" />
            <line number="337" hits="0" branch="True" condition-coverage="0% (0/6)">
              <conditions>
                <condition number="395" type="jump" coverage="0%" />
                <condition number="487" type="jump" coverage="0%" />
                <condition number="518" type="jump" coverage="0%" />
              </conditions>
            </line>
            <line number="338" hits="0" branch="False" />
            <line number="339" hits="0" branch="False" />
            <line number="340" hits="0" branch="False" />
            <line number="341" hits="0" branch="False" />
            <line number="342" hits="0" branch="False" />
            <line number="343" hits="0" branch="False" />
            <line number="344" hits="0" branch="False" />
            <line number="345" hits="0" branch="False" />
            <line number="346" hits="0" branch="False" />
            <line number="347" hits="0" branch="False" />
            <line number="348" hits="0" branch="False" />
            <line number="349" hits="0" branch="False" />
            <line number="350" hits="0" branch="False" />
            <line number="352" hits="0" branch="True" condition-coverage="0% (0/2)">
              <conditions>
                <condition number="700" type="jump" coverage="0%" />
              </conditions>
            </line>
            <line number="354" hits="0" branch="False" />
            <line number="355" hits="0" branch="False" />
            <line number="356" hits="0" branch="False" />
            <line number="359" hits="0" branch="False" />
            <line number="360" hits="0" branch="False" />
            <line number="361" hits="0" branch="False" />
          </lines>
        </class>
      </classes>
    </package>
  </packages>
</coverage>