<?xml version="1.0" encoding="utf-8"?>
<coverage line-rate="0.87" branch-rate="0.8362999999999999" version="1.9" timestamp="1774526893" lines-covered="522" lines-valid="600" branches-covered="138" branches-valid="165">
  <sources>
    <source>/home/luciano/git/NexJob/src/NexJob/</source>
  </sources>
  <packages>
    <package name="NexJob" line-rate="0.87" branch-rate="0.8362999999999999" complexity="259">
      <classes>
        <class name="NexJob.HourlyThroughput" filename="HourlyThroughput.cs" line-rate="1" branch-rate="1" complexity="2">
          <methods>
            <method name="get_Hour" signature="()" line-rate="1" branch-rate="1" complexity="1">
              <lines>
                <line number="7" hits="6" branch="False" />
              </lines>
            </method>
            <method name="get_Count" signature="()" line-rate="1" branch-rate="1" complexity="1">
              <lines>
                <line number="10" hits="3" branch="False" />
              </lines>
            </method>
          </methods>
          <lines>
            <line number="7" hits="6" branch="False" />
            <line number="10" hits="3" branch="False" />
          </lines>
        </class>
        <class name="NexJob.JobFilter" filename="JobFilter.cs" line-rate="1" branch-rate="1" complexity="3">
          <methods>
            <method name="get_Status" signature="()" line-rate="1" branch-rate="1" complexity="1">
              <lines>
                <line number="7" hits="1" branch="False" />
              </lines>
            </method>
            <method name="get_Search" signature="()" line-rate="1" branch-rate="1" complexity="1">
              <lines>
                <line number="13" hits="1" branch="False" />
              </lines>
            </method>
            <method name="get_Queue" signature="()" line-rate="1" branch-rate="1" complexity="1">
              <lines>
                <line number="16" hits="1" branch="False" />
              </lines>
            </method>
          </methods>
          <lines>
            <line number="7" hits="1" branch="False" />
            <line number="13" hits="1" branch="False" />
            <line number="16" hits="1" branch="False" />
          </lines>
        </class>
        <class name="NexJob.JobId" filename="JobId.cs" line-rate="1" branch-rate="1" complexity="3">
          <methods>
            <method name="get_Value" signature="()" line-rate="1" branch-rate="1" complexity="1">
              <lines>
                <line number="7" hits="145" branch="False" />
              </lines>
            </method>
            <method name="New" signature="()" line-rate="1" branch-rate="1" complexity="1">
              <lines>
                <line number="10" hits="59" branch="False" />
              </lines>
            </method>
            <method name="ToString" signature="()" line-rate="1" branch-rate="1" complexity="1">
              <lines>
                <line number="13" hits="7" branch="False" />
              </lines>
            </method>
          </methods>
          <lines>
            <line number="7" hits="145" branch="False" />
            <line number="10" hits="59" branch="False" />
            <line number="13" hits="7" branch="False" />
          </lines>
        </class>
        <class name="NexJob.JobMetrics" filename="JobMetrics.cs" line-rate="1" branch-rate="1" complexity="8">
          <methods>
            <method name="get_Enqueued" signature="()" line-rate="1" branch-rate="1" complexity="1">
              <lines>
                <line number="7" hits="4" branch="False" />
              </lines>
            </method>
            <method name="get_Processing" signature="()" line-rate="1" branch-rate="1" complexity="1">
              <lines>
                <line number="10" hits="4" branch="False" />
              </lines>
            </method>
            <method name="get_Succeeded" signature="()" line-rate="1" branch-rate="1" complexity="1">
              <lines>
                <line number="13" hits="7" branch="False" />
              </lines>
            </method>
            <method name="get_Failed" signature="()" line-rate="1" branch-rate="1" complexity="1">
              <lines>
                <line number="16" hits="7" branch="False" />
              </lines>
            </method>
            <method name="get_Scheduled" signature="()" line-rate="1" branch-rate="1" complexity="1">
              <lines>
                <line number="19" hits="4" branch="False" />
              </lines>
            </method>
            <method name="get_Recurring" signature="()" line-rate="1" branch-rate="1" complexity="1">
              <lines>
                <line number="22" hits="4" branch="False" />
              </lines>
            </method>
            <method name="get_HourlyThroughput" signature="()" line-rate="1" branch-rate="1" complexity="1">
              <lines>
                <line number="25" hits="8" branch="False" />
              </lines>
            </method>
            <method name="get_RecentFailures" signature="()" line-rate="1" branch-rate="1" complexity="1">
              <lines>
                <line number="28" hits="8" branch="False" />
              </lines>
            </method>
          </methods>
          <lines>
            <line number="7" hits="4" branch="False" />
            <line number="10" hits="4" branch="False" />
            <line number="13" hits="7" branch="False" />
            <line number="16" hits="7" branch="False" />
            <line number="19" hits="4" branch="False" />
            <line number="22" hits="4" branch="False" />
            <line number="25" hits="8" branch="False" />
            <line number="28" hits="8" branch="False" />
          </lines>
        </class>
        <class name="NexJob.JobRecord" filename="JobRecord.cs" line-rate="1" branch-rate="1" complexity="21">
          <methods>
            <method name="get_Id" signature="()" line-rate="1" branch-rate="1" complexity="1">
              <lines>
                <line number="10" hits="289" branch="False" />
              </lines>
            </method>
            <method name="get_JobType" signature="()" line-rate="1" branch-rate="1" complexity="1">
              <lines>
                <line number="16" hits="132" branch="False" />
              </lines>
            </method>
            <method name="get_InputType" signature="()" line-rate="1" branch-rate="1" complexity="1">
              <lines>
                <line number="22" hits="125" branch="False" />
              </lines>
            </method>
            <method name="get_InputJson" signature="()" line-rate="1" branch-rate="1" complexity="1">
              <lines>
                <line number="25" hits="125" branch="False" />
              </lines>
            </method>
            <method name="get_SchemaVersion" signature="()" line-rate="1" branch-rate="1" complexity="1">
              <lines>
                <line number="31" hits="59" branch="False" />
              </lines>
            </method>
            <method name="get_Queue" signature="()" line-rate="1" branch-rate="1" complexity="1">
              <lines>
                <line number="34" hits="171" branch="False" />
              </lines>
            </method>
            <method name="get_Priority" signature="()" line-rate="1" branch-rate="1" complexity="1">
              <lines>
                <line number="37" hits="176" branch="False" />
              </lines>
            </method>
            <method name="get_Status" signature="()" line-rate="1" branch-rate="1" complexity="1">
              <lines>
                <line number="40" hits="415" branch="False" />
              </lines>
            </method>
            <method name="get_IdempotencyKey" signature="()" line-rate="1" branch-rate="1" complexity="1">
              <lines>
                <line number="47" hits="200" branch="False" />
              </lines>
            </method>
            <method name="get_Attempts" signature="()" line-rate="1" branch-rate="1" complexity="1">
              <lines>
                <line number="50" hits="106" branch="False" />
              </lines>
            </method>
            <method name="get_MaxAttempts" signature="()" line-rate="1" branch-rate="1" complexity="1">
              <lines>
                <line number="53" hits="131" branch="False" />
              </lines>
            </method>
            <method name="get_CreatedAt" signature="()" line-rate="1" branch-rate="1" complexity="1">
              <lines>
                <line number="56" hits="59" branch="False" />
              </lines>
            </method>
            <method name="get_ScheduledAt" signature="()" line-rate="1" branch-rate="1" complexity="1">
              <lines>
                <line number="62" hits="71" branch="False" />
              </lines>
            </method>
            <method name="get_ProcessingStartedAt" signature="()" line-rate="1" branch-rate="1" complexity="1">
              <lines>
                <line number="65" hits="46" branch="False" />
              </lines>
            </method>
            <method name="get_HeartbeatAt" signature="()" line-rate="1" branch-rate="1" complexity="1">
              <lines>
                <line number="71" hits="70" branch="False" />
              </lines>
            </method>
            <method name="get_CompletedAt" signature="()" line-rate="1" branch-rate="1" complexity="1">
              <lines>
                <line number="74" hits="33" branch="False" />
              </lines>
            </method>
            <method name="get_RetryAt" signature="()" line-rate="1" branch-rate="1" complexity="1">
              <lines>
                <line number="80" hits="12" branch="False" />
              </lines>
            </method>
            <method name="get_LastErrorMessage" signature="()" line-rate="1" branch-rate="1" complexity="1">
              <lines>
                <line number="83" hits="7" branch="False" />
              </lines>
            </method>
            <method name="get_LastErrorStackTrace" signature="()" line-rate="1" branch-rate="1" complexity="1">
              <lines>
                <line number="86" hits="6" branch="False" />
              </lines>
            </method>
            <method name="get_ParentJobId" signature="()" line-rate="1" branch-rate="1" complexity="1">
              <lines>
                <line number="92" hits="4" branch="False" />
              </lines>
            </method>
            <method name="get_RecurringJobId" signature="()" line-rate="1" branch-rate="1" complexity="1">
              <lines>
                <line number="99" hits="25" branch="False" />
              </lines>
            </method>
          </methods>
          <lines>
            <line number="10" hits="289" branch="False" />
            <line number="16" hits="132" branch="False" />
            <line number="22" hits="125" branch="False" />
            <line number="25" hits="125" branch="False" />
            <line number="31" hits="59" branch="False" />
            <line number="34" hits="171" branch="False" />
            <line number="37" hits="176" branch="False" />
            <line number="40" hits="415" branch="False" />
            <line number="47" hits="200" branch="False" />
            <line number="50" hits="106" branch="False" />
            <line number="53" hits="131" branch="False" />
            <line number="56" hits="59" branch="False" />
            <line number="62" hits="71" branch="False" />
            <line number="65" hits="46" branch="False" />
            <line number="71" hits="70" branch="False" />
            <line number="74" hits="33" branch="False" />
            <line number="80" hits="12" branch="False" />
            <line number="83" hits="7" branch="False" />
            <line number="86" hits="6" branch="False" />
            <line number="92" hits="4" branch="False" />
            <line number="99" hits="25" branch="False" />
          </lines>
        </class>
        <class name="NexJob.NexJobOptions" filename="NexJobOptions.cs" line-rate="1" branch-rate="1" complexity="8">
          <methods>
            <method name="get_Workers" signature="()" line-rate="1" branch-rate="1" complexity="1">
              <lines>
                <line number="14" hits="63" branch="False" />
              </lines>
            </method>
            <method name="get_MaxAttempts" signature="()" line-rate="1" branch-rate="1" complexity="1">
              <lines>
                <line number="20" hits="75" branch="False" />
              </lines>
            </method>
            <method name="get_PollingInterval" signature="()" line-rate="1" branch-rate="1" complexity="1">
              <lines>
                <line number="26" hits="189" branch="False" />
              </lines>
            </method>
            <method name="get_HeartbeatInterval" signature="()" line-rate="1" branch-rate="1" complexity="1">
              <lines>
                <line number="32" hits="45" branch="False" />
              </lines>
            </method>
            <method name="get_HeartbeatTimeout" signature="()" line-rate="1" branch-rate="1" complexity="1">
              <lines>
                <line number="38" hits="187" branch="False" />
              </lines>
            </method>
            <method name="get_Queues" signature="()" line-rate="1" branch-rate="1" complexity="1">
              <lines>
                <line number="44" hits="68" branch="False" />
              </lines>
            </method>
            <method name="get_RetryDelayFactory" signature="()" line-rate="1" branch-rate="1" complexity="1">
              <lines>
                <line number="51" hits="47" branch="False" />
              </lines>
            </method>
            <method name=".ctor" signature="()" line-rate="1" branch-rate="1" complexity="1">
              <lines>
                <line number="52" hits="150" branch="False" />
              </lines>
            </method>
          </methods>
          <lines>
            <line number="14" hits="63" branch="False" />
            <line number="20" hits="75" branch="False" />
            <line number="26" hits="189" branch="False" />
            <line number="32" hits="45" branch="False" />
            <line number="38" hits="187" branch="False" />
            <line number="44" hits="68" branch="False" />
            <line number="51" hits="47" branch="False" />
            <line number="52" hits="150" branch="False" />
          </lines>
        </class>
        <class name="NexJob.NexJobServiceCollectionExtensions" filename="NexJobServiceCollectionExtensions.cs" line-rate="1" branch-rate="1" complexity="2">
          <methods>
            <method name="AddNexJob" signature="(Microsoft.Extensions.DependencyInjection.IServiceCollection,System.Action`1&lt;NexJob.NexJobOptions&gt;)" line-rate="1" branch-rate="1" complexity="2">
              <lines>
                <line number="30" hits="6" branch="False" />
                <line number="31" hits="6" branch="True" condition-coverage="100% (2/2)">
                  <conditions>
                    <condition number="7" type="jump" coverage="100%" />
                  </conditions>
                </line>
                <line number="33" hits="6" branch="False" />
                <line number="34" hits="6" branch="False" />
                <line number="35" hits="6" branch="False" />
                <line number="36" hits="6" branch="False" />
                <line number="37" hits="6" branch="False" />
                <line number="38" hits="6" branch="False" />
                <line number="39" hits="6" branch="False" />
                <line number="41" hits="6" branch="False" />
              </lines>
            </method>
          </methods>
          <lines>
            <line number="30" hits="6" branch="False" />
            <line number="31" hits="6" branch="True" condition-coverage="100% (2/2)">
              <conditions>
                <condition number="7" type="jump" coverage="100%" />
              </conditions>
            </line>
            <line number="33" hits="6" branch="False" />
            <line number="34" hits="6" branch="False" />
            <line number="35" hits="6" branch="False" />
            <line number="36" hits="6" branch="False" />
            <line number="37" hits="6" branch="False" />
            <line number="38" hits="6" branch="False" />
            <line number="39" hits="6" branch="False" />
            <line number="41" hits="6" branch="False" />
          </lines>
        </class>
        <class name="NexJob.PagedResult`1" filename="PagedResult.cs" line-rate="0.8" branch-rate="0" complexity="6">
          <methods>
            <method name="get_Items" signature="()" line-rate="1" branch-rate="1" complexity="1">
              <lines>
                <line number="8" hits="3" branch="False" />
              </lines>
            </method>
            <method name="get_TotalCount" signature="()" line-rate="1" branch-rate="1" complexity="1">
              <lines>
                <line number="11" hits="1" branch="False" />
              </lines>
            </method>
            <method name="get_Page" signature="()" line-rate="1" branch-rate="1" complexity="1">
              <lines>
                <line number="14" hits="1" branch="False" />
              </lines>
            </method>
            <method name="get_PageSize" signature="()" line-rate="1" branch-rate="1" complexity="1">
              <lines>
                <line number="17" hits="1" branch="False" />
              </lines>
            </method>
            <method name="get_TotalPages" signature="()" line-rate="0" branch-rate="0" complexity="2">
              <lines>
                <line number="20" hits="0" branch="True" condition-coverage="0% (0/2)">
                  <conditions>
                    <condition number="7" type="jump" coverage="0%" />
                  </conditions>
                </line>
              </lines>
            </method>
          </methods>
          <lines>
            <line number="8" hits="3" branch="False" />
            <line number="11" hits="1" branch="False" />
            <line number="14" hits="1" branch="False" />
            <line number="17" hits="1" branch="False" />
            <line number="20" hits="0" branch="True" condition-coverage="0% (0/2)">
              <conditions>
                <condition number="7" type="jump" coverage="0%" />
              </conditions>
            </line>
          </lines>
        </class>
        <class name="NexJob.QueueMetrics" filename="QueueMetrics.cs" line-rate="0" branch-rate="1" complexity="3">
          <methods>
            <method name="get_Queue" signature="()" line-rate="0" branch-rate="1" complexity="1">
              <lines>
                <line number="7" hits="0" branch="False" />
              </lines>
            </method>
            <method name="get_Enqueued" signature="()" line-rate="0" branch-rate="1" complexity="1">
              <lines>
                <line number="10" hits="0" branch="False" />
              </lines>
            </method>
            <method name="get_Processing" signature="()" line-rate="0" branch-rate="1" complexity="1">
              <lines>
                <line number="13" hits="0" branch="False" />
              </lines>
            </method>
          </methods>
          <lines>
            <line number="7" hits="0" branch="False" />
            <line number="10" hits="0" branch="False" />
            <line number="13" hits="0" branch="False" />
          </lines>
        </class>
        <class name="NexJob.RecurringJobRecord" filename="RecurringJobRecord.cs" line-rate="1" branch-rate="1" complexity="16">
          <methods>
            <method name="get_RecurringJobId" signature="()" line-rate="1" branch-rate="1" complexity="1">
              <lines>
                <line number="10" hits="154" branch="False" />
              </lines>
            </method>
            <method name="get_JobType" signature="()" line-rate="1" branch-rate="1" complexity="1">
              <lines>
                <line number="13" hits="70" branch="False" />
              </lines>
            </method>
            <method name="get_InputType" signature="()" line-rate="1" branch-rate="1" complexity="1">
              <lines>
                <line number="16" hits="70" branch="False" />
              </lines>
            </method>
            <method name="get_InputJson" signature="()" line-rate="1" branch-rate="1" complexity="1">
              <lines>
                <line number="19" hits="70" branch="False" />
              </lines>
            </method>
            <method name="get_Cron" signature="()" line-rate="1" branch-rate="1" complexity="1">
              <lines>
                <line number="22" hits="69" branch="False" />
              </lines>
            </method>
            <method name="get_TimeZoneId" signature="()" line-rate="1" branch-rate="1" complexity="1">
              <lines>
                <line number="28" hits="12" branch="False" />
              </lines>
            </method>
            <method name="get_Queue" signature="()" line-rate="1" branch-rate="1" complexity="1">
              <lines>
                <line number="31" hits="70" branch="False" />
              </lines>
            </method>
            <method name="get_NextExecution" signature="()" line-rate="1" branch-rate="1" complexity="1">
              <lines>
                <line number="34" hits="187" branch="False" />
              </lines>
            </method>
            <method name="get_CreatedAt" signature="()" line-rate="1" branch-rate="1" complexity="1">
              <lines>
                <line number="37" hits="30" branch="False" />
              </lines>
            </method>
            <method name="get_LastExecutedAt" signature="()" line-rate="1" branch-rate="1" complexity="1">
              <lines>
                <line number="40" hits="12" branch="False" />
              </lines>
            </method>
            <method name="get_LastExecutionStatus" signature="()" line-rate="1" branch-rate="1" complexity="1">
              <lines>
                <line number="46" hits="4" branch="False" />
              </lines>
            </method>
            <method name="get_LastExecutionError" signature="()" line-rate="1" branch-rate="1" complexity="1">
              <lines>
                <line number="52" hits="3" branch="False" />
              </lines>
            </method>
            <method name="get_ConcurrencyPolicy" signature="()" line-rate="1" branch-rate="1" complexity="1">
              <lines>
                <line number="58" hits="23" branch="False" />
              </lines>
            </method>
            <method name="get_CronOverride" signature="()" line-rate="1" branch-rate="1" complexity="1">
              <lines>
                <line number="65" hits="27" branch="False" />
              </lines>
            </method>
            <method name="get_Enabled" signature="()" line-rate="1" branch-rate="1" complexity="1">
              <lines>
                <line number="71" hits="70" branch="False" />
              </lines>
            </method>
            <method name="get_DeletedByUser" signature="()" line-rate="1" branch-rate="1" complexity="1">
              <lines>
                <line number="80" hits="37" branch="False" />
              </lines>
            </method>
          </methods>
          <lines>
            <line number="10" hits="154" branch="False" />
            <line number="13" hits="70" branch="False" />
            <line number="16" hits="70" branch="False" />
            <line number="19" hits="70" branch="False" />
            <line number="22" hits="69" branch="False" />
            <line number="28" hits="12" branch="False" />
            <line number="31" hits="70" branch="False" />
            <line number="34" hits="187" branch="False" />
            <line number="37" hits="30" branch="False" />
            <line number="40" hits="12" branch="False" />
            <line number="46" hits="4" branch="False" />
            <line number="52" hits="3" branch="False" />
            <line number="58" hits="23" branch="False" />
            <line number="65" hits="27" branch="False" />
            <line number="71" hits="70" branch="False" />
            <line number="80" hits="37" branch="False" />
          </lines>
        </class>
        <class name="NexJob.ThrottleAttribute" filename="ThrottleAttribute.cs" line-rate="0" branch-rate="1" complexity="3">
          <methods>
            <method name="get_Resource" signature="()" line-rate="0" branch-rate="1" complexity="1">
              <lines>
                <line number="40" hits="0" branch="False" />
              </lines>
            </method>
            <method name="get_MaxConcurrent" signature="()" line-rate="0" branch-rate="1" complexity="1">
              <lines>
                <line number="43" hits="0" branch="False" />
              </lines>
            </method>
            <method name=".ctor" signature="(System.String,System.Int32)" line-rate="0" branch-rate="1" complexity="1">
              <lines>
                <line number="30" hits="0" branch="False" />
                <line number="32" hits="0" branch="False" />
                <line number="33" hits="0" branch="False" />
                <line number="35" hits="0" branch="False" />
                <line number="36" hits="0" branch="False" />
                <line number="37" hits="0" branch="False" />
              </lines>
            </method>
          </methods>
          <lines>
            <line number="40" hits="0" branch="False" />
            <line number="43" hits="0" branch="False" />
            <line number="30" hits="0" branch="False" />
            <line number="32" hits="0" branch="False" />
            <line number="33" hits="0" branch="False" />
            <line number="35" hits="0" branch="False" />
            <line number="36" hits="0" branch="False" />
            <line number="37" hits="0" branch="False" />
          </lines>
        </class>
        <class name="NexJob.Internal.DefaultScheduler" filename="Internal/DefaultScheduler.cs" line-rate="1" branch-rate="0.875" complexity="14">
          <methods>
            <method name="EnqueueAsync" signature="(TInput,System.String,NexJob.JobPriority,System.String,System.Threading.CancellationToken)" line-rate="1" branch-rate="1" complexity="1">
              <lines>
                <line number="36" hits="14" branch="False" />
                <line number="37" hits="14" branch="False" />
                <line number="39" hits="14" branch="False" />
              </lines>
            </method>
            <method name="ScheduleAsync" signature="(TInput,System.TimeSpan,System.String,System.String,System.Threading.CancellationToken)" line-rate="1" branch-rate="1" complexity="1">
              <lines>
                <line number="51" hits="3" branch="False" />
                <line number="52" hits="3" branch="False" />
                <line number="53" hits="3" branch="False" />
                <line number="55" hits="3" branch="False" />
              </lines>
            </method>
            <method name="ScheduleAtAsync" signature="(TInput,System.DateTimeOffset,System.String,System.String,System.Threading.CancellationToken)" line-rate="1" branch-rate="1" complexity="1">
              <lines>
                <line number="67" hits="2" branch="False" />
                <line number="68" hits="2" branch="False" />
                <line number="70" hits="2" branch="False" />
              </lines>
            </method>
            <method name="RecurringAsync" signature="(System.String,TInput,System.String,System.TimeZoneInfo,System.String,NexJob.RecurringConcurrencyPolicy,System.Threading.CancellationToken)" line-rate="1" branch-rate="0.8332999999999999" complexity="6">
              <lines>
                <line number="84" hits="2" branch="True" condition-coverage="100% (2/2)">
                  <conditions>
                    <condition number="3" type="jump" coverage="100%" />
                  </conditions>
                </line>
                <line number="85" hits="2" branch="False" />
                <line number="86" hits="2" branch="False" />
                <line number="88" hits="2" branch="True" condition-coverage="75% (3/4)">
                  <conditions>
                    <condition number="108" type="jump" coverage="50%" />
                    <condition number="129" type="jump" coverage="100%" />
                  </conditions>
                </line>
                <line number="89" hits="2" branch="False" />
                <line number="90" hits="2" branch="False" />
                <line number="91" hits="2" branch="False" />
                <line number="92" hits="2" branch="False" />
                <line number="93" hits="2" branch="False" />
                <line number="94" hits="2" branch="False" />
                <line number="95" hits="2" branch="False" />
                <line number="96" hits="2" branch="False" />
                <line number="97" hits="2" branch="False" />
                <line number="98" hits="2" branch="False" />
                <line number="99" hits="2" branch="False" />
                <line number="100" hits="2" branch="False" />
                <line number="102" hits="2" branch="False" />
              </lines>
            </method>
            <method name="RemoveRecurringAsync" signature="(System.String,System.Threading.CancellationToken)" line-rate="1" branch-rate="1" complexity="1">
              <lines>
                <line number="132" hits="1" branch="False" />
              </lines>
            </method>
            <method name="ParseCron" signature="(System.String)" line-rate="1" branch-rate="1" complexity="1">
              <lines>
                <line number="141" hits="12" branch="False" />
                <line number="143" hits="12" branch="False" />
                <line number="145" hits="12" branch="False" />
                <line number="147" hits="12" branch="False" />
              </lines>
            </method>
            <method name="BuildJobRecord" signature="(TInput,System.String,NexJob.JobPriority,System.String,NexJob.JobStatus,System.Nullable`1&lt;System.DateTimeOffset&gt;)" line-rate="1" branch-rate="1" complexity="2">
              <lines>
                <line number="157" hits="19" branch="True" condition-coverage="100% (2/2)">
                  <conditions>
                    <condition number="74" type="jump" coverage="100%" />
                  </conditions>
                </line>
                <line number="158" hits="19" branch="False" />
                <line number="159" hits="19" branch="False" />
                <line number="160" hits="19" branch="False" />
                <line number="161" hits="19" branch="False" />
                <line number="162" hits="19" branch="False" />
                <line number="163" hits="19" branch="False" />
                <line number="164" hits="19" branch="False" />
                <line number="165" hits="19" branch="False" />
                <line number="166" hits="19" branch="False" />
                <line number="167" hits="19" branch="False" />
                <line number="168" hits="19" branch="False" />
                <line number="169" hits="19" branch="False" />
                <line number="170" hits="19" branch="False" />
              </lines>
            </method>
            <method name=".ctor" signature="(NexJob.Storage.IStorageProvider,NexJob.NexJobOptions)" line-rate="1" branch-rate="1" complexity="1">
              <lines>
                <line number="21" hits="19" branch="False" />
                <line number="23" hits="19" branch="False" />
                <line number="24" hits="19" branch="False" />
                <line number="25" hits="19" branch="False" />
              </lines>
            </method>
          </methods>
          <lines>
            <line number="36" hits="14" branch="False" />
            <line number="37" hits="14" branch="False" />
            <line number="39" hits="14" branch="False" />
            <line number="51" hits="3" branch="False" />
            <line number="52" hits="3" branch="False" />
            <line number="53" hits="3" branch="False" />
            <line number="55" hits="3" branch="False" />
            <line number="67" hits="2" branch="False" />
            <line number="68" hits="2" branch="False" />
            <line number="70" hits="2" branch="False" />
            <line number="84" hits="2" branch="True" condition-coverage="100% (2/2)">
              <conditions>
                <condition number="3" type="jump" coverage="100%" />
              </conditions>
            </line>
            <line number="85" hits="2" branch="False" />
            <line number="86" hits="2" branch="False" />
            <line number="88" hits="2" branch="True" condition-coverage="75% (3/4)">
              <conditions>
                <condition number="108" type="jump" coverage="50%" />
                <condition number="129" type="jump" coverage="100%" />
              </conditions>
            </line>
            <line number="89" hits="2" branch="False" />
            <line number="90" hits="2" branch="False" />
            <line number="91" hits="2" branch="False" />
            <line number="92" hits="2" branch="False" />
            <line number="93" hits="2" branch="False" />
            <line number="94" hits="2" branch="False" />
            <line number="95" hits="2" branch="False" />
            <line number="96" hits="2" branch="False" />
            <line number="97" hits="2" branch="False" />
            <line number="98" hits="2" branch="False" />
            <line number="99" hits="2" branch="False" />
            <line number="100" hits="2" branch="False" />
            <line number="102" hits="2" branch="False" />
            <line number="132" hits="1" branch="False" />
            <line number="141" hits="12" branch="False" />
            <line number="143" hits="12" branch="False" />
            <line number="145" hits="12" branch="False" />
            <line number="147" hits="12" branch="False" />
            <line number="157" hits="19" branch="True" condition-coverage="100% (2/2)">
              <conditions>
                <condition number="74" type="jump" coverage="100%" />
              </conditions>
            </line>
            <line number="158" hits="19" branch="False" />
            <line number="159" hits="19" branch="False" />
            <line number="160" hits="19" branch="False" />
            <line number="161" hits="19" branch="False" />
            <line number="162" hits="19" branch="False" />
            <line number="163" hits="19" branch="False" />
            <line number="164" hits="19" branch="False" />
            <line number="165" hits="19" branch="False" />
            <line number="166" hits="19" branch="False" />
            <line number="167" hits="19" branch="False" />
            <line number="168" hits="19" branch="False" />
            <line number="169" hits="19" branch="False" />
            <line number="170" hits="19" branch="False" />
            <line number="21" hits="19" branch="False" />
            <line number="23" hits="19" branch="False" />
            <line number="24" hits="19" branch="False" />
            <line number="25" hits="19" branch="False" />
          </lines>
        </class>
        <class name="NexJob.Internal.DefaultScheduler/&lt;ContinueWithAsync&gt;d__7`2" filename="Internal/DefaultScheduler.cs" line-rate="1" branch-rate="1" complexity="2">
          <methods>
            <method name="MoveNext" signature="()" line-rate="1" branch-rate="1" complexity="2">
              <lines>
                <line number="113" hits="1" branch="True" condition-coverage="100% (2/2)">
                  <conditions>
                    <condition number="104" type="jump" coverage="100%" />
                  </conditions>
                </line>
                <line number="114" hits="1" branch="False" />
                <line number="115" hits="1" branch="False" />
                <line number="116" hits="1" branch="False" />
                <line number="117" hits="1" branch="False" />
                <line number="118" hits="1" branch="False" />
                <line number="119" hits="1" branch="False" />
                <line number="120" hits="1" branch="False" />
                <line number="121" hits="1" branch="False" />
                <line number="122" hits="1" branch="False" />
                <line number="123" hits="1" branch="False" />
                <line number="124" hits="1" branch="False" />
                <line number="125" hits="1" branch="False" />
                <line number="127" hits="1" branch="False" />
                <line number="128" hits="1" branch="False" />
              </lines>
            </method>
          </methods>
          <lines>
            <line number="113" hits="1" branch="True" condition-coverage="100% (2/2)">
              <conditions>
                <condition number="104" type="jump" coverage="100%" />
              </conditions>
            </line>
            <line number="114" hits="1" branch="False" />
            <line number="115" hits="1" branch="False" />
            <line number="116" hits="1" branch="False" />
            <line number="117" hits="1" branch="False" />
            <line number="118" hits="1" branch="False" />
            <line number="119" hits="1" branch="False" />
            <line number="120" hits="1" branch="False" />
            <line number="121" hits="1" branch="False" />
            <line number="122" hits="1" branch="False" />
            <line number="123" hits="1" branch="False" />
            <line number="124" hits="1" branch="False" />
            <line number="125" hits="1" branch="False" />
            <line number="127" hits="1" branch="False" />
            <line number="128" hits="1" branch="False" />
          </lines>
        </class>
        <class name="NexJob.Internal.InMemoryStorageProvider" filename="Internal/InMemoryStorageProvider.cs" line-rate="0.8165" branch-rate="0.8181" complexity="108">
          <methods>
            <method name="EnqueueAsync" signature="(NexJob.JobRecord,System.Threading.CancellationToken)" line-rate="1" branch-rate="1" complexity="16">
              <lines>
                <line number="31" hits="59" branch="True" condition-coverage="100% (2/2)">
                  <conditions>
                    <condition number="6" type="jump" coverage="100%" />
                  </conditions>
                </line>
                <line number="33" hits="14" branch="True" condition-coverage="100% (8/8)">
                  <conditions>
                    <condition number="27" type="jump" coverage="100%" />
                    <condition number="48" type="jump" coverage="100%" />
                    <condition number="59" type="jump" coverage="100%" />
                    <condition number="73" type="jump" coverage="100%" />
                  </conditions>
                </line>
                <line number="34" hits="14" branch="False" />
                <line number="35" hits="14" branch="False" />
                <line number="37" hits="3" branch="False" />
                <line number="41" hits="11" branch="False" />
                <line number="44" hits="56" branch="False" />
                <line number="46" hits="56" branch="True" condition-coverage="100% (2/2)">
                  <conditions>
                    <condition number="140" type="jump" coverage="100%" />
                  </conditions>
                </line>
                <line number="47" hits="11" branch="False" />
                <line number="50" hits="56" branch="True" condition-coverage="100% (4/4)">
                  <conditions>
                    <condition number="180" type="jump" coverage="100%" />
                    <condition number="197" type="jump" coverage="100%" />
                  </conditions>
                </line>
                <line number="51" hits="46" branch="False" />
                <line number="53" hits="56" branch="False" />
              </lines>
            </method>
            <method name="AcknowledgeAsync" signature="(NexJob.JobId,System.Threading.CancellationToken)" line-rate="1" branch-rate="1" complexity="2">
              <lines>
                <line number="97" hits="6" branch="True" condition-coverage="100% (2/2)">
                  <conditions>
                    <condition number="20" type="jump" coverage="100%" />
                  </conditions>
                </line>
                <line number="99" hits="6" branch="False" />
                <line number="101" hits="6" branch="False" />
                <line number="102" hits="6" branch="False" />
                <line number="103" hits="6" branch="False" />
                <line number="106" hits="6" branch="False" />
              </lines>
            </method>
            <method name="SetFailedAsync" signature="(NexJob.JobId,System.Exception,System.Nullable`1&lt;System.DateTimeOffset&gt;,System.Threading.CancellationToken)" line-rate="0.9166" branch-rate="0.75" complexity="4">
              <lines>
                <line number="112" hits="6" branch="True" condition-coverage="50% (1/2)">
                  <conditions>
                    <condition number="20" type="jump" coverage="50%" />
                  </conditions>
                </line>
                <line number="113" hits="0" branch="False" />
                <line number="115" hits="6" branch="False" />
                <line number="117" hits="6" branch="False" />
                <line number="118" hits="6" branch="False" />
                <line number="120" hits="6" branch="True" condition-coverage="100% (2/2)">
                  <conditions>
                    <condition number="71" type="jump" coverage="100%" />
                  </conditions>
                </line>
                <line number="123" hits="2" branch="False" />
                <line number="124" hits="2" branch="False" />
                <line number="128" hits="4" branch="False" />
                <line number="129" hits="4" branch="False" />
                <line number="131" hits="4" branch="False" />
                <line number="133" hits="6" branch="False" />
              </lines>
            </method>
            <method name="UpdateHeartbeatAsync" signature="(NexJob.JobId,System.Threading.CancellationToken)" line-rate="1" branch-rate="1" complexity="2">
              <lines>
                <line number="139" hits="2" branch="True" condition-coverage="100% (2/2)">
                  <conditions>
                    <condition number="20" type="jump" coverage="100%" />
                  </conditions>
                </line>
                <line number="140" hits="2" branch="False" />
                <line number="142" hits="2" branch="False" />
              </lines>
            </method>
            <method name="UpsertRecurringJobAsync" signature="(NexJob.RecurringJobRecord,System.Threading.CancellationToken)" line-rate="1" branch-rate="1" complexity="1">
              <lines>
                <line number="148" hits="30" branch="False" />
                <line number="149" hits="30" branch="False" />
                <line number="150" hits="30" branch="False" />
                <line number="151" hits="27" branch="False" />
                <line number="152" hits="30" branch="False" />
                <line number="153" hits="30" branch="False" />
                <line number="154" hits="30" branch="False" />
                <line number="155" hits="30" branch="False" />
                <line number="156" hits="3" branch="False" />
                <line number="157" hits="3" branch="False" />
                <line number="158" hits="3" branch="False" />
                <line number="159" hits="3" branch="False" />
                <line number="160" hits="30" branch="False" />
                <line number="161" hits="30" branch="False" />
              </lines>
            </method>
            <method name="GetDueRecurringJobsAsync" signature="(System.DateTimeOffset,System.Threading.CancellationToken)" line-rate="1" branch-rate="1" complexity="2">
              <lines>
                <line number="167" hits="122" branch="False" />
                <line number="168" hits="81" branch="True" condition-coverage="100% (2/2)">
                  <conditions>
                    <condition number="14" type="jump" coverage="100%" />
                  </conditions>
                </line>
                <line number="169" hits="122" branch="False" />
                <line number="171" hits="122" branch="False" />
              </lines>
            </method>
            <method name="SetRecurringJobNextExecutionAsync" signature="(System.String,System.DateTimeOffset,System.Threading.CancellationToken)" line-rate="1" branch-rate="1" complexity="2">
              <lines>
                <line number="177" hits="12" branch="True" condition-coverage="100% (2/2)">
                  <conditions>
                    <condition number="14" type="jump" coverage="100%" />
                  </conditions>
                </line>
                <line number="179" hits="12" branch="False" />
                <line number="180" hits="12" branch="False" />
                <line number="183" hits="12" branch="False" />
              </lines>
            </method>
            <method name="SetRecurringJobLastExecutionResultAsync" signature="(System.String,NexJob.JobStatus,System.String,System.Threading.CancellationToken)" line-rate="1" branch-rate="1" complexity="2">
              <lines>
                <line number="189" hits="2" branch="True" condition-coverage="100% (2/2)">
                  <conditions>
                    <condition number="14" type="jump" coverage="100%" />
                  </conditions>
                </line>
                <line number="191" hits="2" branch="False" />
                <line number="192" hits="2" branch="False" />
                <line number="195" hits="2" branch="False" />
              </lines>
            </method>
            <method name="DeleteRecurringJobAsync" signature="(System.String,System.Threading.CancellationToken)" line-rate="1" branch-rate="1" complexity="1">
              <lines>
                <line number="201" hits="1" branch="False" />
                <line number="202" hits="1" branch="False" />
              </lines>
            </method>
            <method name="UpdateRecurringJobConfigAsync" signature="(System.String,System.String,System.Boolean,System.Threading.CancellationToken)" line-rate="1" branch-rate="1" complexity="2">
              <lines>
                <line number="210" hits="8" branch="True" condition-coverage="100% (2/2)">
                  <conditions>
                    <condition number="14" type="jump" coverage="100%" />
                  </conditions>
                </line>
                <line number="212" hits="8" branch="False" />
                <line number="213" hits="8" branch="False" />
                <line number="216" hits="8" branch="False" />
              </lines>
            </method>
            <method name="ForceDeleteRecurringJobAsync" signature="(System.String,System.Threading.CancellationToken)" line-rate="1" branch-rate="1" complexity="4">
              <lines>
                <line number="222" hits="6" branch="True" condition-coverage="100% (2/2)">
                  <conditions>
                    <condition number="32" type="jump" coverage="100%" />
                  </conditions>
                </line>
                <line number="224" hits="6" branch="False" />
                <line number="225" hits="6" branch="False" />
                <line number="228" hits="6" branch="False" />
                <line number="229" hits="2" branch="False" />
                <line number="230" hits="2" branch="False" />
                <line number="231" hits="6" branch="False" />
                <line number="233" hits="16" branch="True" condition-coverage="100% (2/2)">
                  <conditions>
                    <condition number="155" type="jump" coverage="100%" />
                  </conditions>
                </line>
                <line number="234" hits="2" branch="False" />
                <line number="236" hits="6" branch="False" />
              </lines>
            </method>
            <method name="RestoreRecurringJobAsync" signature="(System.String,System.Threading.CancellationToken)" line-rate="1" branch-rate="1" complexity="2">
              <lines>
                <line number="242" hits="1" branch="True" condition-coverage="100% (2/2)">
                  <conditions>
                    <condition number="14" type="jump" coverage="100%" />
                  </conditions>
                </line>
                <line number="244" hits="1" branch="False" />
                <line number="245" hits="1" branch="False" />
                <line number="248" hits="1" branch="False" />
              </lines>
            </method>
            <method name="GetRecurringJobsAsync" signature="(System.Threading.CancellationToken)" line-rate="1" branch-rate="1" complexity="1">
              <lines>
                <line number="254" hits="13" branch="False" />
                <line number="255" hits="13" branch="False" />
              </lines>
            </method>
            <method name="RequeueOrphanedJobsAsync" signature="(System.TimeSpan,System.Threading.CancellationToken)" line-rate="0.8665999999999999" branch-rate="0.8571" complexity="14">
              <lines>
                <line number="261" hits="69" branch="False" />
                <line number="263" hits="264" branch="True" condition-coverage="100% (2/2)">
                  <conditions>
                    <condition number="221" type="jump" coverage="100%" />
                  </conditions>
                </line>
                <line number="265" hits="63" branch="True" condition-coverage="100% (2/2)">
                  <conditions>
                    <condition number="48" type="jump" coverage="100%" />
                  </conditions>
                </line>
                <line number="268" hits="5" branch="True" condition-coverage="100% (4/4)">
                  <conditions>
                    <condition number="67" type="jump" coverage="100%" />
                    <condition number="89" type="jump" coverage="100%" />
                  </conditions>
                </line>
                <line number="271" hits="3" branch="False" />
                <line number="273" hits="3" branch="True" condition-coverage="50% (1/2)">
                  <conditions>
                    <condition number="113" type="jump" coverage="50%" />
                  </conditions>
                </line>
                <line number="274" hits="0" branch="False" />
                <line number="276" hits="3" branch="True" condition-coverage="75% (3/4)">
                  <conditions>
                    <condition number="131" type="jump" coverage="100%" />
                    <condition number="153" type="jump" coverage="50%" />
                  </conditions>
                </line>
                <line number="277" hits="0" branch="False" />
                <line number="279" hits="3" branch="False" />
                <line number="280" hits="3" branch="False" />
                <line number="281" hits="3" branch="False" />
                <line number="282" hits="3" branch="False" />
                <line number="283" hits="3" branch="False" />
                <line number="286" hits="69" branch="False" />
              </lines>
            </method>
            <method name="EnqueueContinuationsAsync" signature="(NexJob.JobId,System.Threading.CancellationToken)" line-rate="0.8887999999999999" branch-rate="0.75" complexity="12">
              <lines>
                <line number="292" hits="20" branch="True" condition-coverage="100% (2/2)">
                  <conditions>
                    <condition number="143" type="jump" coverage="100%" />
                  </conditions>
                </line>
                <line number="294" hits="6" branch="True" condition-coverage="75% (6/8)">
                  <conditions>
                    <condition number="33" type="jump" coverage="100%" />
                    <condition number="51" type="jump" coverage="50%" />
                    <condition number="63" type="jump" coverage="50%" />
                    <condition number="81" type="jump" coverage="100%" />
                  </conditions>
                </line>
                <line number="297" hits="2" branch="False" />
                <line number="299" hits="2" branch="True" condition-coverage="50% (1/2)">
                  <conditions>
                    <condition number="105" type="jump" coverage="50%" />
                  </conditions>
                </line>
                <line number="300" hits="0" branch="False" />
                <line number="302" hits="2" branch="False" />
                <line number="303" hits="2" branch="False" />
                <line number="304" hits="2" branch="False" />
                <line number="307" hits="4" branch="False" />
              </lines>
            </method>
            <method name="GetMetricsAsync" signature="(System.Threading.CancellationToken)" line-rate="1" branch-rate="1" complexity="2">
              <lines>
                <line number="315" hits="4" branch="False" />
                <line number="316" hits="4" branch="False" />
                <line number="317" hits="4" branch="False" />
                <line number="320" hits="4" branch="False" />
                <line number="321" hits="4" branch="True" condition-coverage="100% (2/2)">
                  <conditions>
                    <condition number="14" type="jump" coverage="100%" />
                  </conditions>
                </line>
                <line number="322" hits="3" branch="False" />
                <line number="323" hits="3" branch="False" />
                <line number="324" hits="3" branch="False" />
                <line number="325" hits="3" branch="False" />
                <line number="326" hits="3" branch="False" />
                <line number="327" hits="4" branch="False" />
                <line number="329" hits="4" branch="False" />
                <line number="330" hits="4" branch="False" />
                <line number="331" hits="2" branch="False" />
                <line number="332" hits="4" branch="False" />
                <line number="333" hits="4" branch="False" />
                <line number="335" hits="4" branch="False" />
                <line number="336" hits="4" branch="False" />
                <line number="337" hits="4" branch="False" />
                <line number="338" hits="4" branch="False" />
                <line number="339" hits="4" branch="False" />
                <line number="340" hits="4" branch="False" />
                <line number="341" hits="4" branch="False" />
                <line number="342" hits="4" branch="False" />
                <line number="343" hits="4" branch="False" />
                <line number="344" hits="4" branch="False" />
                <line number="345" hits="4" branch="False" />
                <line number="347" hits="4" branch="False" />
              </lines>
            </method>
            <method name="GetJobsAsync" signature="(NexJob.JobFilter,System.Int32,System.Int32,System.Threading.CancellationToken)" line-rate="0.7" branch-rate="0.375" complexity="8">
              <lines>
                <line number="354" hits="1" branch="False" />
                <line number="356" hits="1" branch="True" condition-coverage="50% (1/2)">
                  <conditions>
                    <condition number="50" type="jump" coverage="50%" />
                  </conditions>
                </line>
                <line number="357" hits="0" branch="False" />
                <line number="359" hits="1" branch="True" condition-coverage="50% (1/2)">
                  <conditions>
                    <condition number="87" type="jump" coverage="50%" />
                  </conditions>
                </line>
                <line number="360" hits="0" branch="False" />
                <line number="362" hits="1" branch="True" condition-coverage="50% (1/2)">
                  <conditions>
                    <condition number="124" type="jump" coverage="50%" />
                  </conditions>
                </line>
                <line number="364" hits="0" branch="False" />
                <line number="365" hits="0" branch="False" />
                <line number="366" hits="0" branch="True" condition-coverage="0% (0/2)">
                  <conditions>
                    <condition number="18" type="jump" coverage="0%" />
                  </conditions>
                </line>
                <line number="367" hits="0" branch="False" />
                <line number="370" hits="1" branch="False" />
                <line number="371" hits="1" branch="False" />
                <line number="372" hits="1" branch="False" />
                <line number="374" hits="1" branch="False" />
                <line number="375" hits="1" branch="False" />
                <line number="376" hits="1" branch="False" />
                <line number="377" hits="1" branch="False" />
                <line number="378" hits="1" branch="False" />
                <line number="379" hits="1" branch="False" />
                <line number="380" hits="1" branch="False" />
              </lines>
            </method>
            <method name="GetJobByIdAsync" signature="(NexJob.JobId,System.Threading.CancellationToken)" line-rate="0" branch-rate="1" complexity="1">
              <lines>
                <line number="386" hits="0" branch="False" />
                <line number="387" hits="0" branch="False" />
              </lines>
            </method>
            <method name="DeleteJobAsync" signature="(NexJob.JobId,System.Threading.CancellationToken)" line-rate="0" branch-rate="1" complexity="1">
              <lines>
                <line number="393" hits="0" branch="False" />
                <line number="394" hits="0" branch="False" />
              </lines>
            </method>
            <method name="RequeueJobAsync" signature="(NexJob.JobId,System.Threading.CancellationToken)" line-rate="0" branch-rate="0" complexity="2">
              <lines>
                <line number="400" hits="0" branch="True" condition-coverage="0% (0/2)">
                  <conditions>
                    <condition number="20" type="jump" coverage="0%" />
                  </conditions>
                </line>
                <line number="401" hits="0" branch="False" />
                <line number="403" hits="0" branch="False" />
                <line number="405" hits="0" branch="False" />
                <line number="406" hits="0" branch="False" />
                <line number="407" hits="0" branch="False" />
                <line number="408" hits="0" branch="False" />
                <line number="409" hits="0" branch="False" />
                <line number="410" hits="0" branch="False" />
                <line number="411" hits="0" branch="False" />
                <line number="412" hits="0" branch="False" />
                <line number="414" hits="0" branch="False" />
              </lines>
            </method>
            <method name="GetQueueMetricsAsync" signature="(System.Threading.CancellationToken)" line-rate="0" branch-rate="1" complexity="1">
              <lines>
                <line number="420" hits="0" branch="False" />
                <line number="421" hits="0" branch="False" />
                <line number="422" hits="0" branch="False" />
                <line number="423" hits="0" branch="False" />
                <line number="424" hits="0" branch="False" />
                <line number="425" hits="0" branch="False" />
                <line number="426" hits="0" branch="False" />
                <line number="427" hits="0" branch="False" />
                <line number="428" hits="0" branch="False" />
                <line number="429" hits="0" branch="False" />
                <line number="431" hits="0" branch="False" />
              </lines>
            </method>
            <method name="PriorityIndex" signature="(NexJob.JobPriority)" line-rate="0.875" branch-rate="0.8" complexity="5">
              <lines>
                <line number="436" hits="53" branch="True" condition-coverage="80% (4/5)">
                  <conditions>
                    <condition number="3" type="switch" coverage="80%" />
                  </conditions>
                </line>
                <line number="437" hits="53" branch="False" />
                <line number="438" hits="1" branch="False" />
                <line number="439" hits="2" branch="False" />
                <line number="440" hits="48" branch="False" />
                <line number="441" hits="2" branch="False" />
                <line number="442" hits="0" branch="False" />
                <line number="443" hits="53" branch="False" />
              </lines>
            </method>
            <method name="GetOrCreateQueueChannels" signature="(System.String)" line-rate="1" branch-rate="1" complexity="1">
              <lines>
                <line number="446" hits="125" branch="False" />
                <line number="447" hits="175" branch="False" />
                <line number="448" hits="175" branch="False" />
                <line number="449" hits="175" branch="False" />
                <line number="450" hits="175" branch="False" />
                <line number="451" hits="175" branch="False" />
                <line number="452" hits="175" branch="False" />
              </lines>
            </method>
            <method name="WriteToChannel" signature="(NexJob.JobRecord)" line-rate="1" branch-rate="1" complexity="1">
              <lines>
                <line number="456" hits="53" branch="False" />
                <line number="457" hits="53" branch="False" />
                <line number="458" hits="53" branch="False" />
              </lines>
            </method>
            <method name="PromoteDueScheduledJobs" signature="()" line-rate="0.8665999999999999" branch-rate="0.7777" complexity="18">
              <lines>
                <line number="462" hits="72" branch="False" />
                <line number="464" hits="310" branch="True" condition-coverage="100% (2/2)">
                  <conditions>
                    <condition number="213" type="jump" coverage="100%" />
                  </conditions>
                </line>
                <line number="466" hits="83" branch="True" condition-coverage="100% (2/2)">
                  <conditions>
                    <condition number="42" type="jump" coverage="100%" />
                  </conditions>
                </line>
                <line number="469" hits="7" branch="True" condition-coverage="100% (2/2)">
                  <conditions>
                    <condition number="62" type="jump" coverage="100%" />
                  </conditions>
                </line>
                <line number="470" hits="7" branch="True" condition-coverage="100% (4/4)">
                  <conditions>
                    <condition number="82" type="jump" coverage="100%" />
                    <condition number="97" type="jump" coverage="100%" />
                  </conditions>
                </line>
                <line number="473" hits="2" branch="False" />
                <line number="475" hits="2" branch="True" condition-coverage="50% (1/2)">
                  <conditions>
                    <condition number="121" type="jump" coverage="50%" />
                  </conditions>
                </line>
                <line number="476" hits="0" branch="False" />
                <line number="478" hits="2" branch="True" condition-coverage="50% (1/2)">
                  <conditions>
                    <condition number="140" type="jump" coverage="50%" />
                  </conditions>
                </line>
                <line number="479" hits="2" branch="True" condition-coverage="50% (2/4)">
                  <conditions>
                    <condition number="160" type="jump" coverage="50%" />
                    <condition number="175" type="jump" coverage="50%" />
                  </conditions>
                </line>
                <line number="480" hits="0" branch="False" />
                <line number="482" hits="2" branch="False" />
                <line number="483" hits="2" branch="False" />
                <line number="484" hits="2" branch="False" />
                <line number="486" hits="72" branch="False" />
              </lines>
            </method>
            <method name=".ctor" signature="()" line-rate="1" branch-rate="1" complexity="1">
              <lines>
                <line number="16" hits="63" branch="False" />
                <line number="17" hits="63" branch="False" />
                <line number="18" hits="63" branch="False" />
                <line number="22" hits="63" branch="False" />
                <line number="23" hits="63" branch="False" />
              </lines>
            </method>
          </methods>
          <lines>
            <line number="31" hits="59" branch="True" condition-coverage="100% (2/2)">
              <conditions>
                <condition number="6" type="jump" coverage="100%" />
              </conditions>
            </line>
            <line number="33" hits="14" branch="True" condition-coverage="100% (8/8)">
              <conditions>
                <condition number="27" type="jump" coverage="100%" />
                <condition number="48" type="jump" coverage="100%" />
                <condition number="59" type="jump" coverage="100%" />
                <condition number="73" type="jump" coverage="100%" />
              </conditions>
            </line>
            <line number="34" hits="14" branch="False" />
            <line number="35" hits="14" branch="False" />
            <line number="37" hits="3" branch="False" />
            <line number="41" hits="11" branch="False" />
            <line number="44" hits="56" branch="False" />
            <line number="46" hits="56" branch="True" condition-coverage="100% (2/2)">
              <conditions>
                <condition number="140" type="jump" coverage="100%" />
              </conditions>
            </line>
            <line number="47" hits="11" branch="False" />
            <line number="50" hits="56" branch="True" condition-coverage="100% (4/4)">
              <conditions>
                <condition number="180" type="jump" coverage="100%" />
                <condition number="197" type="jump" coverage="100%" />
              </conditions>
            </line>
            <line number="51" hits="46" branch="False" />
            <line number="53" hits="56" branch="False" />
            <line number="97" hits="6" branch="True" condition-coverage="100% (2/2)">
              <conditions>
                <condition number="20" type="jump" coverage="100%" />
              </conditions>
            </line>
            <line number="99" hits="6" branch="False" />
            <line number="101" hits="6" branch="False" />
            <line number="102" hits="6" branch="False" />
            <line number="103" hits="6" branch="False" />
            <line number="106" hits="6" branch="False" />
            <line number="112" hits="6" branch="True" condition-coverage="50% (1/2)">
              <conditions>
                <condition number="20" type="jump" coverage="50%" />
              </conditions>
            </line>
            <line number="113" hits="0" branch="False" />
            <line number="115" hits="6" branch="False" />
            <line number="117" hits="6" branch="False" />
            <line number="118" hits="6" branch="False" />
            <line number="120" hits="6" branch="True" condition-coverage="100% (2/2)">
              <conditions>
                <condition number="71" type="jump" coverage="100%" />
              </conditions>
            </line>
            <line number="123" hits="2" branch="False" />
            <line number="124" hits="2" branch="False" />
            <line number="128" hits="4" branch="False" />
            <line number="129" hits="4" branch="False" />
            <line number="131" hits="4" branch="False" />
            <line number="133" hits="6" branch="False" />
            <line number="139" hits="2" branch="True" condition-coverage="100% (2/2)">
              <conditions>
                <condition number="20" type="jump" coverage="100%" />
              </conditions>
            </line>
            <line number="140" hits="2" branch="False" />
            <line number="142" hits="2" branch="False" />
            <line number="148" hits="30" branch="False" />
            <line number="149" hits="30" branch="False" />
            <line number="150" hits="30" branch="False" />
            <line number="151" hits="27" branch="False" />
            <line number="152" hits="30" branch="False" />
            <line number="153" hits="30" branch="False" />
            <line number="154" hits="30" branch="False" />
            <line number="155" hits="30" branch="False" />
            <line number="156" hits="3" branch="False" />
            <line number="157" hits="3" branch="False" />
            <line number="158" hits="3" branch="False" />
            <line number="159" hits="3" branch="False" />
            <line number="160" hits="30" branch="False" />
            <line number="161" hits="30" branch="False" />
            <line number="167" hits="122" branch="False" />
            <line number="168" hits="81" branch="True" condition-coverage="100% (2/2)">
              <conditions>
                <condition number="14" type="jump" coverage="100%" />
              </conditions>
            </line>
            <line number="169" hits="122" branch="False" />
            <line number="171" hits="122" branch="False" />
            <line number="177" hits="12" branch="True" condition-coverage="100% (2/2)">
              <conditions>
                <condition number="14" type="jump" coverage="100%" />
              </conditions>
            </line>
            <line number="179" hits="12" branch="False" />
            <line number="180" hits="12" branch="False" />
            <line number="183" hits="12" branch="False" />
            <line number="189" hits="2" branch="True" condition-coverage="100% (2/2)">
              <conditions>
                <condition number="14" type="jump" coverage="100%" />
              </conditions>
            </line>
            <line number="191" hits="2" branch="False" />
            <line number="192" hits="2" branch="False" />
            <line number="195" hits="2" branch="False" />
            <line number="201" hits="1" branch="False" />
            <line number="202" hits="1" branch="False" />
            <line number="210" hits="8" branch="True" condition-coverage="100% (2/2)">
              <conditions>
                <condition number="14" type="jump" coverage="100%" />
              </conditions>
            </line>
            <line number="212" hits="8" branch="False" />
            <line number="213" hits="8" branch="False" />
            <line number="216" hits="8" branch="False" />
            <line number="222" hits="6" branch="True" condition-coverage="100% (2/2)">
              <conditions>
                <condition number="32" type="jump" coverage="100%" />
              </conditions>
            </line>
            <line number="224" hits="6" branch="False" />
            <line number="225" hits="6" branch="False" />
            <line number="228" hits="6" branch="False" />
            <line number="229" hits="2" branch="False" />
            <line number="230" hits="2" branch="False" />
            <line number="231" hits="6" branch="False" />
            <line number="233" hits="16" branch="True" condition-coverage="100% (2/2)">
              <conditions>
                <condition number="155" type="jump" coverage="100%" />
              </conditions>
            </line>
            <line number="234" hits="2" branch="False" />
            <line number="236" hits="6" branch="False" />
            <line number="242" hits="1" branch="True" condition-coverage="100% (2/2)">
              <conditions>
                <condition number="14" type="jump" coverage="100%" />
              </conditions>
            </line>
            <line number="244" hits="1" branch="False" />
            <line number="245" hits="1" branch="False" />
            <line number="248" hits="1" branch="False" />
            <line number="254" hits="13" branch="False" />
            <line number="255" hits="13" branch="False" />
            <line number="261" hits="69" branch="False" />
            <line number="263" hits="264" branch="True" condition-coverage="100% (2/2)">
              <conditions>
                <condition number="221" type="jump" coverage="100%" />
              </conditions>
            </line>
            <line number="265" hits="63" branch="True" condition-coverage="100% (2/2)">
              <conditions>
                <condition number="48" type="jump" coverage="100%" />
              </conditions>
            </line>
            <line number="268" hits="5" branch="True" condition-coverage="100% (4/4)">
              <conditions>
                <condition number="67" type="jump" coverage="100%" />
                <condition number="89" type="jump" coverage="100%" />
              </conditions>
            </line>
            <line number="271" hits="3" branch="False" />
            <line number="273" hits="3" branch="True" condition-coverage="50% (1/2)">
              <conditions>
                <condition number="113" type="jump" coverage="50%" />
              </conditions>
            </line>
            <line number="274" hits="0" branch="False" />
            <line number="276" hits="3" branch="True" condition-coverage="75% (3/4)">
              <conditions>
                <condition number="131" type="jump" coverage="100%" />
                <condition number="153" type="jump" coverage="50%" />
              </conditions>
            </line>
            <line number="277" hits="0" branch="False" />
            <line number="279" hits="3" branch="False" />
            <line number="280" hits="3" branch="False" />
            <line number="281" hits="3" branch="False" />
            <line number="282" hits="3" branch="False" />
            <line number="283" hits="3" branch="False" />
            <line number="286" hits="69" branch="False" />
            <line number="292" hits="20" branch="True" condition-coverage="100% (2/2)">
              <conditions>
                <condition number="143" type="jump" coverage="100%" />
              </conditions>
            </line>
            <line number="294" hits="6" branch="True" condition-coverage="75% (6/8)">
              <conditions>
                <condition number="33" type="jump" coverage="100%" />
                <condition number="51" type="jump" coverage="50%" />
                <condition number="63" type="jump" coverage="50%" />
                <condition number="81" type="jump" coverage="100%" />
              </conditions>
            </line>
            <line number="297" hits="2" branch="False" />
            <line number="299" hits="2" branch="True" condition-coverage="50% (1/2)">
              <conditions>
                <condition number="105" type="jump" coverage="50%" />
              </conditions>
            </line>
            <line number="300" hits="0" branch="False" />
            <line number="302" hits="2" branch="False" />
            <line number="303" hits="2" branch="False" />
            <line number="304" hits="2" branch="False" />
            <line number="307" hits="4" branch="False" />
            <line number="315" hits="4" branch="False" />
            <line number="316" hits="4" branch="False" />
            <line number="317" hits="4" branch="False" />
            <line number="320" hits="4" branch="False" />
            <line number="321" hits="4" branch="True" condition-coverage="100% (2/2)">
              <conditions>
                <condition number="14" type="jump" coverage="100%" />
              </conditions>
            </line>
            <line number="322" hits="3" branch="False" />
            <line number="323" hits="3" branch="False" />
            <line number="324" hits="3" branch="False" />
            <line number="325" hits="3" branch="False" />
            <line number="326" hits="3" branch="False" />
            <line number="327" hits="4" branch="False" />
            <line number="329" hits="4" branch="False" />
            <line number="330" hits="4" branch="False" />
            <line number="331" hits="2" branch="False" />
            <line number="332" hits="4" branch="False" />
            <line number="333" hits="4" branch="False" />
            <line number="335" hits="4" branch="False" />
            <line number="336" hits="4" branch="False" />
            <line number="337" hits="4" branch="False" />
            <line number="338" hits="4" branch="False" />
            <line number="339" hits="4" branch="False" />
            <line number="340" hits="4" branch="False" />
            <line number="341" hits="4" branch="False" />
            <line number="342" hits="4" branch="False" />
            <line number="343" hits="4" branch="False" />
            <line number="344" hits="4" branch="False" />
            <line number="345" hits="4" branch="False" />
            <line number="347" hits="4" branch="False" />
            <line number="354" hits="1" branch="False" />
            <line number="356" hits="1" branch="True" condition-coverage="50% (1/2)">
              <conditions>
                <condition number="50" type="jump" coverage="50%" />
              </conditions>
            </line>
            <line number="357" hits="0" branch="False" />
            <line number="359" hits="1" branch="True" condition-coverage="50% (1/2)">
              <conditions>
                <condition number="87" type="jump" coverage="50%" />
              </conditions>
            </line>
            <line number="360" hits="0" branch="False" />
            <line number="362" hits="1" branch="True" condition-coverage="50% (1/2)">
              <conditions>
                <condition number="124" type="jump" coverage="50%" />
              </conditions>
            </line>
            <line number="364" hits="0" branch="False" />
            <line number="365" hits="0" branch="False" />
            <line number="366" hits="0" branch="True" condition-coverage="0% (0/2)">
              <conditions>
                <condition number="18" type="jump" coverage="0%" />
              </conditions>
            </line>
            <line number="367" hits="0" branch="False" />
            <line number="370" hits="1" branch="False" />
            <line number="371" hits="1" branch="False" />
            <line number="372" hits="1" branch="False" />
            <line number="374" hits="1" branch="False" />
[...]
          <methods>
            <method name="MoveNext" signature="()" line-rate="0.7142000000000001" branch-rate="0.5" complexity="2">
              <lines>
                <line number="217" hits="6" branch="True" condition-coverage="50% (1/2)">
                  <conditions>
                    <condition number="256" type="jump" coverage="50%" />
                  </conditions>
                </line>
                <line number="219" hits="6" branch="False" />
                <line number="220" hits="0" branch="False" />
                <line number="222" hits="0" branch="False" />
                <line number="223" hits="6" branch="False" />
                <line number="226" hits="6" branch="False" />
                <line number="227" hits="6" branch="False" />
              </lines>
            </method>
          </methods>
          <lines>
            <line number="217" hits="6" branch="True" condition-coverage="50% (1/2)">
              <conditions>
                <condition number="256" type="jump" coverage="50%" />
              </conditions>
            </line>
            <line number="219" hits="6" branch="False" />
            <line number="220" hits="0" branch="False" />
            <line number="222" hits="0" branch="False" />
            <line number="223" hits="6" branch="False" />
            <line number="226" hits="6" branch="False" />
            <line number="227" hits="6" branch="False" />
          </lines>
        </class>
        <class name="NexJob.Internal.OrphanedJobWatcherService" filename="Internal/OrphanedJobWatcherService.cs" line-rate="1" branch-rate="1" complexity="1">
          <methods>
            <method name=".ctor" signature="(NexJob.Storage.IStorageProvider,NexJob.NexJobOptions,Microsoft.Extensions.Logging.ILogger`1&lt;NexJob.Internal.OrphanedJobWatcherService&gt;)" line-rate="1" branch-rate="1" complexity="1">
              <lines>
                <line number="21" hits="10" branch="False" />
                <line number="22" hits="10" branch="False" />
                <line number="23" hits="10" branch="False" />
                <line number="24" hits="10" branch="False" />
                <line number="26" hits="10" branch="False" />
                <line number="27" hits="10" branch="False" />
                <line number="28" hits="10" branch="False" />
                <line number="29" hits="10" branch="False" />
              </lines>
            </method>
          </methods>
          <lines>
            <line number="21" hits="10" branch="False" />
            <line number="22" hits="10" branch="False" />
            <line number="23" hits="10" branch="False" />
            <line number="24" hits="10" branch="False" />
            <line number="26" hits="10" branch="False" />
            <line number="27" hits="10" branch="False" />
            <line number="28" hits="10" branch="False" />
            <line number="29" hits="10" branch="False" />
          </lines>
        </class>
        <class name="NexJob.Internal.OrphanedJobWatcherService/&lt;ExecuteAsync&gt;d__4" filename="Internal/OrphanedJobWatcherService.cs" line-rate="0.7857" branch-rate="1" complexity="2">
          <methods>
            <method name="MoveNext" signature="()" line-rate="0.7857" branch-rate="1" complexity="2">
              <lines>
                <line number="34" hits="10" branch="False" />
                <line number="35" hits="10" branch="False" />
                <line number="36" hits="10" branch="False" />
                <line number="38" hits="67" branch="True" condition-coverage="100% (2/2)">
                  <conditions>
                    <condition number="365" type="jump" coverage="100%" />
                  </conditions>
                </line>
                <line number="42" hits="67" branch="False" />
                <line number="44" hits="67" branch="False" />
                <line number="45" hits="57" branch="False" />
                <line number="46" hits="10" branch="False" />
                <line number="48" hits="10" branch="False" />
                <line number="50" hits="0" branch="False" />
                <line number="52" hits="0" branch="False" />
                <line number="53" hits="0" branch="False" />
                <line number="56" hits="10" branch="False" />
                <line number="57" hits="10" branch="False" />
              </lines>
            </method>
          </methods>
          <lines>
            <line number="34" hits="10" branch="False" />
            <line number="35" hits="10" branch="False" />
            <line number="36" hits="10" branch="False" />
            <line number="38" hits="67" branch="True" condition-coverage="100% (2/2)">
              <conditions>
                <condition number="365" type="jump" coverage="100%" />
              </conditions>
            </line>
            <line number="42" hits="67" branch="False" />
            <line number="44" hits="67" branch="False" />
            <line number="45" hits="57" branch="False" />
            <line number="46" hits="10" branch="False" />
            <line number="48" hits="10" branch="False" />
            <line number="50" hits="0" branch="False" />
            <line number="52" hits="0" branch="False" />
            <line number="53" hits="0" branch="False" />
            <line number="56" hits="10" branch="False" />
            <line number="57" hits="10" branch="False" />
          </lines>
        </class>
        <class name="NexJob.Internal.RecurringJobSchedulerService" filename="Internal/RecurringJobSchedulerService.cs" line-rate="1" branch-rate="0.75" complexity="5">
          <methods>
            <method name="CalculateNextExecution" signature="(NexJob.RecurringJobRecord)" line-rate="1" branch-rate="0.75" complexity="4">
              <lines>
                <line number="61" hits="10" branch="True" condition-coverage="50% (1/2)">
                  <conditions>
                    <condition number="6" type="jump" coverage="50%" />
                  </conditions>
                </line>
                <line number="62" hits="10" branch="False" />
                <line number="63" hits="10" branch="False" />
                <line number="65" hits="10" branch="True" condition-coverage="100% (2/2)">
                  <conditions>
                    <condition number="34" type="jump" coverage="100%" />
                  </conditions>
                </line>
                <line number="66" hits="10" branch="False" />
                <line number="67" hits="10" branch="False" />
              </lines>
            </method>
            <method name=".ctor" signature="(NexJob.Storage.IStorageProvider,NexJob.NexJobOptions,Microsoft.Extensions.Logging.ILogger`1&lt;NexJob.Internal.RecurringJobSchedulerService&gt;)" line-rate="1" branch-rate="1" complexity="1">
              <lines>
                <line number="21" hits="16" branch="False" />
                <line number="22" hits="16" branch="False" />
                <line number="23" hits="16" branch="False" />
                <line number="24" hits="16" branch="False" />
                <line number="26" hits="16" branch="False" />
                <line number="27" hits="16" branch="False" />
                <line number="28" hits="16" branch="False" />
                <line number="29" hits="16" branch="False" />
              </lines>
            </method>
          </methods>
          <lines>
            <line number="61" hits="10" branch="True" condition-coverage="50% (1/2)">
              <conditions>
                <condition number="6" type="jump" coverage="50%" />
              </conditions>
            </line>
            <line number="62" hits="10" branch="False" />
            <line number="63" hits="10" branch="False" />
            <line number="65" hits="10" branch="True" condition-coverage="100% (2/2)">
              <conditions>
                <condition number="34" type="jump" coverage="100%" />
              </conditions>
            </line>
            <line number="66" hits="10" branch="False" />
            <line number="67" hits="10" branch="False" />
            <line number="21" hits="16" branch="False" />
            <line number="22" hits="16" branch="False" />
            <line number="23" hits="16" branch="False" />
            <line number="24" hits="16" branch="False" />
            <line number="26" hits="16" branch="False" />
            <line number="27" hits="16" branch="False" />
            <line number="28" hits="16" branch="False" />
            <line number="29" hits="16" branch="False" />
          </lines>
        </class>
        <class name="NexJob.Internal.RecurringJobSchedulerService/&lt;EnqueueDueJobsAsync&gt;d__6" filename="Internal/RecurringJobSchedulerService.cs" line-rate="0.9068999999999999" branch-rate="1" complexity="14">
          <methods>
            <method name="MoveNext" signature="()" line-rate="0.9068999999999999" branch-rate="1" complexity="14">
              <lines>
                <line number="72" hits="118" branch="True" condition-coverage="100% (2/2)">
                  <conditions>
                    <condition number="21" type="jump" coverage="100%" />
                  </conditions>
                </line>
                <line number="73" hits="118" branch="False" />
                <line number="75" hits="278" branch="True" condition-coverage="100% (4/4)">
                  <conditions>
                    <condition number="880" type="jump" coverage="100%" />
                    <condition number="153" type="jump" coverage="100%" />
                  </conditions>
                </line>
                <line number="77" hits="21" branch="True" condition-coverage="100% (2/2)">
                  <conditions>
                    <condition number="191" type="jump" coverage="100%" />
                  </conditions>
                </line>
                <line number="79" hits="6" branch="False" />
                <line number="80" hits="6" branch="False" />
                <line number="83" hits="15" branch="True" condition-coverage="100% (2/2)">
                  <conditions>
                    <condition number="245" type="jump" coverage="100%" />
                  </conditions>
                </line>
                <line number="85" hits="5" branch="False" />
                <line number="86" hits="5" branch="False" />
                <line number="91" hits="10" branch="True" condition-coverage="100% (2/2)">
                  <conditions>
                    <condition number="458" type="jump" coverage="100%" />
                  </conditions>
                </line>
                <line number="92" hits="10" branch="False" />
                <line number="93" hits="10" branch="False" />
                <line number="94" hits="10" branch="False" />
                <line number="95" hits="10" branch="False" />
                <line number="96" hits="10" branch="False" />
                <line number="97" hits="10" branch="False" />
                <line number="98" hits="10" branch="False" />
                <line number="99" hits="10" branch="False" />
                <line number="100" hits="10" branch="False" />
                <line number="101" hits="10" branch="False" />
                <line number="102" hits="10" branch="False" />
                <line number="103" hits="10" branch="False" />
                <line number="104" hits="10" branch="False" />
                <line number="105" hits="10" branch="False" />
                <line number="106" hits="10" branch="False" />
                <line number="107" hits="10" branch="False" />
                <line number="108" hits="10" branch="False" />
                <line number="109" hits="10" branch="False" />
                <line number="111" hits="10" branch="False" />
                <line number="113" hits="10" branch="False" />
                <line number="115" hits="10" branch="True" condition-coverage="100% (2/2)">
                  <conditions>
                    <condition number="627" type="jump" coverage="100%" />
                  </conditions>
                </line>
                <line number="117" hits="10" branch="False" />
                <line number="118" hits="10" branch="False" />
                <line number="121" hits="10" branch="False" />
                <line number="122" hits="10" branch="False" />
                <line number="123" hits="10" branch="False" />
                <line number="124" hits="10" branch="False" />
                <line number="125" hits="0" branch="False" />
                <line number="127" hits="0" branch="False" />
                <line number="128" hits="0" branch="False" />
                <line number="129" hits="0" branch="False" />
                <line number="130" hits="10" branch="False" />
                <line number="131" hits="118" branch="False" />
              </lines>
            </method>
          </methods>
          <lines>
            <line number="72" hits="118" branch="True" condition-coverage="100% (2/2)">
              <conditions>
                <condition number="21" type="jump" coverage="100%" />
              </conditions>
            </line>
            <line number="73" hits="118" branch="False" />
            <line number="75" hits="278" branch="True" condition-coverage="100% (4/4)">
              <conditions>
                <condition number="880" type="jump" coverage="100%" />
                <condition number="153" type="jump" coverage="100%" />
              </conditions>
            </line>
            <line number="77" hits="21" branch="True" condition-coverage="100% (2/2)">
              <conditions>
                <condition number="191" type="jump" coverage="100%" />
              </conditions>
            </line>
            <line number="79" hits="6" branch="False" />
            <line number="80" hits="6" branch="False" />
            <line number="83" hits="15" branch="True" condition-coverage="100% (2/2)">
              <conditions>
                <condition number="245" type="jump" coverage="100%" />
              </conditions>
            </line>
            <line number="85" hits="5" branch="False" />
            <line number="86" hits="5" branch="False" />
            <line number="91" hits="10" branch="True" condition-coverage="100% (2/2)">
              <conditions>
                <condition number="458" type="jump" coverage="100%" />
              </conditions>
            </line>
            <line number="92" hits="10" branch="False" />
            <line number="93" hits="10" branch="False" />
            <line number="94" hits="10" branch="False" />
            <line number="95" hits="10" branch="False" />
            <line number="96" hits="10" branch="False" />
            <line number="97" hits="10" branch="False" />
            <line number="98" hits="10" branch="False" />
            <line number="99" hits="10" branch="False" />
            <line number="100" hits="10" branch="False" />
            <line number="101" hits="10" branch="False" />
            <line number="102" hits="10" branch="False" />
            <line number="103" hits="10" branch="False" />
            <line number="104" hits="10" branch="False" />
            <line number="105" hits="10" branch="False" />
            <line number="106" hits="10" branch="False" />
            <line number="107" hits="10" branch="False" />
            <line number="108" hits="10" branch="False" />
            <line number="109" hits="10" branch="False" />
            <line number="111" hits="10" branch="False" />
            <line number="113" hits="10" branch="False" />
            <line number="115" hits="10" branch="True" condition-coverage="100% (2/2)">
              <conditions>
                <condition number="627" type="jump" coverage="100%" />
              </conditions>
            </line>
            <line number="117" hits="10" branch="False" />
            <line number="118" hits="10" branch="False" />
            <line number="121" hits="10" branch="False" />
            <line number="122" hits="10" branch="False" />
            <line number="123" hits="10" branch="False" />
            <line number="124" hits="10" branch="False" />
            <line number="125" hits="0" branch="False" />
            <line number="127" hits="0" branch="False" />
            <line number="128" hits="0" branch="False" />
            <line number="129" hits="0" branch="False" />
            <line number="130" hits="10" branch="False" />
            <line number="131" hits="118" branch="False" />
          </lines>
        </class>
        <class name="NexJob.Internal.RecurringJobSchedulerService/&lt;ExecuteAsync&gt;d__4" filename="Internal/RecurringJobSchedulerService.cs" line-rate="0.7692" branch-rate="1" complexity="2">
          <methods>
            <method name="MoveNext" signature="()" line-rate="0.7692" branch-rate="1" complexity="2">
              <lines>
                <line number="34" hits="16" branch="False" />
                <line number="35" hits="16" branch="False" />
                <line number="37" hits="118" branch="True" condition-coverage="100% (2/2)">
                  <conditions>
                    <condition number="349" type="jump" coverage="100%" />
                  </conditions>
                </line>
                <line number="41" hits="118" branch="False" />
                <line number="42" hits="118" branch="False" />
                <line number="43" hits="102" branch="False" />
                <line number="44" hits="16" branch="False" />
                <line number="46" hits="16" branch="False" />
                <line number="48" hits="0" branch="False" />
                <line number="50" hits="0" branch="False" />
                <line number="51" hits="0" branch="False" />
                <line number="54" hits="16" branch="False" />
                <line number="55" hits="16" branch="False" />
              </lines>
            </method>
          </methods>
          <lines>
            <line number="34" hits="16" branch="False" />
            <line number="35" hits="16" branch="False" />
            <line number="37" hits="118" branch="True" condition-coverage="100% (2/2)">
              <conditions>
                <condition number="349" type="jump" coverage="100%" />
              </conditions>
            </line>
            <line number="41" hits="118" branch="False" />
            <line number="42" hits="118" branch="False" />
            <line number="43" hits="102" branch="False" />
            <line number="44" hits="16" branch="False" />
            <line number="46" hits="16" branch="False" />
            <line number="48" hits="0" branch="False" />
            <line number="50" hits="0" branch="False" />
            <line number="51" hits="0" branch="False" />
            <line number="54" hits="16" branch="False" />
            <line number="55" hits="16" branch="False" />
          </lines>
        </class>
        <class name="NexJob.Internal.ThrottleRegistry" filename="Internal/ThrottleRegistry.cs" line-rate="1" branch-rate="1" complexity="2">
          <methods>
            <method name="GetOrCreate" signature="(System.String,System.Int32)" line-rate="1" branch-rate="1" complexity="1">
              <lines>
                <line number="21" hits="14" branch="False" />
              </lines>
            </method>
            <method name=".ctor" signature="()" line-rate="1" branch-rate="1" complexity="1">
              <lines>
                <line number="11" hits="11" branch="False" />
              </lines>
            </method>
          </methods>
          <lines>
            <line number="21" hits="14" branch="False" />
            <line number="11" hits="11" branch="False" />
          </lines>
        </class>
      </classes>
    </package>
  </packages>
</coverage>